#
# A fatal error has been detected by the Java Runtime Environment:
#
#  SIGSEGV (0xb) at pc=0x0000000103b50dd0, pid=45965, tid=19715
#
# JRE version: Java(TM) SE Runtime Environment (8.0_11-b12) (build 1.8.0_11-b12)
# Java VM: Java HotSpot(TM) 64-Bit Server VM (25.11-b03 mixed mode bsd-amd64 compressed oops)
# Problematic frame:
# V  [libjvm.dylib+0xd0dd0]
#
# Failed to write core dump. Core dumps have been disabled. To enable core dumping, try "ulimit -c unlimited" before starting Java again
#
# If you would like to submit a bug report, please visit:
#   http://bugreport.sun.com/bugreport/crash.jsp
#

---------------  T H R E A D  ---------------

Current thread (0x00007f91960ce800):  JavaThread "C2 CompilerThread2" daemon [_thread_in_native, id=19715, stack(0x000000011b9fc000,0x000000011bafc000)]

siginfo:si_signo=SIGSEGV: si_errno=0, si_code=1 (SEGV_MAPERR), si_addr=0x0000000000000000

Registers:
RAX=0x00007f9199ebbcd8, RBX=0x00007f9198813f38, RCX=0x0000000000000000, RDX=0x0000000000000008
RSP=0x000000011baf8870, RBP=0x000000011baf88e0, RSI=0x000000000000001c, RDI=0x0000000000000000
R8 =0x00007f9199a2fe40, R9 =0x00007f91966f5328, R10=0x0000000000000061, R11=0x00000000000008d0
R12=0x0000000000000000, R13=0x0000000000000013, R14=0x00007f9198813f38, R15=0x00000000000000c0
RIP=0x0000000103b50dd0, EFLAGS=0x0000000000010206, ERR=0x0000000000000004
  TRAPNO=0x000000000000000e

Top of Stack: (sp=0x000000011baf8870)
0x000000011baf8870:   000000011baf88e0 00000000000000da
0x000000011baf8880:   00007f9199a2fe40 00007f91963bf870
0x000000011baf8890:   00007f9199ebc3b0 0000001c00000008
0x000000011baf88a0:   000000011baf9550 00007f9199ebc3e0
0x000000011baf88b0:   00000000000000b8 00007f9199ebc3b0
0x000000011baf88c0:   0000000000000012 0000000000000013
0x000000011baf88d0:   00007f9198813f38 00007f9199ebffff
0x000000011baf88e0:   000000011baf8940 0000000103b50aed
0x000000011baf88f0:   000000011baf8940 000000da1bafafd0
0x000000011baf8900:   00007f9199a2b830 0000000a99ebbcd0
0x000000011baf8910:   000000011baf9550 00007f91966f5aa8
0x000000011baf8920:   00007f9199ebc3b0 0000000000000004
0x000000011baf8930:   00007f9199eb8e50 00007f9199ebbae0
0x000000011baf8940:   000000011baf8a40 0000000103b51a1b
0x000000011baf8950:   0000000001214240 0000000000000007
0x000000011baf8960:   0000000000000007 00007f9199a2da84
0x000000011baf8970:   00000000000000da 000000000000001c
0x000000011baf8980:   00007f9199a2da84 00007f919362bcf0
0x000000011baf8990:   000000011bafafd0 0000000000000007
0x000000011baf89a0:   00007f9199a2da84 0000000000000007
0x000000011baf89b0:   ffffffffffffffff 000000011baf9680
0x000000011baf89c0:   00007f91966f5328 00007f9199a2b830
0x000000011baf89d0:   00000000000006d0 00000000000001b4
0x000000011baf89e0:   0000000000000000 0000000100000080
0x000000011baf89f0:   00007f919362bcf0 00007f9199a2de80
0x000000011baf8a00:   00007f9100000004 0000000000000014
0x000000011baf8a10:   0000000000000000 000000011bafafd0
0x000000011baf8a20:   000000011baf9680 00000000000009dc
0x000000011baf8a30:   00007f9199a28410 000000011bafb798
0x000000011baf8a40:   000000011baf8a90 0000000103ecc3d8
0x000000011baf8a50:   00007f9198813380 00007f91966efd18
0x000000011baf8a60:   000000011bafb140 000000011bafafd0 

Instructions: (pc=0x0000000103b50dd0)
0x0000000103b50db0:   00 00 44 89 ff 8b 75 bc 8b 55 b8 e8 fa 0c 00 00
0x0000000103b50dc0:   48 89 45 d0 48 8b 45 b0 48 8b 40 08 4e 8b 24 f8
0x0000000103b50dd0:   49 8b 04 24 4c 89 e7 ff 50 28 48 63 48 10 48 89
0x0000000103b50de0:   ca 48 c1 e2 05 48 8d 35 94 8f 6f 00 80 7c 16 10 

Register to memory mapping:

RAX=0x00007f9199ebbcd8 is an unknown value
RBX=0x00007f9198813f38 is an unknown value
RCX=0x0000000000000000 is an unknown value
RDX=0x0000000000000008 is an unknown value
RSP=0x000000011baf8870 is pointing into the stack for thread: 0x00007f91960ce800
RBP=0x000000011baf88e0 is pointing into the stack for thread: 0x00007f91960ce800
RSI=0x000000000000001c is an unknown value
RDI=0x0000000000000000 is an unknown value
R8 =0x00007f9199a2fe40 is an unknown value
R9 =0x00007f91966f5328 is an unknown value
R10=0x0000000000000061 is an unknown value
R11=0x00000000000008d0 is an unknown value
R12=0x0000000000000000 is an unknown value
R13=0x0000000000000013 is an unknown value
R14=0x00007f9198813f38 is an unknown value
R15=0x00000000000000c0 is an unknown value


Stack: [0x000000011b9fc000,0x000000011bafc000],  sp=0x000000011baf8870,  free space=1010k
Native frames: (J=compiled Java code, j=interpreted, Vv=VM code, C=native code)
V  [libjvm.dylib+0xd0dd0]
V  [libjvm.dylib+0xd0aed]
V  [libjvm.dylib+0xd1a1b]
V  [libjvm.dylib+0x44c3d8]
V  [libjvm.dylib+0x19db98]
V  [libjvm.dylib+0x1a15d3]
V  [libjvm.dylib+0x144992]
V  [libjvm.dylib+0x1a4e7a]
V  [libjvm.dylib+0x1a6f89]
V  [libjvm.dylib+0x51d86d]
V  [libjvm.dylib+0x51efaa]
V  [libjvm.dylib+0x446026]
C  [libsystem_pthread.dylib+0x32fc]  _pthread_body+0x83
C  [libsystem_pthread.dylib+0x3279]  _pthread_body+0x0
C  [libsystem_pthread.dylib+0x14b1]  thread_start+0xd


Current CompileTask:
C2:  12487 5460       4       groovy.lang.MetaClassImpl::findPropertyMethod (356 bytes)


---------------  P R O C E S S  ---------------

Java Threads: ( => current thread )
  0x00007f91961a6000 JavaThread "net.sf.ehcache.CacheManager@50d17c0b" daemon [_thread_blocked, id=14855, stack(0x000000011db08000,0x000000011dc08000)]
  0x00007f9199008000 JavaThread "PoolCleaner[2001321875:1427251558162]" daemon [_thread_blocked, id=14347, stack(0x000000011de2c000,0x000000011df2c000)]
  0x00007f91974b9800 JavaThread "FileSystemWatcher: files=#97 cl=groovy.lang.GroovyClassLoader@7749bf93" daemon [_thread_blocked, id=24835, stack(0x000000011dca8000,0x000000011dda8000)]
  0x00007f91990fe800 JavaThread "localhost-startStop-1" daemon [_thread_in_vm, id=24323, stack(0x000000011d95e000,0x000000011da5e000)]
  0x00007f919980f000 JavaThread "Tomcat-startStop-1" daemon [_thread_blocked, id=23811, stack(0x000000011d85b000,0x000000011d95b000)]
  0x00007f919917f000 JavaThread "Thread-3" [_thread_in_native, id=23299, stack(0x000000011d096000,0x000000011d196000)]
  0x00007f9193964800 JavaThread "Thread-2" [_thread_blocked, id=22787, stack(0x000000011e0d5000,0x000000011e1d5000)]
  0x00007f91961d1000 JavaThread "NonBlockingInputStreamThread" daemon [_thread_blocked, id=22275, stack(0x000000011c43a000,0x000000011c53a000)]
  0x00007f91970b6000 JavaThread "process reaper" daemon [_thread_blocked, id=21763, stack(0x000000011bfd8000,0x000000011c000000)]
  0x00007f919705a800 JavaThread "Service Thread" daemon [_thread_blocked, id=20739, stack(0x000000011bc02000,0x000000011bd02000)]
  0x00007f91960cf800 JavaThread "C1 CompilerThread3" daemon [_thread_blocked, id=20227, stack(0x000000011baff000,0x000000011bbff000)]
=>0x00007f91960ce800 JavaThread "C2 CompilerThread2" daemon [_thread_in_native, id=19715, stack(0x000000011b9fc000,0x000000011bafc000)]
  0x00007f91960ce000 JavaThread "C2 CompilerThread1" daemon [_thread_in_native, id=19203, stack(0x000000011b8f9000,0x000000011b9f9000)]
  0x00007f9193878800 JavaThread "C2 CompilerThread0" daemon [_thread_in_native, id=18691, stack(0x000000011b7f6000,0x000000011b8f6000)]
  0x00007f9196054800 JavaThread "Signal Dispatcher" daemon [_thread_blocked, id=15379, stack(0x000000011b568000,0x000000011b668000)]
  0x00007f9197005000 JavaThread "Finalizer" daemon [_thread_blocked, id=13571, stack(0x0000000119c1e000,0x0000000119d1e000)]
  0x00007f9197004000 JavaThread "Reference Handler" daemon [_thread_blocked, id=13059, stack(0x0000000119b1b000,0x0000000119c1b000)]
  0x00007f9195806800 JavaThread "main" [_thread_blocked, id=4867, stack(0x0000000105a01000,0x0000000105b01000)]

Other Threads:
  0x00007f9193810000 VMThread [stack: 0x0000000119a18000,0x0000000119b18000] [id=12547]
  0x00007f9196121800 WatcherThread [stack: 0x000000011bd05000,0x000000011be05000] [id=21251]

VM state:not at safepoint (normal execution)

VM Mutex/Monitor currently owned by a thread: None

Heap:
 PSYoungGen      total 222208K, used 180641K [0x00000007b0000000, 0x00000007c0000000, 0x00000007c0000000)
  eden space 200704K, 82% used [0x00000007b0000000,0x00000007ba189c28,0x00000007bc400000)
  from space 21504K, 70% used [0x00000007beb00000,0x00000007bf9deb20,0x00000007c0000000)
  to   space 30720K, 0% used [0x00000007bc400000,0x00000007bc400000,0x00000007be200000)
 ParOldGen       total 91648K, used 74184K [0x0000000790000000, 0x0000000795980000, 0x00000007b0000000)
  object space 91648K, 80% used [0x0000000790000000,0x00000007948723d8,0x0000000795980000)
 Metaspace       used 57632K, capacity 59368K, committed 59648K, reserved 1101824K
  class space    used 6613K, capacity 7126K, committed 7168K, reserved 1048576K

Card table byte_map: [0x0000000114ecc000,0x000000011504d000] byte_map_base: 0x000000011124c000

Marking Bits: (ParMarkBitMap*) 0x00000001042e70a0
 Begin Bits: [0x0000000115965000, 0x0000000116565000)
 End Bits:   [0x0000000116565000, 0x0000000117165000)

Polling page: 0x000000010499a000

CodeCache: size=245760Kb used=18512Kb max_used=18512Kb free=227247Kb
 bounds [0x0000000105b0c000, 0x0000000106d3c000, 0x0000000114b0c000]
 total_blobs=5650 nmethods=4910 adapters=652
 compilation: enabled

Compilation events (10 events):
Event: 12.465 Thread 0x00007f91960cf800 5596       2       org.codehaus.groovy.runtime.typehandling.DefaultTypeTransformation::asArray (92 bytes)
Event: 12.466 Thread 0x00007f91960cf800 nmethod 5596 0x0000000106d19690 code [0x0000000106d19880, 0x0000000106d19bf8]
Event: 12.473 Thread 0x00007f91960cf800 5597       2       org.codehaus.groovy.grails.commons.GrailsArrayUtils::add (139 bytes)
Event: 12.473 Thread 0x00007f91960cf800 nmethod 5597 0x0000000106d18910 code [0x0000000106d18b00, 0x0000000106d19088]
Event: 12.474 Thread 0x00007f91960cf800 5599       2       org.codehaus.groovy.grails.web.converters.ConverterUtil::invokeOriginalAsTypeMethod (212 bytes)
Event: 12.474 Thread 0x00007f91960cf800 nmethod 5599 0x0000000106d17910 code [0x0000000106d17ba0, 0x0000000106d184c8]
Event: 12.474 Thread 0x00007f91960cf800 5598       1       groovy.lang.ExpandoMetaClass::getMetaClass (5 bytes)
Event: 12.474 Thread 0x00007f91960cf800 nmethod 5598 0x0000000106cf3bd0 code [0x0000000106cf3d20, 0x0000000106cf3e30]
Event: 12.476 Thread 0x00007f91960cf800 5601       2       org.codehaus.groovy.runtime.MetaClassHelper::chooseEmptyMethodParams (82 bytes)
Event: 12.476 Thread 0x00007f91960cf800 nmethod 5601 0x0000000106cf5ad0 code [0x0000000106cf5c60, 0x0000000106cf5f38]

GC Heap History (10 events):
Event: 9.538 GC heap before
{Heap before GC invocations=64 (full 5):
 PSYoungGen      total 231424K, used 214718K [0x00000007b0000000, 0x00000007bf880000, 0x00000007c0000000)
  eden space 211456K, 100% used [0x00000007b0000000,0x00000007bce80000,0x00000007bce80000)
  from space 19968K, 16% used [0x00000007be500000,0x00000007be82fab8,0x00000007bf880000)
  to   space 21504K, 0% used [0x00000007bce80000,0x00000007bce80000,0x00000007be380000)
 ParOldGen       total 74240K, used 60520K [0x0000000790000000, 0x0000000794880000, 0x00000007b0000000)
  object space 74240K, 81% used [0x0000000790000000,0x0000000793b1a2b0,0x0000000794880000)
 Metaspace       used 51842K, capacity 53374K, committed 53504K, reserved 1095680K
  class space    used 5861K, capacity 6330K, committed 6400K, reserved 1048576K
Event: 9.547 GC heap after
Heap after GC invocations=64 (full 5):
 PSYoungGen      total 232960K, used 6689K [0x00000007b0000000, 0x00000007bfe80000, 0x00000007c0000000)
  eden space 211456K, 0% used [0x00000007b0000000,0x00000007b0000000,0x00000007bce80000)
  from space 21504K, 31% used [0x00000007bce80000,0x00000007bd5086a8,0x00000007be380000)
  to   space 19968K, 0% used [0x00000007beb00000,0x00000007beb00000,0x00000007bfe80000)
 ParOldGen       total 74240K, used 60528K [0x0000000790000000, 0x0000000794880000, 0x00000007b0000000)
  object space 74240K, 81% used [0x0000000790000000,0x0000000793b1c2b0,0x0000000794880000)
 Metaspace       used 51842K, capacity 53374K, committed 53504K, reserved 1095680K
  class space    used 5861K, capacity 6330K, committed 6400K, reserved 1048576K
}
Event: 10.123 GC heap before
{Heap before GC invocations=65 (full 5):
 PSYoungGen      total 232960K, used 218145K [0x00000007b0000000, 0x00000007bfe80000, 0x00000007c0000000)
  eden space 211456K, 100% used [0x00000007b0000000,0x00000007bce80000,0x00000007bce80000)
  from space 21504K, 31% used [0x00000007bce80000,0x00000007bd5086a8,0x00000007be380000)
  to   space 19968K, 0% used [0x00000007beb00000,0x00000007beb00000,0x00000007bfe80000)
 ParOldGen       total 74240K, used 60528K [0x0000000790000000, 0x0000000794880000, 0x00000007b0000000)
  object space 74240K, 81% used [0x0000000790000000,0x0000000793b1c2b0,0x0000000794880000)
 Metaspace       used 52966K, capacity 54444K, committed 54656K, reserved 1097728K
  class space    used 5992K, capacity 6440K, committed 6528K, reserved 1048576K
Event: 10.136 GC heap after
Heap after GC invocations=65 (full 5):
 PSYoungGen      total 239616K, used 12946K [0x00000007b0000000, 0x00000007c0000000, 0x00000007c0000000)
  eden space 219648K, 0% used [0x00000007b0000000,0x00000007b0000000,0x00000007bd680000)
  from space 19968K, 64% used [0x00000007beb00000,0x00000007bf7a4b38,0x00000007bfe80000)
  to   space 20992K, 0% used [0x00000007bd680000,0x00000007bd680000,0x00000007beb00000)
 ParOldGen       total 74240K, used 60536K [0x0000000790000000, 0x0000000794880000, 0x00000007b0000000)
  object space 74240K, 81% used [0x0000000790000000,0x0000000793b1e2b0,0x0000000794880000)
 Metaspace       used 52966K, capacity 54444K, committed 54656K, reserved 1097728K
  class space    used 5992K, capacity 6440K, committed 6528K, reserved 1048576K
}
Event: 10.819 GC heap before
{Heap before GC invocations=66 (full 5):
 PSYoungGen      total 239616K, used 227818K [0x00000007b0000000, 0x00000007c0000000, 0x00000007c0000000)
  eden space 219648K, 97% used [0x00000007b0000000,0x00000007bd1d5ee8,0x00000007bd680000)
  from space 19968K, 64% used [0x00000007beb00000,0x00000007bf7a4b38,0x00000007bfe80000)
  to   space 20992K, 0% used [0x00000007bd680000,0x00000007bd680000,0x00000007beb00000)
 ParOldGen       total 74240K, used 60536K [0x0000000790000000, 0x0000000794880000, 0x00000007b0000000)
  object space 74240K, 81% used [0x0000000790000000,0x0000000793b1e2b0,0x0000000794880000)
 Metaspace       used 54576K, capacity 56204K, committed 56320K, reserved 1099776K
  class space    used 6144K, capacity 6641K, committed 6656K, reserved 1048576K
Event: 10.836 GC heap after
Heap after GC invocations=66 (full 5):
 PSYoungGen      total 240640K, used 20960K [0x00000007b0000000, 0x00000007c0000000, 0x00000007c0000000)
  eden space 219648K, 0% used [0x00000007b0000000,0x00000007b0000000,0x00000007bd680000)
  from space 20992K, 99% used [0x00000007bd680000,0x00000007beaf8310,0x00000007beb00000)
  to   space 21504K, 0% used [0x00000007beb00000,0x00000007beb00000,0x00000007c0000000)
 ParOldGen       total 74240K, used 62264K [0x0000000790000000, 0x0000000794880000, 0x00000007b0000000)
  object space 74240K, 83% used [0x0000000790000000,0x0000000793cce300,0x0000000794880000)
 Metaspace       used 54576K, capacity 56204K, committed 56320K, reserved 1099776K
  class space    used 6144K, capacity 6641K, committed 6656K, reserved 1048576K
}
Event: 11.271 GC heap before
{Heap before GC invocations=67 (full 5):
 PSYoungGen      total 240640K, used 240608K [0x00000007b0000000, 0x00000007c0000000, 0x00000007c0000000)
  eden space 219648K, 100% used [0x00000007b0000000,0x00000007bd680000,0x00000007bd680000)
  from space 20992K, 99% used [0x00000007bd680000,0x00000007beaf8310,0x00000007beb00000)
  to   space 21504K, 0% used [0x00000007beb00000,0x00000007beb00000,0x00000007c0000000)
 ParOldGen       total 74240K, used 62264K [0x0000000790000000, 0x0000000794880000, 0x00000007b0000000)
  object space 74240K, 83% used [0x0000000790000000,0x0000000793cce300,0x0000000794880000)
 Metaspace       used 56495K, capacity 58028K, committed 58240K, reserved 1099776K
  class space    used 6451K, capacity 6929K, committed 7040K, reserved 1048576K
Event: 11.289 GC heap after
Heap after GC invocations=67 (full 5):
 PSYoungGen      total 222208K, used 21495K [0x00000007b0000000, 0x00000007c0000000, 0x00000007c0000000)
  eden space 200704K, 0% used [0x00000007b0000000,0x00000007b0000000,0x00000007bc400000)
  from space 21504K, 99% used [0x00000007beb00000,0x00000007bfffdc30,0x00000007c0000000)
  to   space 30720K, 0% used [0x00000007bc400000,0x00000007bc400000,0x00000007be200000)
 ParOldGen       total 74240K, used 70071K [0x0000000790000000, 0x0000000794880000, 0x00000007b0000000)
  object space 74240K, 94% used [0x0000000790000000,0x000000079446de88,0x0000000794880000)
 Metaspace       used 56495K, capacity 58028K, committed 58240K, reserved 1099776K
  class space    used 6451K, capacity 6929K, committed 7040K, reserved 1048576K
}
Event: 11.289 GC heap before
{Heap before GC invocations=68 (full 6):
 PSYoungGen      total 222208K, used 21495K [0x00000007b0000000, 0x00000007c0000000, 0x00000007c0000000)
  eden space 200704K, 0% used [0x00000007b0000000,0x00000007b0000000,0x00000007bc400000)
  from space 21504K, 99% used [0x00000007beb00000,0x00000007bfffdc30,0x00000007c0000000)
  to   space 30720K, 0% used [0x00000007bc400000,0x00000007bc400000,0x00000007be200000)
 ParOldGen       total 74240K, used 70071K [0x0000000790000000, 0x0000000794880000, 0x00000007b0000000)
  object space 74240K, 94% used [0x0000000790000000,0x000000079446de88,0x0000000794880000)
 Metaspace       used 56495K, capacity 58028K, committed 58240K, reserved 1099776K
  class space    used 6451K, capacity 6929K, committed 7040K, reserved 1048576K
Event: 12.063 GC heap after
Heap after GC invocations=68 (full 6):
 PSYoungGen      total 222208K, used 15226K [0x00000007b0000000, 0x00000007c0000000, 0x00000007c0000000)
  eden space 200704K, 0% used [0x00000007b0000000,0x00000007b0000000,0x00000007bc400000)
  from space 21504K, 70% used [0x00000007beb00000,0x00000007bf9deb20,0x00000007c0000000)
  to   space 30720K, 0% used [0x00000007bc400000,0x00000007bc400000,0x00000007be200000)
 ParOldGen       total 91648K, used 74184K [0x0000000790000000, 0x0000000795980000, 0x00000007b0000000)
  object space 91648K, 80% used [0x0000000790000000,0x00000007948723d8,0x0000000795980000)
 Metaspace       used 56495K, capacity 58028K, committed 58240K, reserved 1099776K
  class space    used 6451K, capacity 6929K, committed 7040K, reserved 1048576K
}

Deoptimization events (10 events):
Event: 9.846 Thread 0x00007f91990fe800 Uncommon trap: reason=unreached action=reinterpret pc=0x000000010611a9f4 method=org.codehaus.groovy.runtime.metaclass.MetaMethodIndex.isNonRealMethod(Lgroovy/lang/MetaMethod;)Z @ 4
Event: 9.902 Thread 0x00007f91990fe800 Uncommon trap: reason=bimorphic action=maybe_recompile pc=0x00000001063ec91c method=groovy.lang.MetaClassImpl$1MOPIter.methodNameAction(Ljava/lang/Class;Lorg/codehaus/groovy/runtime/metaclass/MetaMethodIndex$Entry;)V @ 62
Event: 9.902 Thread 0x00007f91990fe800 Uncommon trap: reason=bimorphic action=maybe_recompile pc=0x00000001063ec91c method=groovy.lang.MetaClassImpl$1MOPIter.methodNameAction(Ljava/lang/Class;Lorg/codehaus/groovy/runtime/metaclass/MetaMethodIndex$Entry;)V @ 62
Event: 9.902 Thread 0x00007f91990fe800 Uncommon trap: reason=bimorphic action=maybe_recompile pc=0x00000001063ec91c method=groovy.lang.MetaClassImpl$1MOPIter.methodNameAction(Ljava/lang/Class;Lorg/codehaus/groovy/runtime/metaclass/MetaMethodIndex$Entry;)V @ 62
Event: 10.564 Thread 0x00007f91990fe800 Uncommon trap: reason=unreached action=reinterpret pc=0x0000000105f7e0c4 method=org.codehaus.groovy.runtime.metaclass.MetaMethodIndex.getMethods(Ljava/lang/Class;Ljava/lang/String;)Lorg/codehaus/groovy/runtime/metaclass/MetaMethodIndex$Entry; @ 61
Event: 10.674 Thread 0x00007f91990fe800 Uncommon trap: reason=unloaded action=reinterpret pc=0x0000000106b00b3c method=org.springframework.core.BridgeMethodResolver.findBridgedMethod(Ljava/lang/reflect/Method;)Ljava/lang/reflect/Method; @ 13
Event: 12.177 Thread 0x00007f91990fe800 Uncommon trap: reason=unreached action=reinterpret pc=0x0000000106614880 method=java.lang.ThreadLocal$ThreadLocalMap.getEntry(Ljava/lang/ThreadLocal;)Ljava/lang/ThreadLocal$ThreadLocalMap$Entry; @ 29
Event: 12.196 Thread 0x00007f91990fe800 Uncommon trap: reason=unreached action=reinterpret pc=0x0000000106bdd038 method=org.springframework.beans.factory.support.AbstractAutowireCapableBeanFactory.predictBeanType(Ljava/lang/String;Lorg/springframework/beans/factory/support/RootBeanDefinition;[L
Event: 12.196 Thread 0x00007f91990fe800 Uncommon trap: reason=unreached action=reinterpret pc=0x000000010665f2b8 method=java.lang.ThreadLocal$ThreadLocalMap.getEntry(Ljava/lang/ThreadLocal;)Ljava/lang/ThreadLocal$ThreadLocalMap$Entry; @ 29
Event: 12.470 Thread 0x00007f91990fe800 Uncommon trap: reason=array_check action=maybe_recompile pc=0x0000000106cefcb0 method=java.util.ComparableTimSort.binarySort([Ljava/lang/Object;III)V @ 193

Internal exceptions (10 events):
Event: 12.471 Thread 0x00007f91990fe800 Exception <a 'java/security/PrivilegedActionException'> (0x00000007ba01f878) thrown at [/HUDSON3/workspace/8-2-build-macosx-x86_64/jdk8u11/648/hotspot/src/share/vm/prims/jvm.cpp, line 1248]
Event: 12.471 Thread 0x00007f91990fe800 Exception <a 'java/lang/ClassNotFoundException': org/codehaus/groovy/grails/web/util/TagLibraryMetaUtils$_registerPropertyMissingForTag_closure6BeanInfo> (0x00000007ba0207f8) thrown at [/HUDSON3/workspace/8-2-build-macosx-x86_64/jdk8u11/648/hotspot/src/sh
Event: 12.471 Thread 0x00007f91990fe800 Exception <a 'java/security/PrivilegedActionException'> (0x00000007ba022180) thrown at [/HUDSON3/workspace/8-2-build-macosx-x86_64/jdk8u11/648/hotspot/src/share/vm/prims/jvm.cpp, line 1248]
Event: 12.471 Thread 0x00007f91990fe800 Exception <a 'java/security/PrivilegedActionException'> (0x00000007ba028270) thrown at [/HUDSON3/workspace/8-2-build-macosx-x86_64/jdk8u11/648/hotspot/src/share/vm/prims/jvm.cpp, line 1248]
Event: 12.472 Thread 0x00007f91990fe800 Exception <a 'java/security/PrivilegedActionException'> (0x00000007ba03f418) thrown at [/HUDSON3/workspace/8-2-build-macosx-x86_64/jdk8u11/648/hotspot/src/share/vm/prims/jvm.cpp, line 1248]
Event: 12.472 Thread 0x00007f91990fe800 Exception <a 'java/security/PrivilegedActionException'> (0x00000007ba05cdc0) thrown at [/HUDSON3/workspace/8-2-build-macosx-x86_64/jdk8u11/648/hotspot/src/share/vm/prims/jvm.cpp, line 1248]
Event: 12.472 Thread 0x00007f91990fe800 Exception <a 'java/security/PrivilegedActionException'> (0x00000007ba062eb0) thrown at [/HUDSON3/workspace/8-2-build-macosx-x86_64/jdk8u11/648/hotspot/src/share/vm/prims/jvm.cpp, line 1248]
Event: 12.472 Thread 0x00007f91990fe800 Exception <a 'java/security/PrivilegedActionException'> (0x00000007ba07a058) thrown at [/HUDSON3/workspace/8-2-build-macosx-x86_64/jdk8u11/648/hotspot/src/share/vm/prims/jvm.cpp, line 1248]
Event: 12.472 Thread 0x00007f91990fe800 Exception <a 'java/security/PrivilegedActionException'> (0x00000007ba0ad650) thrown at [/HUDSON3/workspace/8-2-build-macosx-x86_64/jdk8u11/648/hotspot/src/share/vm/prims/jvm.cpp, line 1248]
Event: 12.472 Thread 0x00007f91990fe800 Exception <a 'java/lang/ClassNotFoundException': org/codehaus/groovy/grails/web/util/TagLibraryMetaUtils$_registerPropertyMissingForTag_closure6Customizer> (0x00000007ba0ae5d8) thrown at [/HUDSON3/workspace/8-2-build-macosx-x86_64/jdk8u11/648/hotspot/src/

Events (10 events):
Event: 12.471 loading class org/codehaus/groovy/grails/web/util/TagLibraryMetaUtils$_registerPropertyMissingForTag_closure6BeanInfo
Event: 12.471 loading class org/codehaus/groovy/grails/web/util/TagLibraryMetaUtils$_registerPropertyMissingForTag_closure6BeanInfo done
Event: 12.471 loading class org/codehaus/groovy/grails/web/util/TagLibraryMetaUtils$_registerPropertyMissingForTag_closure6BeanInfo
Event: 12.471 loading class org/codehaus/groovy/grails/web/util/TagLibraryMetaUtils$_registerPropertyMissingForTag_closure6BeanInfo done
Event: 12.471 loading class org/codehaus/groovy/grails/web/util/TagLibraryMetaUtils$_registerPropertyMissingForTag_closure6Customizer
Event: 12.471 loading class org/codehaus/groovy/grails/web/util/TagLibraryMetaUtils$_registerPropertyMissingForTag_closure6Customizer done
Event: 12.472 loading class org/codehaus/groovy/grails/web/util/TagLibraryMetaUtils$_registerPropertyMissingForTag_closure6Customizer
Event: 12.472 loading class org/codehaus/groovy/grails/web/util/TagLibraryMetaUtils$_registerPropertyMissingForTag_closure6Customizer done
Event: 12.472 loading class org/codehaus/groovy/grails/web/util/TagLibraryMetaUtils$_registerPropertyMissingForTag_closure6Customizer
Event: 12.472 loading class org/codehaus/groovy/grails/web/util/TagLibraryMetaUtils$_registerPropertyMissingForTag_closure6Customizer done


Dynamic libraries:
0x0000000000985000 	/System/Library/Frameworks/Cocoa.framework/Versions/A/Cocoa
0x0000000000985000 	/System/Library/Frameworks/Security.framework/Versions/A/Security
0x0000000000985000 	/System/Library/Frameworks/ApplicationServices.framework/Versions/A/ApplicationServices
0x0000000000985000 	/usr/lib/libz.1.dylib
0x0000000000985000 	/usr/lib/libSystem.B.dylib
0x0000000000985000 	/usr/lib/libobjc.A.dylib
0x0000000000985000 	/System/Library/Frameworks/CoreFoundation.framework/Versions/A/CoreFoundation
0x0000000000985000 	/System/Library/Frameworks/Foundation.framework/Versions/C/Foundation
0x0000000000985000 	/System/Library/Frameworks/AppKit.framework/Versions/C/AppKit
0x0000000000985000 	/System/Library/Frameworks/CoreData.framework/Versions/A/CoreData
0x0000000000985000 	/System/Library/PrivateFrameworks/RemoteViewServices.framework/Versions/A/RemoteViewServices
0x0000000000985000 	/System/Library/PrivateFrameworks/UIFoundation.framework/Versions/A/UIFoundation
0x0000000000985000 	/System/Library/Frameworks/IOSurface.framework/Versions/A/IOSurface
0x0000000000985000 	/System/Library/Frameworks/AudioToolbox.framework/Versions/A/AudioToolbox
0x0000000000985000 	/System/Library/Frameworks/AudioUnit.framework/Versions/A/AudioUnit
0x0000000000985000 	/System/Library/PrivateFrameworks/DataDetectorsCore.framework/Versions/A/DataDetectorsCore
0x0000000000985000 	/System/Library/PrivateFrameworks/DesktopServicesPriv.framework/Versions/A/DesktopServicesPriv
0x0000000000985000 	/System/Library/Frameworks/Carbon.framework/Versions/A/Frameworks/HIToolbox.framework/Versions/A/HIToolbox
0x0000000000985000 	/System/Library/Frameworks/QuartzCore.framework/Versions/A/QuartzCore
0x0000000000985000 	/System/Library/Frameworks/Carbon.framework/Versions/A/Frameworks/SpeechRecognition.framework/Versions/A/SpeechRecognition
0x0000000000985000 	/usr/lib/libauto.dylib
0x0000000000985000 	/usr/lib/libicucore.A.dylib
0x0000000000985000 	/usr/lib/libxml2.2.dylib
0x0000000000985000 	/System/Library/PrivateFrameworks/CoreUI.framework/Versions/A/CoreUI
0x0000000000985000 	/System/Library/Frameworks/CoreAudio.framework/Versions/A/CoreAudio
0x0000000000985000 	/System/Library/Frameworks/DiskArbitration.framework/Versions/A/DiskArbitration
0x0000000000985000 	/usr/lib/liblangid.dylib
0x0000000000985000 	/System/Library/PrivateFrameworks/MultitouchSupport.framework/Versions/A/MultitouchSupport
0x0000000000985000 	/System/Library/Frameworks/IOKit.framework/Versions/A/IOKit
0x0000000000985000 	/usr/lib/libDiagnosticMessagesClient.dylib
0x0000000000985000 	/System/Library/Frameworks/CoreServices.framework/Versions/A/CoreServices
0x0000000000985000 	/System/Library/PrivateFrameworks/PerformanceAnalysis.framework/Versions/A/PerformanceAnalysis
0x0000000000985000 	/System/Library/PrivateFrameworks/GenerationalStorage.framework/Versions/A/GenerationalStorage
0x0000000000985000 	/System/Library/Frameworks/OpenGL.framework/Versions/A/OpenGL
0x0000000000985000 	/System/Library/PrivateFrameworks/Sharing.framework/Versions/A/Sharing
0x0000000000985000 	/System/Library/Frameworks/CoreGraphics.framework/Versions/A/CoreGraphics
0x0000000000985000 	/System/Library/Frameworks/CoreText.framework/Versions/A/CoreText
0x0000000000985000 	/System/Library/Frameworks/ImageIO.framework/Versions/A/ImageIO
0x0000000000985000 	/usr/lib/libextension.dylib
0x0000000000985000 	/System/Library/PrivateFrameworks/Backup.framework/Versions/A/Backup
0x0000000000985000 	/usr/lib/libarchive.2.dylib
0x0000000000985000 	/System/Library/Frameworks/CFNetwork.framework/Versions/A/CFNetwork
0x0000000000985000 	/System/Library/Frameworks/SystemConfiguration.framework/Versions/A/SystemConfiguration
0x0000000000985000 	/usr/lib/libCRFSuite.dylib
0x0000000000985000 	/usr/lib/libc++.1.dylib
0x0000000000985000 	/usr/lib/libc++abi.dylib
0x0000000000985000 	/usr/lib/system/libcache.dylib
0x0000000000985000 	/usr/lib/system/libcommonCrypto.dylib
0x0000000000985000 	/usr/lib/system/libcompiler_rt.dylib
0x0000000000985000 	/usr/lib/system/libcopyfile.dylib
0x0000000000985000 	/usr/lib/system/libcorecrypto.dylib
0x0000000000985000 	/usr/lib/system/libdispatch.dylib
0x0000000000985000 	/usr/lib/system/libdyld.dylib
0x0000000000985000 	/usr/lib/system/libkeymgr.dylib
0x0000000000985000 	/usr/lib/system/liblaunch.dylib
0x0000000000985000 	/usr/lib/system/libmacho.dylib
0x0000000000985000 	/usr/lib/system/libquarantine.dylib
0x0000000000985000 	/usr/lib/system/libremovefile.dylib
0x0000000000985000 	/usr/lib/system/libsystem_asl.dylib
0x0000000000985000 	/usr/lib/system/libsystem_blocks.dylib
0x0000000000985000 	/usr/lib/system/libsystem_c.dylib
0x0000000000985000 	/usr/lib/system/libsystem_configuration.dylib
0x0000000000985000 	/usr/lib/system/libsystem_coreservices.dylib
0x0000000000985000 	/usr/lib/system/libsystem_coretls.dylib
0x0000000000985000 	/usr/lib/system/libsystem_dnssd.dylib
0x0000000000985000 	/usr/lib/system/libsystem_info.dylib
0x0000000000985000 	/usr/lib/system/libsystem_kernel.dylib
0x0000000000985000 	/usr/lib/system/libsystem_m.dylib
0x0000000000985000 	/usr/lib/system/libsystem_malloc.dylib
0x0000000000985000 	/usr/lib/system/libsystem_network.dylib
0x0000000000985000 	/usr/lib/system/libsystem_networkextension.dylib
0x0000000000985000 	/usr/lib/system/libsystem_notify.dylib
0x0000000000985000 	/usr/lib/system/libsystem_platform.dylib
0x0000000000985000 	/usr/lib/system/libsystem_pthread.dylib
0x0000000000985000 	/usr/lib/system/libsystem_sandbox.dylib
0x0000000000985000 	/usr/lib/system/libsystem_secinit.dylib
0x0000000000985000 	/usr/lib/system/libsystem_stats.dylib
0x0000000000985000 	/usr/lib/system/libsystem_trace.dylib
0x0000000000985000 	/usr/lib/system/libunc.dylib
0x0000000000985000 	/usr/lib/system/libunwind.dylib
0x0000000000985000 	/usr/lib/system/libxpc.dylib
0x0000000000985000 	/usr/lib/libbz2.1.0.dylib
0x0000000000985000 	/usr/lib/liblzma.5.dylib
0x0000000000985000 	/usr/lib/libbsm.0.dylib
0x0000000000985000 	/usr/lib/libsqlite3.dylib
0x0000000000985000 	/usr/lib/system/libkxld.dylib
0x0000000000985000 	/usr/lib/libxar.1.dylib
0x0000000000985000 	/usr/lib/libpam.2.dylib
0x0000000000985000 	/usr/lib/libOpenScriptingUtil.dylib
0x0000000000985000 	/System/Library/Frameworks/CoreServices.framework/Versions/A/Frameworks/FSEvents.framework/Versions/A/FSEvents
0x0000000000985000 	/System/Library/Frameworks/CoreServices.framework/Versions/A/Frameworks/CarbonCore.framework/Versions/A/CarbonCore
0x0000000000985000 	/System/Library/Frameworks/CoreServices.framework/Versions/A/Frameworks/Metadata.framework/Versions/A/Metadata
0x0000000000985000 	/System/Library/Frameworks/CoreServices.framework/Versions/A/Frameworks/OSServices.framework/Versions/A/OSServices
0x0000000000985000 	/System/Library/Frameworks/CoreServices.framework/Versions/A/Frameworks/SearchKit.framework/Versions/A/SearchKit
0x0000000000985000 	/System/Library/Frameworks/CoreServices.framework/Versions/A/Frameworks/AE.framework/Versions/A/AE
0x0000000000985000 	/System/Library/Frameworks/CoreServices.framework/Versions/A/Frameworks/LaunchServices.framework/Versions/A/LaunchServices
0x0000000000985000 	/System/Library/Frameworks/CoreServices.framework/Versions/A/Frameworks/DictionaryServices.framework/Versions/A/DictionaryServices
0x0000000000985000 	/System/Library/Frameworks/NetFS.framework/Versions/A/NetFS
0x0000000000985000 	/System/Library/PrivateFrameworks/NetAuth.framework/Versions/A/NetAuth
0x0000000000985000 	/System/Library/PrivateFrameworks/login.framework/Versions/A/Frameworks/loginsupport.framework/Versions/A/loginsupport
0x0000000000985000 	/System/Library/PrivateFrameworks/TCC.framework/Versions/A/TCC
0x0000000000985000 	/usr/lib/libmecabra.dylib
0x0000000000985000 	/System/Library/PrivateFrameworks/LanguageModeling.framework/Versions/A/LanguageModeling
0x0000000000985000 	/usr/lib/libcmph.dylib
0x0000000000985000 	/usr/lib/libiconv.2.dylib
0x0000000000985000 	/System/Library/Frameworks/OpenDirectory.framework/Versions/A/Frameworks/CFOpenDirectory.framework/Versions/A/CFOpenDirectory
0x0000000000985000 	/System/Library/Frameworks/ServiceManagement.framework/Versions/A/ServiceManagement
0x0000000000985000 	/usr/lib/libxslt.1.dylib
0x0000000000985000 	/System/Library/Frameworks/Carbon.framework/Versions/A/Frameworks/Ink.framework/Versions/A/Ink
0x0000000000985000 	/System/Library/Frameworks/ApplicationServices.framework/Versions/A/Frameworks/ATS.framework/Versions/A/ATS
0x0000000000985000 	/System/Library/Frameworks/ApplicationServices.framework/Versions/A/Frameworks/ColorSync.framework/Versions/A/ColorSync
0x0000000000985000 	/System/Library/Frameworks/ApplicationServices.framework/Versions/A/Frameworks/HIServices.framework/Versions/A/HIServices
0x0000000000985000 	/System/Library/Frameworks/ApplicationServices.framework/Versions/A/Frameworks/LangAnalysis.framework/Versions/A/LangAnalysis
0x0000000000985000 	/System/Library/Frameworks/ApplicationServices.framework/Versions/A/Frameworks/PrintCore.framework/Versions/A/PrintCore
0x0000000000985000 	/System/Library/Frameworks/ApplicationServices.framework/Versions/A/Frameworks/QD.framework/Versions/A/QD
0x0000000000985000 	/System/Library/Frameworks/ApplicationServices.framework/Versions/A/Frameworks/SpeechSynthesis.framework/Versions/A/SpeechSynthesis
0x0000000000985000 	/System/Library/Frameworks/Accelerate.framework/Versions/A/Accelerate
0x0000000000985000 	/System/Library/Frameworks/Accelerate.framework/Versions/A/Frameworks/vImage.framework/Versions/A/vImage
0x0000000000985000 	/System/Library/Frameworks/Accelerate.framework/Versions/A/Frameworks/vecLib.framework/Versions/A/vecLib
0x0000000000985000 	/System/Library/Frameworks/Accelerate.framework/Versions/A/Frameworks/vecLib.framework/Versions/A/libvDSP.dylib
0x0000000000985000 	/System/Library/Frameworks/Accelerate.framework/Versions/A/Frameworks/vecLib.framework/Versions/A/libvMisc.dylib
0x0000000000985000 	/System/Library/Frameworks/Accelerate.framework/Versions/A/Frameworks/vecLib.framework/Versions/A/libLAPACK.dylib
0x0000000000985000 	/System/Library/Frameworks/Accelerate.framework/Versions/A/Frameworks/vecLib.framework/Versions/A/libBLAS.dylib
0x0000000000985000 	/System/Library/Frameworks/Accelerate.framework/Versions/A/Frameworks/vecLib.framework/Versions/A/libLinearAlgebra.dylib
0x0000000000985000 	/System/Library/Frameworks/ApplicationServices.framework/Versions/A/Frameworks/ATS.framework/Versions/A/Resources/libFontParser.dylib
0x0000000000985000 	/System/Library/Frameworks/ApplicationServices.framework/Versions/A/Frameworks/ATS.framework/Versions/A/Resources/libFontRegistry.dylib
0x0000000000985000 	/System/Library/PrivateFrameworks/AppleVPA.framework/Versions/A/AppleVPA
0x0000000000985000 	/System/Library/PrivateFrameworks/AppleJPEG.framework/Versions/A/AppleJPEG
0x0000000000985000 	/System/Library/Frameworks/ImageIO.framework/Versions/A/Resources/libJPEG.dylib
0x0000000000985000 	/System/Library/Frameworks/ImageIO.framework/Versions/A/Resources/libTIFF.dylib
0x0000000000985000 	/System/Library/Frameworks/ImageIO.framework/Versions/A/Resources/libPng.dylib
0x0000000000985000 	/System/Library/Frameworks/ImageIO.framework/Versions/A/Resources/libGIF.dylib
0x0000000000985000 	/System/Library/Frameworks/ImageIO.framework/Versions/A/Resources/libJP2.dylib
0x0000000000985000 	/System/Library/Frameworks/ImageIO.framework/Versions/A/Resources/libRadiance.dylib
0x0000000000985000 	/System/Library/Frameworks/CoreVideo.framework/Versions/A/CoreVideo
0x0000000000985000 	/System/Library/Frameworks/OpenGL.framework/Versions/A/Libraries/libGLU.dylib
0x0000000000985000 	/System/Library/Frameworks/OpenGL.framework/Versions/A/Libraries/libGFXShared.dylib
0x0000000000985000 	/System/Library/Frameworks/OpenGL.framework/Versions/A/Libraries/libGL.dylib
0x0000000000985000 	/System/Library/Frameworks/OpenGL.framework/Versions/A/Libraries/libGLImage.dylib
0x0000000000985000 	/System/Library/Frameworks/OpenGL.framework/Versions/A/Libraries/libCVMSPluginSupport.dylib
0x0000000000985000 	/System/Library/Frameworks/OpenGL.framework/Versions/A/Libraries/libCoreVMClient.dylib
0x0000000000985000 	/usr/lib/libcups.2.dylib
0x0000000000985000 	/System/Library/Frameworks/Kerberos.framework/Versions/A/Kerberos
0x0000000000985000 	/System/Library/Frameworks/GSS.framework/Versions/A/GSS
0x0000000000985000 	/usr/lib/libresolv.9.dylib
0x0000000000985000 	/System/Library/PrivateFrameworks/Heimdal.framework/Versions/A/Heimdal
0x0000000000985000 	/usr/lib/libheimdal-asn1.dylib
0x0000000000985000 	/System/Library/Frameworks/OpenDirectory.framework/Versions/A/OpenDirectory
0x0000000000985000 	/System/Library/PrivateFrameworks/CommonAuth.framework/Versions/A/CommonAuth
0x0000000000985000 	/System/Library/Frameworks/SecurityFoundation.framework/Versions/A/SecurityFoundation
0x0000000000985000 	/System/Library/Frameworks/QuartzCore.framework/Versions/A/Frameworks/CoreImage.framework/Versions/A/CoreImage
0x0000000000985000 	/System/Library/PrivateFrameworks/CrashReporterSupport.framework/Versions/A/CrashReporterSupport
0x0000000000985000 	/System/Library/Frameworks/OpenCL.framework/Versions/A/OpenCL
0x0000000000985000 	/System/Library/PrivateFrameworks/FaceCore.framework/Versions/A/FaceCore
0x0000000000985000 	/System/Library/PrivateFrameworks/Ubiquity.framework/Versions/A/Ubiquity
0x0000000000985000 	/System/Library/PrivateFrameworks/IconServices.framework/Versions/A/IconServices
0x0000000000985000 	/System/Library/PrivateFrameworks/ChunkingLibrary.framework/Versions/A/ChunkingLibrary
0x0000000000985000 	/System/Library/PrivateFrameworks/Apple80211.framework/Versions/A/Apple80211
0x0000000000985000 	/System/Library/Frameworks/CoreWLAN.framework/Versions/A/CoreWLAN
0x0000000000985000 	/System/Library/Frameworks/IOBluetooth.framework/Versions/A/IOBluetooth
0x0000000000985000 	/System/Library/PrivateFrameworks/CoreWiFi.framework/Versions/A/CoreWiFi
0x0000000000985000 	/System/Library/Frameworks/CoreBluetooth.framework/Versions/A/CoreBluetooth
0x0000000000985000 	/System/Library/PrivateFrameworks/DebugSymbols.framework/Versions/A/DebugSymbols
0x0000000000985000 	/System/Library/PrivateFrameworks/CoreSymbolication.framework/Versions/A/CoreSymbolication
0x0000000000985000 	/System/Library/PrivateFrameworks/Symbolication.framework/Versions/A/Symbolication
0x0000000000985000 	/System/Library/PrivateFrameworks/SpeechRecognitionCore.framework/Versions/A/SpeechRecognitionCore
0x0000000103a80000 	/Library/Java/JavaVirtualMachines/jdk1.8.0_11.jdk/Contents/Home/jre/lib/server/libjvm.dylib
0x0000000000985000 	/usr/lib/libstdc++.6.dylib
0x0000000104958000 	/Library/Java/JavaVirtualMachines/jdk1.8.0_11.jdk/Contents/Home/jre/lib/libverify.dylib
0x0000000104966000 	/Library/Java/JavaVirtualMachines/jdk1.8.0_11.jdk/Contents/Home/jre/lib/libjava.dylib
0x000000010499b000 	/Library/Java/JavaVirtualMachines/jdk1.8.0_11.jdk/Contents/Home/jre/lib/libinstrument.dylib
0x0000000105b03000 	/Library/Java/JavaVirtualMachines/jdk1.8.0_11.jdk/Contents/Home/jre/lib/libzip.dylib
0x0000000119d20000 	/System/Library/Frameworks/JavaVM.framework/Frameworks/JavaRuntimeSupport.framework/JavaRuntimeSupport
0x0000000119d36000 	/System/Library/Frameworks/JavaVM.framework/Versions/A/Frameworks/JavaNativeFoundation.framework/Versions/A/JavaNativeFoundation
0x0000000119d4a000 	/System/Library/Frameworks/JavaVM.framework/Versions/A/JavaVM
0x0000000000985000 	/System/Library/Frameworks/Carbon.framework/Versions/A/Carbon
0x0000000119d56000 	/System/Library/PrivateFrameworks/JavaLaunching.framework/Versions/A/JavaLaunching
0x0000000000985000 	/System/Library/Frameworks/Carbon.framework/Versions/A/Frameworks/CommonPanels.framework/Versions/A/CommonPanels
0x0000000000985000 	/System/Library/Frameworks/Carbon.framework/Versions/A/Frameworks/Help.framework/Versions/A/Help
0x0000000000985000 	/System/Library/Frameworks/Carbon.framework/Versions/A/Frameworks/ImageCapture.framework/Versions/A/ImageCapture
0x0000000000985000 	/System/Library/Frameworks/Carbon.framework/Versions/A/Frameworks/OpenScripting.framework/Versions/A/OpenScripting
0x0000000000985000 	/System/Library/Frameworks/Carbon.framework/Versions/A/Frameworks/Print.framework/Versions/A/Print
0x0000000000985000 	/System/Library/Frameworks/Carbon.framework/Versions/A/Frameworks/SecurityHI.framework/Versions/A/SecurityHI
0x000000011bf9b000 	/private/var/folders/xv/9ssvllz17jj05pbxzq_60xnw0000gn/T/libjansi-64-8327865272912400292.jnilib
0x000000011be4e000 	/Library/Java/JavaVirtualMachines/jdk1.8.0_11.jdk/Contents/Home/jre/lib/libnet.dylib
0x000000011be64000 	/Library/Java/JavaVirtualMachines/jdk1.8.0_11.jdk/Contents/Home/jre/lib/libmanagement.dylib
0x000000011be71000 	/Library/Java/JavaVirtualMachines/jdk1.8.0_11.jdk/Contents/Home/jre/lib/libnio.dylib

VM Arguments:
jvm_args: -Dfile.encoding=UTF-8 -Xmx768M -Xms64M -Dgrails.fork.parent.process.port=50056 -Dgrails.fork.active=true -Dgrails.build.execution.context=/private/var/folders/xv/9ssvllz17jj05pbxzq_60xnw0000gn/T/Collab-Todo5413732362490805039grails-execution-context -Dgrails.home=/Users/admin/.gvm/grails/2.4.4 -javaagent:/Users/admin/.gvm/grails/2.4.4/lib/org.springframework/springloaded/jars/springloaded-1.2.1.RELEASE.jar -Xverify:none -Dspringloaded.synchronize=true -Djdk.reflect.allowGetCallerClass=true -Dspringloaded=profile=grails;cacheDir=/Users/admin/.grails/2.4.4 
java_command: org.grails.plugins.tomcat.fork.ForkedTomcatServer
java_class_path (initial): /Library/Java/JavaVirtualMachines/jdk1.8.0_11.jdk/Contents/Home/lib/tools.jar:/Users/admin/.gvm/grails/2.4.4/lib/org.codehaus.groovy/groovy-all/jars/groovy-all-2.3.7.jar:/Users/admin/.gvm/grails/2.4.4/lib/org.slf4j/jcl-over-slf4j/jars/jcl-over-slf4j-1.7.5.jar:/Users/admin/.gvm/grails/current/lib/org.codehaus.gant/gant_groovy1.8/jars/gant_groovy1.8-1.9.6.jar:/Users/admin/.gvm/grails/2.4.4/lib/org.apache.tomcat.embed/tomcat-embed-logging-log4j/jars/tomcat-embed-logging-log4j-7.0.50.jar:/Users/admin/.gvm/grails/2.4.4/dist/grails-plugin-log4j-2.4.4.jar:/Users/admin/.gvm/grails/2.4.4/lib/log4j/log4j/jars/log4j-1.2.17.jar:/Users/admin/.gvm/grails/2.4.4/dist/grails-bootstrap-2.4.4.jar:/Users/admin/.gvm/grails/2.4.4/lib/org.slf4j/slf4j-api/jars/slf4j-api-1.7.5.jar:/Users/admin/.gvm/grails/2.4.4/lib/jline/jline/jars/jline-2.12.jar:/Users/admin/.gvm/grails/2.4.4/lib/org.apache.ant/ant/jars/ant-1.8.4.jar:/Users/admin/.gvm/grails/2.4.4/lib/org.apache.ant/ant-launcher/jars/ant-launcher-1.8.4.jar:/Users/admin/.gvm/grails/2.4.4/lib/org.apache.ant/ant-trax/jars/ant-trax-1.7.1.jar:/Users/admin/.gvm/grails/2.4.4/lib/org.apache.ant/ant-junit/jars/ant-junit-1.8.4.jar:/Users/admin/.gvm/grails/2.4.4/lib/org.apache.ivy/ivy/jars/ivy-2.3.0.jar:/Users/admin/.gvm/grails/2.4.4/lib/org.fusesource.jansi/jansi/jars/jansi-1.11.jar:/Users/admin/.m2/repository/org/apache/tomcat/tomcat-catalina-ant/7.0.55/tomcat-catalina-ant-7.0.55.jar:/Users/admin/.m2/repository/org/apache/tomcat/embed/tomcat-embed-jasper/7.0.55/tomcat-embed-jasper-7.0.55.jar:/Users/admin/.m2/repository/org/apache/tomcat/embed/tomcat-embed-el/7.0.55/tomcat-embed-el-7.0.55.jar:/Users/admin/.m2/repository/org/apache/tomcat/embed/tomcat-embed-logging-log4j/7.0.55/tomcat-embed-logging-log4j-7.0.55.jar:/Users/admin/.m2/repository/org/apache/tomcat/embed/tomcat-embed-websocket/7.0.55/tomcat-embed-websocket-7.0.55.jar:/Users/admin/.m2/repository/org/apache/tomcat/embed/tomcat-embed-core/7.0.55/tomcat-embed-core
Launcher Type: SUN_STANDARD

Environment Variables:
JAVA_HOME=/Library/Java/JavaVirtualMachines/jdk1.8.0_11.jdk/Contents/Home
PATH=/Users/admin/.gvm/vertx/current/bin:/Users/admin/.gvm/springboot/current/bin:/Users/admin/.gvm/lazybones/current/bin:/Users/admin/.gvm/jbake/current/bin:/Users/admin/.gvm/groovyserv/current/bin:/Users/admin/.gvm/groovy/current/bin:/Users/admin/.gvm/griffon/current/bin:/Users/admin/.gvm/grails/current/bin:/Users/admin/.gvm/gradle/current/bin:/Users/admin/.gvm/glide/current/bin:/Users/admin/.gvm/gaiden/current/bin:/Users/admin/.gvm/crash/current/bin:/Users/admin/.gvm/asciidoctorj/current/bin:/usr/local/opt/groovy/libexec/bin:/usr/local/bin:/usr/bin:/bin:/usr/sbin:/sbin
SHELL=/bin/bash

Signal Handlers:
SIGSEGV: [libjvm.dylib+0x56059b], sa_mask[0]=0xfffefeff, sa_flags=0x00000043
SIGBUS: [libjvm.dylib+0x56059b], sa_mask[0]=0xfffefeff, sa_flags=0x00000042
SIGFPE: [libjvm.dylib+0x4438f2], sa_mask[0]=0xfffefeff, sa_flags=0x00000042
SIGPIPE: [libjvm.dylib+0x4438f2], sa_mask[0]=0xfffefeff, sa_flags=0x00000042
SIGXFSZ: [libjvm.dylib+0x4438f2], sa_mask[0]=0xfffefeff, sa_flags=0x00000042
SIGILL: [libjvm.dylib+0x4438f2], sa_mask[0]=0xfffefeff, sa_flags=0x00000042
SIGUSR1: SIG_DFL, sa_mask[0]=0x63807efb, sa_flags=0x00000000
SIGUSR2: [libjvm.dylib+0x443410], sa_mask[0]=0x00000004, sa_flags=0x00000042
SIGHUP: [libjvm.dylib+0x44179b], sa_mask[0]=0xfffefeff, sa_flags=0x00000042
SIGINT: [libjvm.dylib+0x44179b], sa_mask[0]=0xfffefeff, sa_flags=0x00000042
SIGTERM: [libjvm.dylib+0x44179b], sa_mask[0]=0xfffefeff, sa_flags=0x00000042
SIGQUIT: [libjvm.dylib+0x44179b], sa_mask[0]=0xfffefeff, sa_flags=0x00000042


---------------  S Y S T E M  ---------------

OS:Bsduname:Darwin 14.0.0 Darwin Kernel Version 14.0.0: Sat Sep 27 03:58:47 PDT 2014; root:xnu-2782.1.97~11/RELEASE_X86_64 x86_64
rlimit: STACK 8192k, CORE 0k, NPROC 709, NOFILE 10240, AS infinity
load average:2.59 2.25 1.94

CPU:total 8 (4 cores per cpu, 2 threads per core) family 6 model 58 stepping 9, cmov, cx8, fxsr, mmx, sse, sse2, sse3, ssse3, sse4.1, sse4.2, popcnt, avx, aes, clmul, erms, ht, tsc, tscinvbit

Memory: 4k page, physical 16777216k(3046032k free)

/proc/meminfo:


vm_info: Java HotSpot(TM) 64-Bit Server VM (25.11-b03) for bsd-amd64 JRE (1.8.0_11-b12), built on Jun 16 2014 17:39:42 by "java_re" with gcc 4.2.1 (Based on Apple Inc. build 5658) (LLVM build 2336.11.00)

time: Tue Mar 24 22:46:03 2015
elapsed time: 12 seconds

