#
# A fatal error has been detected by the Java Runtime Environment:
#
#  SIGSEGV (0xb) at pc=0x00000001014d0dd0, pid=46322, tid=19203
#
# JRE version: Java(TM) SE Runtime Environment (8.0_11-b12) (build 1.8.0_11-b12)
# Java VM: Java HotSpot(TM) 64-Bit Server VM (25.11-b03 mixed mode bsd-amd64 compressed oops)
# Problematic frame:
# V  [libjvm.dylib+0xd0dd0]  OopFlow::build_oop_map(Node*, int, PhaseRegAlloc*, int*)+0xd2
#
# Failed to write core dump. Core dumps have been disabled. To enable core dumping, try "ulimit -c unlimited" before starting Java again
#
# If you would like to submit a bug report, please visit:
#   http://bugreport.sun.com/bugreport/crash.jsp
#

---------------  T H R E A D  ---------------

Current thread (0x00007f89bb83c800):  JavaThread "C2 CompilerThread1" daemon [_thread_in_native, id=19203, stack(0x000000011823f000,0x000000011833f000)]

siginfo:si_signo=SIGSEGV: si_errno=0, si_code=1 (SEGV_MAPERR), si_addr=0x0000000000000000

Registers:
RAX=0x00007f89bd8ada08, RBX=0x00007f89bc3a0d38, RCX=0x0000000000000000, RDX=0x0000000000000008
RSP=0x000000011833b870, RBP=0x000000011833b8e0, RSI=0x000000000000001c, RDI=0x0000000000000000
R8 =0x00007f89bf3bae80, R9 =0x00007f89c0327878, R10=0x0000000000000061, R11=0x00000000000008d0
R12=0x0000000000000000, R13=0x0000000000000013, R14=0x00007f89bc3a0d38, R15=0x00000000000000c0
RIP=0x00000001014d0dd0, EFLAGS=0x0000000000010206, ERR=0x0000000000000004
  TRAPNO=0x000000000000000e

Top of Stack: (sp=0x000000011833b870)
0x000000011833b870:   000000011833b8e0 00000000000000da
0x000000011833b880:   00007f89bf3bae80 00007f89be3edc70
0x000000011833b890:   00007f89bd8ae0e0 0000001c00000008
0x000000011833b8a0:   000000011833c550 00007f89bd8ae110
0x000000011833b8b0:   00000000000000b8 00007f89bd8ae0e0
0x000000011833b8c0:   0000000000000012 0000000000000013
0x000000011833b8d0:   00007f89bc3a0d38 00007f89bd8affff
0x000000011833b8e0:   000000011833b940 00000001014d0aed
0x000000011833b8f0:   000000011833b940 000000da1833dfd0
0x000000011833b900:   00007f89bf3b6960 0000000abd8ada00
0x000000011833b910:   000000011833c550 00007f89c0327ff8
0x000000011833b920:   00007f89bd8ae0e0 0000000000000004
0x000000011833b930:   00007f89bd8aab90 00007f89bd8ad810
0x000000011833b940:   000000011833ba40 00000001014d1a1b
0x000000011833b950:   000000000134a700 0000000000000007
0x000000011833b960:   0000000000000007 00007f89bf3b8b7c
0x000000011833b970:   00000000000000da 000000000000001c
0x000000011833b980:   00007f89bf3b8b7c 00007f89bb436af0
0x000000011833b990:   000000011833dfd0 0000000000000007
0x000000011833b9a0:   00007f89bf3b8b7c 0000000000000007
0x000000011833b9b0:   ffffffffffffffff 000000011833c680
0x000000011833b9c0:   00007f89c0327878 00007f89bf3b6960
0x000000011833b9d0:   00000000000006d0 00000000000001b4
0x000000011833b9e0:   0000000000000000 0000000100000080
0x000000011833b9f0:   00007f89bb436af0 00007f89bf3b8f80
0x000000011833ba00:   00007f8900000004 0000000000000014
0x000000011833ba10:   0000000000000000 000000011833dfd0
0x000000011833ba20:   000000011833c680 00000000000009e0
0x000000011833ba30:   00007f89bf3b3610 000000011833e798
0x000000011833ba40:   000000011833ba90 000000010184c3d8
0x000000011833ba50:   00007f89bc3a0180 00007f89c0322268
0x000000011833ba60:   000000011833e140 000000011833dfd0 

Instructions: (pc=0x00000001014d0dd0)
0x00000001014d0db0:   00 00 44 89 ff 8b 75 bc 8b 55 b8 e8 fa 0c 00 00
0x00000001014d0dc0:   48 89 45 d0 48 8b 45 b0 48 8b 40 08 4e 8b 24 f8
0x00000001014d0dd0:   49 8b 04 24 4c 89 e7 ff 50 28 48 63 48 10 48 89
0x00000001014d0de0:   ca 48 c1 e2 05 48 8d 35 94 8f 6f 00 80 7c 16 10 

Register to memory mapping:

RAX=0x00007f89bd8ada08 is an unknown value
RBX=0x00007f89bc3a0d38 is an unknown value
RCX=0x0000000000000000 is an unknown value
RDX=0x0000000000000008 is an unknown value
RSP=0x000000011833b870 is pointing into the stack for thread: 0x00007f89bb83c800
RBP=0x000000011833b8e0 is pointing into the stack for thread: 0x00007f89bb83c800
RSI=0x000000000000001c is an unknown value
RDI=0x0000000000000000 is an unknown value
R8 =0x00007f89bf3bae80 is an unknown value
R9 =0x00007f89c0327878 is an unknown value
R10=0x0000000000000061 is an unknown value
R11=0x00000000000008d0 is an unknown value
R12=0x0000000000000000 is an unknown value
R13=0x0000000000000013 is an unknown value
R14=0x00007f89bc3a0d38 is an unknown value
R15=0x00000000000000c0 is an unknown value


Stack: [0x000000011823f000,0x000000011833f000],  sp=0x000000011833b870,  free space=1010k
Native frames: (J=compiled Java code, j=interpreted, Vv=VM code, C=native code)
V  [libjvm.dylib+0xd0dd0]  OopFlow::build_oop_map(Node*, int, PhaseRegAlloc*, int*)+0xd2
V  [libjvm.dylib+0xd0aed]  OopFlow::compute_reach(PhaseRegAlloc*, int, Dict*)+0xa9
V  [libjvm.dylib+0xd1a1b]  Compile::BuildOopMaps()+0x92d
V  [libjvm.dylib+0x44c3d8]  Compile::Output()+0x40c
V  [libjvm.dylib+0x19db98]  Compile::Code_Gen()+0x21a
V  [libjvm.dylib+0x1a15d3]  Compile::Compile(ciEnv*, C2Compiler*, ciMethod*, int, bool, bool, bool)+0x905
V  [libjvm.dylib+0x144992]  C2Compiler::compile_method(ciEnv*, ciMethod*, int)+0xac
V  [libjvm.dylib+0x1a4e7a]  CompileBroker::invoke_compiler_on_method(CompileTask*)+0x5b2
V  [libjvm.dylib+0x1a6f89]  CompileBroker::compiler_thread_loop()+0x2d5
V  [libjvm.dylib+0x51d86d]  JavaThread::thread_main_inner()+0x9b
V  [libjvm.dylib+0x51efaa]  JavaThread::run()+0x1c2
V  [libjvm.dylib+0x446026]  java_start(Thread*)+0xf6
C  [libsystem_pthread.dylib+0x32fc]  _pthread_body+0x83
C  [libsystem_pthread.dylib+0x3279]  _pthread_body+0x0
C  [libsystem_pthread.dylib+0x14b1]  thread_start+0xd


Current CompileTask:
C2:  11439 5443       4       groovy.lang.MetaClassImpl::findPropertyMethod (356 bytes)


---------------  P R O C E S S  ---------------

Java Threads: ( => current thread )
  0x00007f89bfff4000 JavaThread "net.sf.ehcache.CacheManager@1e28858e" daemon [_thread_blocked, id=15623, stack(0x0000000119b3f000,0x0000000119c3f000)]
  0x00007f89bbe8d800 JavaThread "PoolCleaner[2001321875:1427251897124]" daemon [_thread_blocked, id=14347, stack(0x000000011c939000,0x000000011ca39000)]
  0x00007f89bfbd0000 JavaThread "FileSystemWatcher: files=#97 cl=groovy.lang.GroovyClassLoader@7749bf93" daemon [_thread_blocked, id=24835, stack(0x000000011ac67000,0x000000011ad67000)]
  0x00007f89bc547800 JavaThread "localhost-startStop-1" daemon [_thread_in_native, id=24323, stack(0x000000011b0e5000,0x000000011b1e5000)]
  0x00007f89bc54e800 JavaThread "Tomcat-startStop-1" daemon [_thread_blocked, id=23811, stack(0x000000011afe2000,0x000000011b0e2000)]
  0x00007f89bf691000 JavaThread "Thread-3" [_thread_in_native, id=23299, stack(0x000000011a460000,0x000000011a560000)]
  0x00007f89bc1d0800 JavaThread "Thread-2" [_thread_blocked, id=22787, stack(0x00000001188ff000,0x00000001189ff000)]
  0x00007f89be093800 JavaThread "NonBlockingInputStreamThread" daemon [_thread_blocked, id=22275, stack(0x0000000118d52000,0x0000000118e52000)]
  0x00007f89be086800 JavaThread "process reaper" daemon [_thread_blocked, id=21763, stack(0x0000000118b24000,0x0000000118b4c000)]
  0x00007f89bc07a000 JavaThread "Service Thread" daemon [_thread_blocked, id=20739, stack(0x0000000118548000,0x0000000118648000)]
  0x00007f89bd816000 JavaThread "C1 CompilerThread3" daemon [_thread_blocked, id=20227, stack(0x0000000118445000,0x0000000118545000)]
  0x00007f89bd80d800 JavaThread "C2 CompilerThread2" daemon [_thread_in_native, id=19715, stack(0x0000000118342000,0x0000000118442000)]
=>0x00007f89bb83c800 JavaThread "C2 CompilerThread1" daemon [_thread_in_native, id=19203, stack(0x000000011823f000,0x000000011833f000)]
  0x00007f89bb80e800 JavaThread "C2 CompilerThread0" daemon [_thread_in_native, id=18691, stack(0x000000011813c000,0x000000011823c000)]
  0x00007f89be033000 JavaThread "Signal Dispatcher" daemon [_thread_blocked, id=18451, stack(0x0000000117eae000,0x0000000117fae000)]
  0x00007f89bd805000 JavaThread "Finalizer" daemon [_thread_blocked, id=13571, stack(0x000000011655e000,0x000000011665e000)]
  0x00007f89bd804000 JavaThread "Reference Handler" daemon [_thread_blocked, id=13059, stack(0x000000011645b000,0x000000011655b000)]
  0x00007f89bc007800 JavaThread "main" [_thread_blocked, id=4867, stack(0x00000001022c2000,0x00000001023c2000)]

Other Threads:
  0x00007f89bc067000 VMThread [stack: 0x0000000116358000,0x0000000116458000] [id=12547]
  0x00007f89bc147800 WatcherThread [stack: 0x000000011864b000,0x000000011874b000] [id=21251]

VM state:not at safepoint (normal execution)

VM Mutex/Monitor currently owned by a thread: None

Heap:
 PSYoungGen      total 227328K, used 102049K [0x00000007b0000000, 0x00000007c0000000, 0x00000007c0000000)
  eden space 196608K, 40% used [0x00000007b0000000,0x00000007b4ce13d8,0x00000007bc000000)
  from space 30720K, 75% used [0x00000007be200000,0x00000007bf8c7060,0x00000007c0000000)
  to   space 32768K, 0% used [0x00000007bc000000,0x00000007bc000000,0x00000007be000000)
 ParOldGen       total 89600K, used 75163K [0x0000000790000000, 0x0000000795780000, 0x00000007b0000000)
  object space 89600K, 83% used [0x0000000790000000,0x0000000794966f30,0x0000000795780000)
 Metaspace       used 59604K, capacity 61360K, committed 61568K, reserved 1103872K
  class space    used 6925K, capacity 7490K, committed 7552K, reserved 1048576K

Card table byte_map: [0x000000011180c000,0x000000011198d000] byte_map_base: 0x000000010db8c000

Marking Bits: (ParMarkBitMap*) 0x0000000101c670a0
 Begin Bits: [0x00000001122a5000, 0x0000000112ea5000)
 End Bits:   [0x0000000112ea5000, 0x0000000113aa5000)

Polling page: 0x00000001003eb000

CodeCache: size=245760Kb used=19753Kb max_used=19760Kb free=226006Kb
 bounds [0x000000010244c000, 0x00000001037bc000, 0x000000011144c000]
 total_blobs=5887 nmethods=5147 adapters=652
 compilation: enabled

Compilation events (10 events):
Event: 11.398 Thread 0x00007f89bb83c800 nmethod 5437 0x00000001037a5450 code [0x00000001037a59a0, 0x00000001037a9bb8]
Event: 11.400 Thread 0x00007f89bb83c800 5676       4       org.codehaus.groovy.runtime.metaclass.MetaMethodIndex::findMatchingMethod (51 bytes)
Event: 11.403 Thread 0x00007f89bb83c800 nmethod 5676 0x0000000102f33790 code [0x0000000102f33900, 0x0000000102f33b58]
Event: 11.403 Thread 0x00007f89bb83c800 5443       4       groovy.lang.MetaClassImpl::findPropertyMethod (356 bytes)
Event: 11.417 Thread 0x00007f89bd816000 5683       3       java.lang.Integer::formatUnsignedInt (48 bytes)
Event: 11.419 Thread 0x00007f89bd816000 nmethod 5683 0x0000000102f331d0 code [0x0000000102f33340, 0x0000000102f335b0]
Event: 11.419 Thread 0x00007f89bd816000 5684       2       sun.misc.URLClassPath$2::next (59 bytes)
Event: 11.420 Thread 0x00007f89bd816000 nmethod 5684 0x0000000102f32c90 code [0x0000000102f32e00, 0x0000000102f33098]
Event: 11.421 Thread 0x00007f89bd816000 5685       2       java.lang.reflect.Modifier::isInterface (14 bytes)
Event: 11.421 Thread 0x00007f89bd816000 nmethod 5685 0x0000000102d7fbd0 code [0x0000000102d7fd20, 0x0000000102d7fe70]

GC Heap History (10 events):
Event: 8.986 GC heap before
{Heap before GC invocations=61 (full 4):
 PSYoungGen      total 242176K, used 239175K [0x00000007b0000000, 0x00000007c0000000, 0x00000007c0000000)
  eden space 225280K, 100% used [0x00000007b0000000,0x00000007bdc00000,0x00000007bdc00000)
  from space 16896K, 82% used [0x00000007bef80000,0x00000007bfd11fe0,0x00000007c0000000)
  to   space 18432K, 0% used [0x00000007bdc00000,0x00000007bdc00000,0x00000007bee00000)
 ParOldGen       total 68096K, used 56638K [0x0000000790000000, 0x0000000794280000, 0x00000007b0000000)
  object space 68096K, 83% used [0x0000000790000000,0x000000079374f918,0x0000000794280000)
 Metaspace       used 54294K, capacity 55852K, committed 56064K, reserved 1099776K
  class space    used 6109K, capacity 6609K, committed 6656K, reserved 1048576K
Event: 9.004 GC heap after
Heap after GC invocations=61 (full 4):
 PSYoungGen      total 243712K, used 18401K [0x00000007b0000000, 0x00000007c0000000, 0x00000007c0000000)
  eden space 225280K, 0% used [0x00000007b0000000,0x00000007b0000000,0x00000007bdc00000)
  from space 18432K, 99% used [0x00000007bdc00000,0x00000007bedf85e0,0x00000007bee00000)
  to   space 18432K, 0% used [0x00000007bee00000,0x00000007bee00000,0x00000007c0000000)
 ParOldGen       total 68096K, used 61275K [0x0000000790000000, 0x0000000794280000, 0x00000007b0000000)
  object space 68096K, 89% used [0x0000000790000000,0x0000000793bd6dd0,0x0000000794280000)
 Metaspace       used 54294K, capacity 55852K, committed 56064K, reserved 1099776K
  class space    used 6109K, capacity 6609K, committed 6656K, reserved 1048576K
}
Event: 9.590 GC heap before
{Heap before GC invocations=62 (full 4):
 PSYoungGen      total 243712K, used 243681K [0x00000007b0000000, 0x00000007c0000000, 0x00000007c0000000)
  eden space 225280K, 100% used [0x00000007b0000000,0x00000007bdc00000,0x00000007bdc00000)
  from space 18432K, 99% used [0x00000007bdc00000,0x00000007bedf85e0,0x00000007bee00000)
  to   space 18432K, 0% used [0x00000007bee00000,0x00000007bee00000,0x00000007c0000000)
 ParOldGen       total 68096K, used 61275K [0x0000000790000000, 0x0000000794280000, 0x00000007b0000000)
  object space 68096K, 89% used [0x0000000790000000,0x0000000793bd6dd0,0x0000000794280000)
 Metaspace       used 56190K, capacity 57790K, committed 58112K, reserved 1099776K
  class space    used 6374K, capacity 6868K, committed 6912K, reserved 1048576K
Event: 9.608 GC heap after
Heap after GC invocations=62 (full 4):
 PSYoungGen      total 223232K, used 18416K [0x00000007b0000000, 0x00000007c0000000, 0x00000007c0000000)
  eden space 204800K, 0% used [0x00000007b0000000,0x00000007b0000000,0x00000007bc800000)
  from space 18432K, 99% used [0x00000007bee00000,0x00000007bfffc030,0x00000007c0000000)
  to   space 28672K, 0% used [0x00000007bc800000,0x00000007bc800000,0x00000007be400000)
 ParOldGen       total 73728K, used 71290K [0x0000000790000000, 0x0000000794800000, 0x00000007b0000000)
  object space 73728K, 96% used [0x0000000790000000,0x000000079459e908,0x0000000794800000)
 Metaspace       used 56190K, capacity 57790K, committed 58112K, reserved 1099776K
  class space    used 6374K, capacity 6868K, committed 6912K, reserved 1048576K
}
Event: 9.608 GC heap before
{Heap before GC invocations=63 (full 5):
 PSYoungGen      total 223232K, used 18416K [0x00000007b0000000, 0x00000007c0000000, 0x00000007c0000000)
  eden space 204800K, 0% used [0x00000007b0000000,0x00000007b0000000,0x00000007bc800000)
  from space 18432K, 99% used [0x00000007bee00000,0x00000007bfffc030,0x00000007c0000000)
  to   space 28672K, 0% used [0x00000007bc800000,0x00000007bc800000,0x00000007be400000)
 ParOldGen       total 73728K, used 71290K [0x0000000790000000, 0x0000000794800000, 0x00000007b0000000)
  object space 73728K, 96% used [0x0000000790000000,0x000000079459e908,0x0000000794800000)
 Metaspace       used 56190K, capacity 57790K, committed 58112K, reserved 1099776K
  class space    used 6374K, capacity 6868K, committed 6912K, reserved 1048576K
Event: 10.410 GC heap after
Heap after GC invocations=63 (full 5):
 PSYoungGen      total 223232K, used 14225K [0x00000007b0000000, 0x00000007c0000000, 0x00000007c0000000)
  eden space 204800K, 0% used [0x00000007b0000000,0x00000007b0000000,0x00000007bc800000)
  from space 18432K, 77% used [0x00000007bee00000,0x00000007bfbe4618,0x00000007c0000000)
  to   space 28672K, 0% used [0x00000007bc800000,0x00000007bc800000,0x00000007be400000)
 ParOldGen       total 89600K, used 73459K [0x0000000790000000, 0x0000000795780000, 0x00000007b0000000)
  object space 89600K, 81% used [0x0000000790000000,0x00000007947bcfd8,0x0000000795780000)
 Metaspace       used 56190K, capacity 57790K, committed 58112K, reserved 1099776K
  class space    used 6374K, capacity 6868K, committed 6912K, reserved 1048576K
}
Event: 10.916 GC heap before
{Heap before GC invocations=64 (full 5):
 PSYoungGen      total 223232K, used 219025K [0x00000007b0000000, 0x00000007c0000000, 0x00000007c0000000)
  eden space 204800K, 100% used [0x00000007b0000000,0x00000007bc800000,0x00000007bc800000)
  from space 18432K, 77% used [0x00000007bee00000,0x00000007bfbe4618,0x00000007c0000000)
  to   space 28672K, 0% used [0x00000007bc800000,0x00000007bc800000,0x00000007be400000)
 ParOldGen       total 89600K, used 73459K [0x0000000790000000, 0x0000000795780000, 0x00000007b0000000)
  object space 89600K, 81% used [0x0000000790000000,0x00000007947bcfd8,0x0000000795780000)
 Metaspace       used 57617K, capacity 59284K, committed 59392K, reserved 1101824K
  class space    used 6603K, capacity 7121K, committed 7168K, reserved 1048576K
Event: 10.949 GC heap after
Heap after GC invocations=64 (full 5):
 PSYoungGen      total 226304K, used 21129K [0x00000007b0000000, 0x00000007c0000000, 0x00000007c0000000)
  eden space 204800K, 0% used [0x00000007b0000000,0x00000007b0000000,0x00000007bc800000)
  from space 21504K, 98% used [0x00000007bc800000,0x00000007bdca24b8,0x00000007bdd00000)
  to   space 30720K, 0% used [0x00000007be200000,0x00000007be200000,0x00000007c0000000)
 ParOldGen       total 89600K, used 75155K [0x0000000790000000, 0x0000000795780000, 0x00000007b0000000)
  object space 89600K, 83% used [0x0000000790000000,0x0000000794964f30,0x0000000795780000)
 Metaspace       used 57617K, capacity 59284K, committed 59392K, reserved 1101824K
  class space    used 6603K, capacity 7121K, committed 7168K, reserved 1048576K
}
Event: 11.260 GC heap before
{Heap before GC invocations=65 (full 5):
 PSYoungGen      total 226304K, used 217030K [0x00000007b0000000, 0x00000007c0000000, 0x00000007c0000000)
  eden space 204800K, 95% used [0x00000007b0000000,0x00000007bbf4f610,0x00000007bc800000)
  from space 21504K, 98% used [0x00000007bc800000,0x00000007bdca24b8,0x00000007bdd00000)
  to   space 30720K, 0% used [0x00000007be200000,0x00000007be200000,0x00000007c0000000)
 ParOldGen       total 89600K, used 75155K [0x0000000790000000, 0x0000000795780000, 0x00000007b0000000)
  object space 89600K, 83% used [0x0000000790000000,0x0000000794964f30,0x0000000795780000)
 Metaspace       used 58687K, capacity 60332K, committed 60672K, reserved 1101824K
  class space    used 6802K, capacity 7318K, committed 7424K, reserved 1048576K
Event: 11.277 GC heap after
Heap after GC invocations=65 (full 5):
 PSYoungGen      total 227328K, used 23324K [0x00000007b0000000, 0x00000007c0000000, 0x00000007c0000000)
  eden space 196608K, 0% used [0x00000007b0000000,0x00000007b0000000,0x00000007bc000000)
  from space 30720K, 75% used [0x00000007be200000,0x00000007bf8c7060,0x00000007c0000000)
  to   space 32768K, 0% used [0x00000007bc000000,0x00000007bc000000,0x00000007be000000)
 ParOldGen       total 89600K, used 75163K [0x0000000790000000, 0x0000000795780000, 0x00000007b0000000)
  object space 89600K, 83% used [0x0000000790000000,0x0000000794966f30,0x0000000795780000)
 Metaspace       used 58687K, capacity 60332K, committed 60672K, reserved 1101824K
  class space    used 6802K, capacity 7318K, committed 7424K, reserved 1048576K
}

Deoptimization events (10 events):
Event: 8.245 Thread 0x00007f89bc547800 Uncommon trap: reason=bimorphic action=maybe_recompile pc=0x0000000103545e74 method=groovy.lang.MetaClassImpl$1MOPIter.methodNameAction(Ljava/lang/Class;Lorg/codehaus/groovy/runtime/metaclass/MetaMethodIndex$Entry;)V @ 62
Event: 8.245 Thread 0x00007f89bc547800 Uncommon trap: reason=bimorphic action=maybe_recompile pc=0x0000000103545e74 method=groovy.lang.MetaClassImpl$1MOPIter.methodNameAction(Ljava/lang/Class;Lorg/codehaus/groovy/runtime/metaclass/MetaMethodIndex$Entry;)V @ 62
Event: 8.245 Thread 0x00007f89bc547800 Uncommon trap: reason=bimorphic action=maybe_recompile pc=0x0000000103545e74 method=groovy.lang.MetaClassImpl$1MOPIter.methodNameAction(Ljava/lang/Class;Lorg/codehaus/groovy/runtime/metaclass/MetaMethodIndex$Entry;)V @ 62
Event: 8.282 Thread 0x00007f89bc547800 Uncommon trap: reason=null_assert action=make_not_entrant pc=0x0000000103419828 method=java.util.concurrent.ConcurrentHashMap.transfer([Ljava/util/concurrent/ConcurrentHashMap$Node;[Ljava/util/concurrent/ConcurrentHashMap$Node;)V @ 557
Event: 9.016 Thread 0x00007f89bc547800 Uncommon trap: reason=unreached action=reinterpret pc=0x00000001033b5d04 method=org.codehaus.groovy.runtime.metaclass.MetaMethodIndex.getMethods(Ljava/lang/Class;Ljava/lang/String;)Lorg/codehaus/groovy/runtime/metaclass/MetaMethodIndex$Entry; @ 61
Event: 9.131 Thread 0x00007f89bc547800 Uncommon trap: reason=unloaded action=reinterpret pc=0x00000001035b684c method=com.sun.beans.TypeResolver.resolve(Ljava/lang/reflect/Type;Ljava/lang/reflect/Type;)Ljava/lang/reflect/Type; @ 175
Event: 11.346 Thread 0x00007f89bc547800 Uncommon trap: reason=class_check action=maybe_recompile pc=0x00000001037938e8 method=org.codehaus.groovy.runtime.metaclass.MetaMethodIndex.addMethodToList(Ljava/lang/Object;Lgroovy/lang/MetaMethod;)Ljava/lang/Object; @ 68
Event: 11.389 Thread 0x00007f89bc547800 Uncommon trap: reason=class_check action=maybe_recompile pc=0x00000001037938e8 method=org.codehaus.groovy.runtime.metaclass.MetaMethodIndex.addMethodToList(Ljava/lang/Object;Lgroovy/lang/MetaMethod;)Ljava/lang/Object; @ 68
Event: 11.407 Thread 0x00007f89bc547800 Uncommon trap: reason=class_check action=maybe_recompile pc=0x00000001037938e8 method=org.codehaus.groovy.runtime.metaclass.MetaMethodIndex.addMethodToList(Ljava/lang/Object;Lgroovy/lang/MetaMethod;)Ljava/lang/Object; @ 68
Event: 11.426 Thread 0x00007f89bc547800 Uncommon trap: reason=class_check action=maybe_recompile pc=0x00000001037938e8 method=org.codehaus.groovy.runtime.metaclass.MetaMethodIndex.addMethodToList(Ljava/lang/Object;Lgroovy/lang/MetaMethod;)Ljava/lang/Object; @ 68

Internal exceptions (10 events):
Event: 11.412 Thread 0x00007f89bc547800 Exception <a 'java/security/PrivilegedActionException'> (0x00000007b454aa28) thrown at [/HUDSON3/workspace/8-2-build-macosx-x86_64/jdk8u11/648/hotspot/src/share/vm/prims/jvm.cpp, line 1248]
Event: 11.412 Thread 0x00007f89bc547800 Exception <a 'java/security/PrivilegedActionException'> (0x00000007b455d3f0) thrown at [/HUDSON3/workspace/8-2-build-macosx-x86_64/jdk8u11/648/hotspot/src/share/vm/prims/jvm.cpp, line 1248]
Event: 11.412 Thread 0x00007f89bc547800 Exception <a 'java/security/PrivilegedActionException'> (0x00000007b4561170) thrown at [/HUDSON3/workspace/8-2-build-macosx-x86_64/jdk8u11/648/hotspot/src/share/vm/prims/jvm.cpp, line 1248]
Event: 11.412 Thread 0x00007f89bc547800 Exception <a 'java/security/PrivilegedActionException'> (0x00000007b456f930) thrown at [/HUDSON3/workspace/8-2-build-macosx-x86_64/jdk8u11/648/hotspot/src/share/vm/prims/jvm.cpp, line 1248]
Event: 11.412 Thread 0x00007f89bc547800 Exception <a 'java/security/PrivilegedActionException'> (0x00000007b458fa28) thrown at [/HUDSON3/workspace/8-2-build-macosx-x86_64/jdk8u11/648/hotspot/src/share/vm/prims/jvm.cpp, line 1248]
Event: 11.413 Thread 0x00007f89bc547800 Exception <a 'java/lang/ClassNotFoundException': liquibase/sqlgenerator/SqlGeneratorFactoryCustomizer> (0x00000007b4590940) thrown at [/HUDSON3/workspace/8-2-build-macosx-x86_64/jdk8u11/648/hotspot/src/share/vm/classfile/systemDictionary.cpp, line 202]
Event: 11.425 Thread 0x00007f89bc547800 Exception <a 'java/security/PrivilegedActionException'> (0x00000007b48d3aa0) thrown at [/HUDSON3/workspace/8-2-build-macosx-x86_64/jdk8u11/648/hotspot/src/share/vm/prims/jvm.cpp, line 1248]
Event: 11.425 Thread 0x00007f89bc547800 Exception <a 'java/security/PrivilegedActionException'> (0x00000007b48d7b58) thrown at [/HUDSON3/workspace/8-2-build-macosx-x86_64/jdk8u11/648/hotspot/src/share/vm/prims/jvm.cpp, line 1248]
Event: 11.425 Thread 0x00007f89bc547800 Exception <a 'java/security/PrivilegedActionException'> (0x00000007b48e3250) thrown at [/HUDSON3/workspace/8-2-build-macosx-x86_64/jdk8u11/648/hotspot/src/share/vm/prims/jvm.cpp, line 1248]
Event: 11.425 Thread 0x00007f89bc547800 Exception <a 'java/security/PrivilegedActionException'> (0x00000007b48e8d70) thrown at [/HUDSON3/workspace/8-2-build-macosx-x86_64/jdk8u11/648/hotspot/src/share/vm/prims/jvm.cpp, line 1248]

Events (10 events):
Event: 11.412 loading class liquibase/sqlgenerator/SqlGeneratorFactoryCustomizer done
Event: 11.412 loading class liquibase/sqlgenerator/SqlGeneratorFactoryCustomizer
Event: 11.413 loading class liquibase/sqlgenerator/SqlGeneratorFactoryCustomizer done
Event: 11.424 loading class grails/plugin/databasemigration/MysqlAwareCreateTableGenerator
Event: 11.424 loading class grails/plugin/databasemigration/MysqlAwareCreateTableGenerator done
Event: 11.425 loading class groovy/runtime/metaclass/grails/plugin/databasemigration/MysqlAwareCreateTableGeneratorMetaClass
Event: 11.425 loading class groovy/runtime/metaclass/grails/plugin/databasemigration/MysqlAwareCreateTableGeneratorMetaClass done
Event: 11.426 Thread 0x00007f89bc547800 Uncommon trap: trap_request=0xffffffde fr.pc=0x00000001037938e8
Event: 11.426 Thread 0x00007f89bc547800 DEOPT PACKING pc=0x00000001037938e8 sp=0x000000011b1e1990
Event: 11.426 Thread 0x00007f89bc547800 DEOPT UNPACKING pc=0x0000000102493250 sp=0x000000011b1e18f0 mode 2


Dynamic libraries:
0x0000000000985000 	/System/Library/Frameworks/Cocoa.framework/Versions/A/Cocoa
0x0000000000985000 	/System/Library/Frameworks/Security.framework/Versions/A/Security
0x0000000000985000 	/System/Library/Frameworks/ApplicationServices.framework/Versions/A/ApplicationServices
0x0000000000985000 	/usr/lib/libz.1.dylib
0x0000000000985000 	/usr/lib/libSystem.B.dylib
0x0000000000985000 	/usr/lib/libobjc.A.dylib
0x0000000000985000 	/System/Library/Frameworks/CoreFoundation.framework/Versions/A/CoreFoundation
0x0000000000985000 	/System/Library/Frameworks/Foundation.framework/Versions/C/Foundation
0x0000000000985000 	/System/Library/Frameworks/AppKit.framework/Versions/C/AppKit
0x0000000000985000 	/System/Library/Frameworks/CoreData.framework/Versions/A/CoreData
0x0000000000985000 	/System/Library/PrivateFrameworks/RemoteViewServices.framework/Versions/A/RemoteViewServices
0x0000000000985000 	/System/Library/PrivateFrameworks/UIFoundation.framework/Versions/A/UIFoundation
0x0000000000985000 	/System/Library/Frameworks/IOSurface.framework/Versions/A/IOSurface
0x0000000000985000 	/System/Library/Frameworks/AudioToolbox.framework/Versions/A/AudioToolbox
0x0000000000985000 	/System/Library/Frameworks/AudioUnit.framework/Versions/A/AudioUnit
0x0000000000985000 	/System/Library/PrivateFrameworks/DataDetectorsCore.framework/Versions/A/DataDetectorsCore
0x0000000000985000 	/System/Library/PrivateFrameworks/DesktopServicesPriv.framework/Versions/A/DesktopServicesPriv
0x0000000000985000 	/System/Library/Frameworks/Carbon.framework/Versions/A/Frameworks/HIToolbox.framework/Versions/A/HIToolbox
0x0000000000985000 	/System/Library/Frameworks/QuartzCore.framework/Versions/A/QuartzCore
0x0000000000985000 	/System/Library/Frameworks/Carbon.framework/Versions/A/Frameworks/SpeechRecognition.framework/Versions/A/SpeechRecognition
0x0000000000985000 	/usr/lib/libauto.dylib
0x0000000000985000 	/usr/lib/libicucore.A.dylib
0x0000000000985000 	/usr/lib/libxml2.2.dylib
0x0000000000985000 	/System/Library/PrivateFrameworks/CoreUI.framework/Versions/A/CoreUI
0x0000000000985000 	/System/Library/Frameworks/CoreAudio.framework/Versions/A/CoreAudio
0x0000000000985000 	/System/Library/Frameworks/DiskArbitration.framework/Versions/A/DiskArbitration
0x0000000000985000 	/usr/lib/liblangid.dylib
0x0000000000985000 	/System/Library/PrivateFrameworks/MultitouchSupport.framework/Versions/A/MultitouchSupport
0x0000000000985000 	/System/Library/Frameworks/IOKit.framework/Versions/A/IOKit
0x0000000000985000 	/usr/lib/libDiagnosticMessagesClient.dylib
0x0000000000985000 	/System/Library/Frameworks/CoreServices.framework/Versions/A/CoreServices
0x0000000000985000 	/System/Library/PrivateFrameworks/PerformanceAnalysis.framework/Versions/A/PerformanceAnalysis
0x0000000000985000 	/System/Library/PrivateFrameworks/GenerationalStorage.framework/Versions/A/GenerationalStorage
0x0000000000985000 	/System/Library/Frameworks/OpenGL.framework/Versions/A/OpenGL
0x0000000000985000 	/System/Library/PrivateFrameworks/Sharing.framework/Versions/A/Sharing
0x0000000000985000 	/System/Library/Frameworks/CoreGraphics.framework/Versions/A/CoreGraphics
0x0000000000985000 	/System/Library/Frameworks/CoreText.framework/Versions/A/CoreText
0x0000000000985000 	/System/Library/Frameworks/ImageIO.framework/Versions/A/ImageIO
0x0000000000985000 	/usr/lib/libextension.dylib
0x0000000000985000 	/System/Library/PrivateFrameworks/Backup.framework/Versions/A/Backup
0x0000000000985000 	/usr/lib/libarchive.2.dylib
0x0000000000985000 	/System/Library/Frameworks/CFNetwork.framework/Versions/A/CFNetwork
0x0000000000985000 	/System/Library/Frameworks/SystemConfiguration.framework/Versions/A/SystemConfiguration
0x0000000000985000 	/usr/lib/libCRFSuite.dylib
0x0000000000985000 	/usr/lib/libc++.1.dylib
0x0000000000985000 	/usr/lib/libc++abi.dylib
0x0000000000985000 	/usr/lib/system/libcache.dylib
0x0000000000985000 	/usr/lib/system/libcommonCrypto.dylib
0x0000000000985000 	/usr/lib/system/libcompiler_rt.dylib
0x0000000000985000 	/usr/lib/system/libcopyfile.dylib
0x0000000000985000 	/usr/lib/system/libcorecrypto.dylib
0x0000000000985000 	/usr/lib/system/libdispatch.dylib
0x0000000000985000 	/usr/lib/system/libdyld.dylib
0x0000000000985000 	/usr/lib/system/libkeymgr.dylib
0x0000000000985000 	/usr/lib/system/liblaunch.dylib
0x0000000000985000 	/usr/lib/system/libmacho.dylib
0x0000000000985000 	/usr/lib/system/libquarantine.dylib
0x0000000000985000 	/usr/lib/system/libremovefile.dylib
0x0000000000985000 	/usr/lib/system/libsystem_asl.dylib
0x0000000000985000 	/usr/lib/system/libsystem_blocks.dylib
0x0000000000985000 	/usr/lib/system/libsystem_c.dylib
0x0000000000985000 	/usr/lib/system/libsystem_configuration.dylib
0x0000000000985000 	/usr/lib/system/libsystem_coreservices.dylib
0x0000000000985000 	/usr/lib/system/libsystem_coretls.dylib
0x0000000000985000 	/usr/lib/system/libsystem_dnssd.dylib
0x0000000000985000 	/usr/lib/system/libsystem_info.dylib
0x0000000000985000 	/usr/lib/system/libsystem_kernel.dylib
0x0000000000985000 	/usr/lib/system/libsystem_m.dylib
0x0000000000985000 	/usr/lib/system/libsystem_malloc.dylib
0x0000000000985000 	/usr/lib/system/libsystem_network.dylib
0x0000000000985000 	/usr/lib/system/libsystem_networkextension.dylib
0x0000000000985000 	/usr/lib/system/libsystem_notify.dylib
0x0000000000985000 	/usr/lib/system/libsystem_platform.dylib
0x0000000000985000 	/usr/lib/system/libsystem_pthread.dylib
0x0000000000985000 	/usr/lib/system/libsystem_sandbox.dylib
0x0000000000985000 	/usr/lib/system/libsystem_secinit.dylib
0x0000000000985000 	/usr/lib/system/libsystem_stats.dylib
0x0000000000985000 	/usr/lib/system/libsystem_trace.dylib
0x0000000000985000 	/usr/lib/system/libunc.dylib
0x0000000000985000 	/usr/lib/system/libunwind.dylib
0x0000000000985000 	/usr/lib/system/libxpc.dylib
0x0000000000985000 	/usr/lib/libbz2.1.0.dylib
0x0000000000985000 	/usr/lib/liblzma.5.dylib
0x0000000000985000 	/usr/lib/libbsm.0.dylib
0x0000000000985000 	/usr/lib/libsqlite3.dylib
0x0000000000985000 	/usr/lib/system/libkxld.dylib
0x0000000000985000 	/usr/lib/libxar.1.dylib
0x0000000000985000 	/usr/lib/libpam.2.dylib
0x0000000000985000 	/usr/lib/libOpenScriptingUtil.dylib
0x0000000000985000 	/System/Library/Frameworks/CoreServices.framework/Versions/A/Frameworks/FSEvents.framework/Versions/A/FSEvents
0x0000000000985000 	/System/Library/Frameworks/CoreServices.framework/Versions/A/Frameworks/CarbonCore.framework/Versions/A/CarbonCore
0x0000000000985000 	/System/Library/Frameworks/CoreServices.framework/Versions/A/Frameworks/Metadata.framework/Versions/A/Metadata
0x0000000000985000 	/System/Library/Frameworks/CoreServices.framework/Versions/A/Frameworks/OSServices.framework/Versions/A/OSServices
0x0000000000985000 	/System/Library/Frameworks/CoreServices.framework/Versions/A/Frameworks/SearchKit.framework/Versions/A/SearchKit
0x0000000000985000 	/System/Library/Frameworks/CoreServices.framework/Versions/A/Frameworks/AE.framework/Versions/A/AE
0x0000000000985000 	/System/Library/Frameworks/CoreServices.framework/Versions/A/Frameworks/LaunchServices.framework/Versions/A/LaunchServices
0x0000000000985000 	/System/Library/Frameworks/CoreServices.framework/Versions/A/Frameworks/DictionaryServices.framework/Versions/A/DictionaryServices
0x0000000000985000 	/System/Library/Frameworks/NetFS.framework/Versions/A/NetFS
0x0000000000985000 	/System/Library/PrivateFrameworks/NetAuth.framework/Versions/A/NetAuth
0x0000000000985000 	/System/Library/PrivateFrameworks/login.framework/Versions/A/Frameworks/loginsupport.framework/Versions/A/loginsupport
0x0000000000985000 	/System/Library/PrivateFrameworks/TCC.framework/Versions/A/TCC
0x0000000000985000 	/usr/lib/libmecabra.dylib
0x0000000000985000 	/System/Library/PrivateFrameworks/LanguageModeling.framework/Versions/A/LanguageModeling
0x0000000000985000 	/usr/lib/libcmph.dylib
0x0000000000985000 	/usr/lib/libiconv.2.dylib
0x0000000000985000 	/System/Library/Frameworks/OpenDirectory.framework/Versions/A/Frameworks/CFOpenDirectory.framework/Versions/A/CFOpenDirectory
0x0000000000985000 	/System/Library/Frameworks/ServiceManagement.framework/Versions/A/ServiceManagement
0x0000000000985000 	/usr/lib/libxslt.1.dylib
0x0000000000985000 	/System/Library/Frameworks/Carbon.framework/Versions/A/Frameworks/Ink.framework/Versions/A/Ink
0x0000000000985000 	/System/Library/Frameworks/ApplicationServices.framework/Versions/A/Frameworks/ATS.framework/Versions/A/ATS
0x0000000000985000 	/System/Library/Frameworks/ApplicationServices.framework/Versions/A/Frameworks/ColorSync.framework/Versions/A/ColorSync
0x0000000000985000 	/System/Library/Frameworks/ApplicationServices.framework/Versions/A/Frameworks/HIServices.framework/Versions/A/HIServices
0x0000000000985000 	/System/Library/Frameworks/ApplicationServices.framework/Versions/A/Frameworks/LangAnalysis.framework/Versions/A/LangAnalysis
0x0000000000985000 	/System/Library/Frameworks/ApplicationServices.framework/Versions/A/Frameworks/PrintCore.framework/Versions/A/PrintCore
0x0000000000985000 	/System/Library/Frameworks/ApplicationServices.framework/Versions/A/Frameworks/QD.framework/Versions/A/QD
0x0000000000985000 	/System/Library/Frameworks/ApplicationServices.framework/Versions/A/Frameworks/SpeechSynthesis.framework/Versions/A/SpeechSynthesis
0x0000000000985000 	/System/Library/Frameworks/Accelerate.framework/Versions/A/Accelerate
0x0000000000985000 	/System/Library/Frameworks/Accelerate.framework/Versions/A/Frameworks/vImage.framework/Versions/A/vImage
0x0000000000985000 	/System/Library/Frameworks/Accelerate.framework/Versions/A/Frameworks/vecLib.framework/Versions/A/vecLib
0x0000000000985000 	/System/Library/Frameworks/Accelerate.framework/Versions/A/Frameworks/vecLib.framework/Versions/A/libvDSP.dylib
0x0000000000985000 	/System/Library/Frameworks/Accelerate.framework/Versions/A/Frameworks/vecLib.framework/Versions/A/libvMisc.dylib
0x0000000000985000 	/System/Library/Frameworks/Accelerate.framework/Versions/A/Frameworks/vecLib.framework/Versions/A/libLAPACK.dylib
0x0000000000985000 	/System/Library/Frameworks/Accelerate.framework/Versions/A/Frameworks/vecLib.framework/Versions/A/libBLAS.dylib
0x0000000000985000 	/System/Library/Frameworks/Accelerate.framework/Versions/A/Frameworks/vecLib.framework/Versions/A/libLinearAlgebra.dylib
0x0000000000985000 	/System/Library/Frameworks/ApplicationServices.framework/Versions/A/Frameworks/ATS.framework/Versions/A/Resources/libFontParser.dylib
0x0000000000985000 	/System/Library/Frameworks/ApplicationServices.framework/Versions/A/Frameworks/ATS.framework/Versions/A/Resources/libFontRegistry.dylib
0x0000000000985000 	/System/Library/PrivateFrameworks/AppleVPA.framework/Versions/A/AppleVPA
0x0000000000985000 	/System/Library/PrivateFrameworks/AppleJPEG.framework/Versions/A/AppleJPEG
0x0000000000985000 	/System/Library/Frameworks/ImageIO.framework/Versions/A/Resources/libJPEG.dylib
0x0000000000985000 	/System/Library/Frameworks/ImageIO.framework/Versions/A/Resources/libTIFF.dylib
0x0000000000985000 	/System/Library/Frameworks/ImageIO.framework/Versions/A/Resources/libPng.dylib
0x0000000000985000 	/System/Library/Frameworks/ImageIO.framework/Versions/A/Resources/libGIF.dylib
0x0000000000985000 	/System/Library/Frameworks/ImageIO.framework/Versions/A/Resources/libJP2.dylib
0x0000000000985000 	/System/Library/Frameworks/ImageIO.framework/Versions/A/Resources/libRadiance.dylib
0x0000000000985000 	/System/Library/Frameworks/CoreVideo.framework/Versions/A/CoreVideo
0x0000000000985000 	/System/Library/Frameworks/OpenGL.framework/Versions/A/Libraries/libGLU.dylib
0x0000000000985000 	/System/Library/Frameworks/OpenGL.framework/Versions/A/Libraries/libGFXShared.dylib
0x0000000000985000 	/System/Library/Frameworks/OpenGL.framework/Versions/A/Libraries/libGL.dylib
0x0000000000985000 	/System/Library/Frameworks/OpenGL.framework/Versions/A/Libraries/libGLImage.dylib
0x0000000000985000 	/System/Library/Frameworks/OpenGL.framework/Versions/A/Libraries/libCVMSPluginSupport.dylib
0x0000000000985000 	/System/Library/Frameworks/OpenGL.framework/Versions/A/Libraries/libCoreVMClient.dylib
0x0000000000985000 	/usr/lib/libcups.2.dylib
0x0000000000985000 	/System/Library/Frameworks/Kerberos.framework/Versions/A/Kerberos
0x0000000000985000 	/System/Library/Frameworks/GSS.framework/Versions/A/GSS
0x0000000000985000 	/usr/lib/libresolv.9.dylib
0x0000000000985000 	/System/Library/PrivateFrameworks/Heimdal.framework/Versions/A/Heimdal
0x0000000000985000 	/usr/lib/libheimdal-asn1.dylib
0x0000000000985000 	/System/Library/Frameworks/OpenDirectory.framework/Versions/A/OpenDirectory
0x0000000000985000 	/System/Library/PrivateFrameworks/CommonAuth.framework/Versions/A/CommonAuth
0x0000000000985000 	/System/Library/Frameworks/SecurityFoundation.framework/Versions/A/SecurityFoundation
0x0000000000985000 	/System/Library/Frameworks/QuartzCore.framework/Versions/A/Frameworks/CoreImage.framework/Versions/A/CoreImage
0x0000000000985000 	/System/Library/PrivateFrameworks/CrashReporterSupport.framework/Versions/A/CrashReporterSupport
0x0000000000985000 	/System/Library/Frameworks/OpenCL.framework/Versions/A/OpenCL
0x0000000000985000 	/System/Library/PrivateFrameworks/FaceCore.framework/Versions/A/FaceCore
0x0000000000985000 	/System/Library/PrivateFrameworks/Ubiquity.framework/Versions/A/Ubiquity
0x0000000000985000 	/System/Library/PrivateFrameworks/IconServices.framework/Versions/A/IconServices
0x0000000000985000 	/System/Library/PrivateFrameworks/ChunkingLibrary.framework/Versions/A/ChunkingLibrary
0x0000000000985000 	/System/Library/PrivateFrameworks/Apple80211.framework/Versions/A/Apple80211
0x0000000000985000 	/System/Library/Frameworks/CoreWLAN.framework/Versions/A/CoreWLAN
0x0000000000985000 	/System/Library/Frameworks/IOBluetooth.framework/Versions/A/IOBluetooth
0x0000000000985000 	/System/Library/PrivateFrameworks/CoreWiFi.framework/Versions/A/CoreWiFi
0x0000000000985000 	/System/Library/Frameworks/CoreBluetooth.framework/Versions/A/CoreBluetooth
0x0000000000985000 	/System/Library/PrivateFrameworks/DebugSymbols.framework/Versions/A/DebugSymbols
0x0000000000985000 	/System/Library/PrivateFrameworks/CoreSymbolication.framework/Versions/A/CoreSymbolication
0x0000000000985000 	/System/Library/PrivateFrameworks/Symbolication.framework/Versions/A/Symbolication
0x0000000000985000 	/System/Library/PrivateFrameworks/SpeechRecognitionCore.framework/Versions/A/SpeechRecognitionCore
0x0000000101400000 	/Library/Java/JavaVirtualMachines/jdk1.8.0_11.jdk/Contents/Home/jre/lib/server/libjvm.dylib
0x0000000000985000 	/usr/lib/libstdc++.6.dylib
0x00000001003dd000 	/Library/Java/JavaVirtualMachines/jdk1.8.0_11.jdk/Contents/Home/jre/lib/libverify.dylib
0x00000001023c4000 	/Library/Java/JavaVirtualMachines/jdk1.8.0_11.jdk/Contents/Home/jre/lib/libjava.dylib
0x00000001023f8000 	/Library/Java/JavaVirtualMachines/jdk1.8.0_11.jdk/Contents/Home/jre/lib/libinstrument.dylib
0x00000001003f6000 	/Library/Java/JavaVirtualMachines/jdk1.8.0_11.jdk/Contents/Home/jre/lib/libzip.dylib
0x0000000116660000 	/System/Library/Frameworks/JavaVM.framework/Frameworks/JavaRuntimeSupport.framework/JavaRuntimeSupport
0x0000000116676000 	/System/Library/Frameworks/JavaVM.framework/Versions/A/Frameworks/JavaNativeFoundation.framework/Versions/A/JavaNativeFoundation
0x000000011668a000 	/System/Library/Frameworks/JavaVM.framework/Versions/A/JavaVM
0x0000000000985000 	/System/Library/Frameworks/Carbon.framework/Versions/A/Carbon
0x0000000116696000 	/System/Library/PrivateFrameworks/JavaLaunching.framework/Versions/A/JavaLaunching
0x0000000000985000 	/System/Library/Frameworks/Carbon.framework/Versions/A/Frameworks/CommonPanels.framework/Versions/A/CommonPanels
0x0000000000985000 	/System/Library/Frameworks/Carbon.framework/Versions/A/Frameworks/Help.framework/Versions/A/Help
0x0000000000985000 	/System/Library/Frameworks/Carbon.framework/Versions/A/Frameworks/ImageCapture.framework/Versions/A/ImageCapture
0x0000000000985000 	/System/Library/Frameworks/Carbon.framework/Versions/A/Frameworks/OpenScripting.framework/Versions/A/OpenScripting
0x0000000000985000 	/System/Library/Frameworks/Carbon.framework/Versions/A/Frameworks/Print.framework/Versions/A/Print
0x0000000000985000 	/System/Library/Frameworks/Carbon.framework/Versions/A/Frameworks/SecurityHI.framework/Versions/A/SecurityHI
0x0000000118b4e000 	/private/var/folders/xv/9ssvllz17jj05pbxzq_60xnw0000gn/T/libjansi-64-7691361990667078121.jnilib
0x0000000119272000 	/Library/Java/JavaVirtualMachines/jdk1.8.0_11.jdk/Contents/Home/jre/lib/libnet.dylib
0x0000000119288000 	/Library/Java/JavaVirtualMachines/jdk1.8.0_11.jdk/Contents/Home/jre/lib/libmanagement.dylib
0x0000000119295000 	/Library/Java/JavaVirtualMachines/jdk1.8.0_11.jdk/Contents/Home/jre/lib/libnio.dylib

VM Arguments:
jvm_args: -Dfile.encoding=UTF-8 -Xmx768M -Xms64M -Dgrails.fork.parent.process.port=50166 -Dgrails.fork.active=true -Dgrails.build.execution.context=/private/var/folders/xv/9ssvllz17jj05pbxzq_60xnw0000gn/T/Collab-Todo8845347197105410563grails-execution-context -Dgrails.home=/Users/admin/.gvm/grails/2.4.4 -javaagent:/Users/admin/.gvm/grails/2.4.4/lib/org.springframework/springloaded/jars/springloaded-1.2.1.RELEASE.jar -Xverify:none -Dspringloaded.synchronize=true -Djdk.reflect.allowGetCallerClass=true -Dspringloaded=profile=grails;cacheDir=/Users/admin/.grails/2.4.4 
java_command: org.grails.plugins.tomcat.fork.ForkedTomcatServer
java_class_path (initial): /Library/Java/JavaVirtualMachines/jdk1.8.0_11.jdk/Contents/Home/lib/tools.jar:/Users/admin/.gvm/grails/2.4.4/lib/org.codehaus.groovy/groovy-all/jars/groovy-all-2.3.7.jar:/Users/admin/.gvm/grails/2.4.4/lib/org.slf4j/jcl-over-slf4j/jars/jcl-over-slf4j-1.7.5.jar:/Users/admin/.gvm/grails/current/lib/org.codehaus.gant/gant_groovy1.8/jars/gant_groovy1.8-1.9.6.jar:/Users/admin/.gvm/grails/2.4.4/lib/org.apache.tomcat.embed/tomcat-embed-logging-log4j/jars/tomcat-embed-logging-log4j-7.0.50.jar:/Users/admin/.gvm/grails/2.4.4/dist/grails-plugin-log4j-2.4.4.jar:/Users/admin/.gvm/grails/2.4.4/lib/log4j/log4j/jars/log4j-1.2.17.jar:/Users/admin/.gvm/grails/2.4.4/dist/grails-bootstrap-2.4.4.jar:/Users/admin/.gvm/grails/2.4.4/lib/org.slf4j/slf4j-api/jars/slf4j-api-1.7.5.jar:/Users/admin/.gvm/grails/2.4.4/lib/jline/jline/jars/jline-2.12.jar:/Users/admin/.gvm/grails/2.4.4/lib/org.apache.ant/ant/jars/ant-1.8.4.jar:/Users/admin/.gvm/grails/2.4.4/lib/org.apache.ant/ant-launcher/jars/ant-launcher-1.8.4.jar:/Users/admin/.gvm/grails/2.4.4/lib/org.apache.ant/ant-trax/jars/ant-trax-1.7.1.jar:/Users/admin/.gvm/grails/2.4.4/lib/org.apache.ant/ant-junit/jars/ant-junit-1.8.4.jar:/Users/admin/.gvm/grails/2.4.4/lib/org.apache.ivy/ivy/jars/ivy-2.3.0.jar:/Users/admin/.gvm/grails/2.4.4/lib/org.fusesource.jansi/jansi/jars/jansi-1.11.jar:/Users/admin/.m2/repository/org/apache/tomcat/tomcat-catalina-ant/7.0.55/tomcat-catalina-ant-7.0.55.jar:/Users/admin/.m2/repository/org/apache/tomcat/embed/tomcat-embed-jasper/7.0.55/tomcat-embed-jasper-7.0.55.jar:/Users/admin/.m2/repository/org/apache/tomcat/embed/tomcat-embed-el/7.0.55/tomcat-embed-el-7.0.55.jar:/Users/admin/.m2/repository/org/apache/tomcat/embed/tomcat-embed-logging-log4j/7.0.55/tomcat-embed-logging-log4j-7.0.55.jar:/Users/admin/.m2/repository/org/apache/tomcat/embed/tomcat-embed-websocket/7.0.55/tomcat-embed-websocket-7.0.55.jar:/Users/admin/.m2/repository/org/apache/tomcat/embed/tomcat-embed-core/7.0.55/tomcat-embed-core
Launcher Type: SUN_STANDARD

Environment Variables:
JAVA_HOME=/Library/Java/JavaVirtualMachines/jdk1.8.0_11.jdk/Contents/Home
PATH=/Users/admin/.gvm/vertx/current/bin:/Users/admin/.gvm/springboot/current/bin:/Users/admin/.gvm/lazybones/current/bin:/Users/admin/.gvm/jbake/current/bin:/Users/admin/.gvm/groovyserv/current/bin:/Users/admin/.gvm/groovy/current/bin:/Users/admin/.gvm/griffon/current/bin:/Users/admin/.gvm/grails/current/bin:/Users/admin/.gvm/gradle/current/bin:/Users/admin/.gvm/glide/current/bin:/Users/admin/.gvm/gaiden/current/bin:/Users/admin/.gvm/crash/current/bin:/Users/admin/.gvm/asciidoctorj/current/bin:/usr/local/opt/groovy/libexec/bin:/usr/local/bin:/usr/bin:/bin:/usr/sbin:/sbin
SHELL=/bin/bash

Signal Handlers:
SIGSEGV: [libjvm.dylib+0x56059b], sa_mask[0]=0xfffefeff, sa_flags=0x00000043
SIGBUS: [libjvm.dylib+0x56059b], sa_mask[0]=0xfffefeff, sa_flags=0x00000042
SIGFPE: [libjvm.dylib+0x4438f2], sa_mask[0]=0xfffefeff, sa_flags=0x00000042
SIGPIPE: [libjvm.dylib+0x4438f2], sa_mask[0]=0xfffefeff, sa_flags=0x00000042
SIGXFSZ: [libjvm.dylib+0x4438f2], sa_mask[0]=0xfffefeff, sa_flags=0x00000042
SIGILL: [libjvm.dylib+0x4438f2], sa_mask[0]=0xfffefeff, sa_flags=0x00000042
SIGUSR1: SIG_DFL, sa_mask[0]=0x63807efb, sa_flags=0x00000000
SIGUSR2: [libjvm.dylib+0x443410], sa_mask[0]=0x00000004, sa_flags=0x00000042
SIGHUP: [libjvm.dylib+0x44179b], sa_mask[0]=0xfffefeff, sa_flags=0x00000042
SIGINT: [libjvm.dylib+0x44179b], sa_mask[0]=0xfffefeff, sa_flags=0x00000042
SIGTERM: [libjvm.dylib+0x44179b], sa_mask[0]=0xfffefeff, sa_flags=0x00000042
SIGQUIT: [libjvm.dylib+0x44179b], sa_mask[0]=0xfffefeff, sa_flags=0x00000042


---------------  S Y S T E M  ---------------

OS:Bsduname:Darwin 14.0.0 Darwin Kernel Version 14.0.0: Sat Sep 27 03:58:47 PDT 2014; root:xnu-2782.1.97~11/RELEASE_X86_64 x86_64
rlimit: STACK 8192k, CORE 0k, NPROC 709, NOFILE 10240, AS infinity
load average:3.34 2.47 2.12

CPU:total 8 (4 cores per cpu, 2 threads per core) family 6 model 58 stepping 9, cmov, cx8, fxsr, mmx, sse, sse2, sse3, ssse3, sse4.1, sse4.2, popcnt, avx, aes, clmul, erms, ht, tsc, tscinvbit

Memory: 4k page, physical 16777216k(3048312k free)

/proc/meminfo:


vm_info: Java HotSpot(TM) 64-Bit Server VM (25.11-b03) for bsd-amd64 JRE (1.8.0_11-b12), built on Jun 16 2014 17:39:42 by "java_re" with gcc 4.2.1 (Based on Apple Inc. build 5658) (LLVM build 2336.11.00)

time: Tue Mar 24 22:51:42 2015
elapsed time: 11 seconds

