#
# A fatal error has been detected by the Java Runtime Environment:
#
#  SIGSEGV (0xb) at pc=0x000000010dad0dd0, pid=45701, tid=19203
#
# JRE version: Java(TM) SE Runtime Environment (8.0_11-b12) (build 1.8.0_11-b12)
# Java VM: Java HotSpot(TM) 64-Bit Server VM (25.11-b03 mixed mode bsd-amd64 compressed oops)
# Problematic frame:
# V  [libjvm.dylib+0xd0dd0]
#
# Failed to write core dump. Core dumps have been disabled. To enable core dumping, try "ulimit -c unlimited" before starting Java again
#
# If you would like to submit a bug report, please visit:
#   http://bugreport.sun.com/bugreport/crash.jsp
#

---------------  T H R E A D  ---------------

Current thread (0x00007fe5bd891800):  JavaThread "C2 CompilerThread1" daemon [_thread_in_native, id=19203, stack(0x00000001247cf000,0x00000001248cf000)]

siginfo:si_signo=SIGSEGV: si_errno=0, si_code=1 (SEGV_MAPERR), si_addr=0x0000000000000000

Registers:
RAX=0x00007fe5ba86f608, RBX=0x00007fe5ba155338, RCX=0x0000000000000000, RDX=0x0000000000000008
RSP=0x00000001248cb870, RBP=0x00000001248cb8e0, RSI=0x000000000000001c, RDI=0x0000000000000000
R8 =0x00007fe5ba40bd80, R9 =0x00007fe5ba0de698, R10=0x0000000000000068, R11=0x00000000000008d0
R12=0x0000000000000000, R13=0x0000000000000013, R14=0x00007fe5ba155338, R15=0x00000000000000c0
RIP=0x000000010dad0dd0, EFLAGS=0x0000000000010206, ERR=0x0000000000000004
  TRAPNO=0x000000000000000e

Top of Stack: (sp=0x00000001248cb870)
0x00000001248cb870:   00000001248cb8e0 00000000000000da
0x00000001248cb880:   00007fe5ba40bd80 00007fe5ba11d270
0x00000001248cb890:   00007fe5ba86fce0 0000001c00000008
0x00000001248cb8a0:   00000001248cc550 00007fe5ba86fd10
0x00000001248cb8b0:   00000000000000b8 00007fe5ba86fce0
0x00000001248cb8c0:   0000000000000012 0000000000000013
0x00000001248cb8d0:   00007fe5ba155338 00007fe5ba86ffff
0x00000001248cb8e0:   00000001248cb940 000000010dad0aed
0x00000001248cb8f0:   00000001248cb940 000000da248cdfd0
0x00000001248cb900:   00007fe5ba407a40 0000000aba86f600
0x00000001248cb910:   00000001248cc550 00007fe5ba0dee18
0x00000001248cb920:   00007fe5ba86fce0 0000000000000004
0x00000001248cb930:   00007fe5ba86c790 00007fe5ba86f410
0x00000001248cb940:   00000001248cba40 000000010dad1a1b
0x00000001248cb950:   000000000129ef00 0000000000000007
0x00000001248cb960:   0000000000000007 00007fe5ba409c5c
0x00000001248cb970:   00000000000000da 000000000000001c
0x00000001248cb980:   00007fe5ba409c5c 00007fe5bc32b540
0x00000001248cb990:   00000001248cdfd0 0000000000000007
0x00000001248cb9a0:   00007fe5ba409c5c 0000000000000007
0x00000001248cb9b0:   ffffffffffffffff 00000001248cc680
0x00000001248cb9c0:   00007fe5ba0de698 00007fe5ba407a40
0x00000001248cb9d0:   00000000000006d0 00000000000001b4
0x00000001248cb9e0:   0000000000000000 0000000100000080
0x00000001248cb9f0:   00007fe5bc32b540 00007fe5ba40a0a0
0x00000001248cba00:   00007fe500000004 0000000000000014
0x00000001248cba10:   0000000000000000 00000001248cdfd0
0x00000001248cba20:   00000001248cc680 00000000000009ec
0x00000001248cba30:   00007fe5ba404610 00000001248ce798
0x00000001248cba40:   00000001248cba90 000000010de4c3d8
0x00000001248cba50:   00007fe5ba154780 00007fe5ba0d9088
0x00000001248cba60:   00000001248ce140 00000001248cdfd0 

Instructions: (pc=0x000000010dad0dd0)
0x000000010dad0db0:   00 00 44 89 ff 8b 75 bc 8b 55 b8 e8 fa 0c 00 00
0x000000010dad0dc0:   48 89 45 d0 48 8b 45 b0 48 8b 40 08 4e 8b 24 f8
0x000000010dad0dd0:   49 8b 04 24 4c 89 e7 ff 50 28 48 63 48 10 48 89
0x000000010dad0de0:   ca 48 c1 e2 05 48 8d 35 94 8f 6f 00 80 7c 16 10 

Register to memory mapping:

RAX=0x00007fe5ba86f608 is an unknown value
RBX=0x00007fe5ba155338 is an unknown value
RCX=0x0000000000000000 is an unknown value
RDX=0x0000000000000008 is an unknown value
RSP=0x00000001248cb870 is pointing into the stack for thread: 0x00007fe5bd891800
RBP=0x00000001248cb8e0 is pointing into the stack for thread: 0x00007fe5bd891800
RSI=0x000000000000001c is an unknown value
RDI=0x0000000000000000 is an unknown value
R8 =0x00007fe5ba40bd80 is an unknown value
R9 =0x00007fe5ba0de698 is an unknown value
R10=0x0000000000000068 is an unknown value
R11=0x00000000000008d0 is an unknown value
R12=0x0000000000000000 is an unknown value
R13=0x0000000000000013 is an unknown value
R14=0x00007fe5ba155338 is an unknown value
R15=0x00000000000000c0 is an unknown value


Stack: [0x00000001247cf000,0x00000001248cf000],  sp=0x00000001248cb870,  free space=1010k
Native frames: (J=compiled Java code, j=interpreted, Vv=VM code, C=native code)
V  [libjvm.dylib+0xd0dd0]
V  [libjvm.dylib+0xd0aed]
V  [libjvm.dylib+0xd1a1b]
V  [libjvm.dylib+0x44c3d8]
V  [libjvm.dylib+0x19db98]
V  [libjvm.dylib+0x1a15d3]
V  [libjvm.dylib+0x144992]
V  [libjvm.dylib+0x1a4e7a]
V  [libjvm.dylib+0x1a6f89]
V  [libjvm.dylib+0x51d86d]
V  [libjvm.dylib+0x51efaa]
V  [libjvm.dylib+0x446026]
C  [libsystem_pthread.dylib+0x32fc]  _pthread_body+0x83
C  [libsystem_pthread.dylib+0x3279]  _pthread_body+0x0
C  [libsystem_pthread.dylib+0x14b1]  thread_start+0xd


Current CompileTask:
C2:  13530 5750       4       groovy.lang.MetaClassImpl::findPropertyMethod (356 bytes)


---------------  P R O C E S S  ---------------

Java Threads: ( => current thread )
  0x00007fe5ba0ef800 JavaThread "net.sf.ehcache.CacheManager@2757eacf" daemon [_thread_blocked, id=14087, stack(0x00000001256dd000,0x00000001257dd000)]
  0x00007fe5bb006000 JavaThread "PoolCleaner[1811922029:1427251303265]" daemon [_thread_blocked, id=14347, stack(0x0000000126fe9000,0x00000001270e9000)]
  0x00007fe5bdef2800 JavaThread "FileSystemWatcher: files=#97 cl=groovy.lang.GroovyClassLoader@6bffbc6d" daemon [_thread_blocked, id=24835, stack(0x00000001271a9000,0x00000001272a9000)]
  0x00007fe5bbd9f800 JavaThread "localhost-startStop-1" daemon [_thread_in_Java, id=24323, stack(0x0000000126ea5000,0x0000000126fa5000)]
  0x00007fe5bae1f000 JavaThread "Tomcat-startStop-1" daemon [_thread_blocked, id=23811, stack(0x0000000126da2000,0x0000000126ea2000)]
  0x00007fe5bae1b800 JavaThread "Thread-3" [_thread_in_native, id=23299, stack(0x000000012672d000,0x000000012682d000)]
  0x00007fe5be456000 JavaThread "Thread-2" [_thread_blocked, id=22787, stack(0x0000000124f03000,0x0000000125003000)]
  0x00007fe5bb883800 JavaThread "NonBlockingInputStreamThread" daemon [_thread_blocked, id=22275, stack(0x000000012635e000,0x000000012645e000)]
  0x00007fe5ba9fb800 JavaThread "process reaper" daemon [_thread_blocked, id=21763, stack(0x0000000124d84000,0x0000000124dac000)]
  0x00007fe5bb84d800 JavaThread "Service Thread" daemon [_thread_blocked, id=20739, stack(0x0000000124ad8000,0x0000000124bd8000)]
  0x00007fe5bd893000 JavaThread "C1 CompilerThread3" daemon [_thread_blocked, id=20227, stack(0x00000001249d5000,0x0000000124ad5000)]
  0x00007fe5bd892800 JavaThread "C2 CompilerThread2" daemon [_thread_in_native, id=19715, stack(0x00000001248d2000,0x00000001249d2000)]
=>0x00007fe5bd891800 JavaThread "C2 CompilerThread1" daemon [_thread_in_native, id=19203, stack(0x00000001247cf000,0x00000001248cf000)]
  0x00007fe5bd891000 JavaThread "C2 CompilerThread0" daemon [_thread_in_native, id=18691, stack(0x00000001246cc000,0x00000001247cc000)]
  0x00007fe5ba043000 JavaThread "Signal Dispatcher" daemon [_thread_blocked, id=15383, stack(0x000000012443d000,0x000000012453d000)]
  0x00007fe5ba811000 JavaThread "Finalizer" daemon [_thread_blocked, id=13571, stack(0x0000000122af8000,0x0000000122bf8000)]
  0x00007fe5ba810800 JavaThread "Reference Handler" daemon [_thread_blocked, id=13059, stack(0x00000001229f5000,0x0000000122af5000)]
  0x00007fe5bc807800 JavaThread "main" [_thread_blocked, id=4867, stack(0x000000010e8c2000,0x000000010e9c2000)]

Other Threads:
  0x00007fe5ba80b800 VMThread [stack: 0x00000001228f2000,0x00000001229f2000] [id=12547]
  0x00007fe5bd896800 WatcherThread [stack: 0x0000000124bdb000,0x0000000124cdb000] [id=21251]

VM state:not at safepoint (normal execution)

VM Mutex/Monitor currently owned by a thread: None

Heap:
 PSYoungGen      total 198656K, used 118339K [0x00000007b0000000, 0x00000007c0000000, 0x00000007c0000000)
  eden space 152064K, 61% used [0x00000007b0000000,0x00000007b5ac2b58,0x00000007b9480000)
  from space 46592K, 54% used [0x00000007b9480000,0x00000007bad4e258,0x00000007bc200000)
  to   space 53248K, 0% used [0x00000007bcc00000,0x00000007bcc00000,0x00000007c0000000)
 ParOldGen       total 73216K, used 63944K [0x0000000790000000, 0x0000000794780000, 0x00000007b0000000)
  object space 73216K, 87% used [0x0000000790000000,0x0000000793e72330,0x0000000794780000)
 Metaspace       used 57706K, capacity 59426K, committed 59604K, reserved 1101824K
  class space    used 6617K, capacity 7128K, committed 7168K, reserved 1048576K

Card table byte_map: [0x000000011ddb5000,0x000000011df36000] byte_map_base: 0x000000011a135000

Marking Bits: (ParMarkBitMap*) 0x000000010e2670a0
 Begin Bits: [0x000000011e84e000, 0x000000011f44e000)
 End Bits:   [0x000000011f44e000, 0x000000012004e000)

Polling page: 0x000000010c9af000

CodeCache: size=245760Kb used=19067Kb max_used=19067Kb free=226692Kb
 bounds [0x000000010e9f5000, 0x000000010fcb5000, 0x000000011d9f5000]
 total_blobs=5811 nmethods=5070 adapters=652
 compilation: enabled

Compilation events (10 events):
Event: 13.471 Thread 0x00007fe5bd893000 5823       2       groovy.lang.MetaClassImpl::hasProperty (6 bytes)
Event: 13.471 Thread 0x00007fe5bd893000 nmethod 5823 0x000000010fc64890 code [0x000000010fc64a00, 0x000000010fc64b88]
Event: 13.487 Thread 0x00007fe5bd893000 5824       2       grails.util.GrailsNameUtils::getGetterName (85 bytes)
Event: 13.488 Thread 0x00007fe5bd893000 nmethod 5824 0x000000010fc68b10 code [0x000000010fc68da0, 0x000000010fc69758]
Event: 13.491 Thread 0x00007fe5bd891800 nmethod 5364 0x000000010fc87050 code [0x000000010fc87360, 0x000000010fc899a0]
Event: 13.491 Thread 0x00007fe5bd891800 5750       4       groovy.lang.MetaClassImpl::findPropertyMethod (356 bytes)
Event: 13.491 Thread 0x00007fe5bd893000 5825 % !   3       java.util.concurrent.ConcurrentHashMap::transfer @ 99 (832 bytes)
Event: 13.494 Thread 0x00007fe5bd893000 nmethod 5825% 0x000000010fca3050 code [0x000000010fca33a0, 0x000000010fca5b08]
Event: 13.495 Thread 0x00007fe5bd893000 5826       2       org.codehaus.groovy.grails.commons.GrailsClassUtils::getGetterName (5 bytes)
Event: 13.495 Thread 0x00007fe5bd893000 nmethod 5826 0x000000010fc86d10 code [0x000000010fc86e60, 0x000000010fc86fa8]

GC Heap History (10 events):
Event: 10.737 GC heap before
{Heap before GC invocations=36 (full 2):
 PSYoungGen      total 159744K, used 154407K [0x00000007b0000000, 0x00000007bcb80000, 0x00000007c0000000)
  eden space 131072K, 100% used [0x00000007b0000000,0x00000007b8000000,0x00000007b8000000)
  from space 28672K, 81% used [0x00000007b8000000,0x00000007b96c9de8,0x00000007b9c00000)
  to   space 31744K, 0% used [0x00000007bac80000,0x00000007bac80000,0x00000007bcb80000)
 ParOldGen       total 64000K, used 43782K [0x0000000790000000, 0x0000000793e80000, 0x00000007b0000000)
  object space 64000K, 68% used [0x0000000790000000,0x0000000792ac1818,0x0000000793e80000)
 Metaspace       used 52689K, capacity 54218K, committed 54528K, reserved 1097728K
  class space    used 5949K, capacity 6399K, committed 6400K, reserved 1048576K
Event: 10.762 GC heap after
Heap after GC invocations=36 (full 2):
 PSYoungGen      total 173056K, used 28041K [0x00000007b0000000, 0x00000007bd400000, 0x00000007c0000000)
  eden space 141312K, 0% used [0x00000007b0000000,0x00000007b0000000,0x00000007b8a00000)
  from space 31744K, 88% used [0x00000007bac80000,0x00000007bc7e2780,0x00000007bcb80000)
  to   space 35328K, 0% used [0x00000007b8a00000,0x00000007b8a00000,0x00000007bac80000)
 ParOldGen       total 64000K, used 43790K [0x0000000790000000, 0x0000000793e80000, 0x00000007b0000000)
  object space 64000K, 68% used [0x0000000790000000,0x0000000792ac3818,0x0000000793e80000)
 Metaspace       used 52689K, capacity 54218K, committed 54528K, reserved 1097728K
  class space    used 5949K, capacity 6399K, committed 6400K, reserved 1048576K
}
Event: 11.258 GC heap before
{Heap before GC invocations=37 (full 2):
 PSYoungGen      total 173056K, used 169353K [0x00000007b0000000, 0x00000007bd400000, 0x00000007c0000000)
  eden space 141312K, 100% used [0x00000007b0000000,0x00000007b8a00000,0x00000007b8a00000)
  from space 31744K, 88% used [0x00000007bac80000,0x00000007bc7e2780,0x00000007bcb80000)
  to   space 35328K, 0% used [0x00000007b8a00000,0x00000007b8a00000,0x00000007bac80000)
 ParOldGen       total 64000K, used 43790K [0x0000000790000000, 0x0000000793e80000, 0x00000007b0000000)
  object space 64000K, 68% used [0x0000000790000000,0x0000000792ac3818,0x0000000793e80000)
 Metaspace       used 53461K, capacity 54964K, committed 55168K, reserved 1097728K
  class space    used 6050K, capacity 6510K, committed 6528K, reserved 1048576K
Event: 11.280 GC heap after
Heap after GC invocations=37 (full 2):
 PSYoungGen      total 176640K, used 33040K [0x00000007b0000000, 0x00000007be980000, 0x00000007c0000000)
  eden space 141312K, 0% used [0x00000007b0000000,0x00000007b0000000,0x00000007b8a00000)
  from space 35328K, 93% used [0x00000007b8a00000,0x00000007baa443b8,0x00000007bac80000)
  to   space 40448K, 0% used [0x00000007bc200000,0x00000007bc200000,0x00000007be980000)
 ParOldGen       total 64000K, used 43798K [0x0000000790000000, 0x0000000793e80000, 0x00000007b0000000)
  object space 64000K, 68% used [0x0000000790000000,0x0000000792ac5818,0x0000000793e80000)
 Metaspace       used 53461K, capacity 54964K, committed 55168K, reserved 1097728K
  class space    used 6050K, capacity 6510K, committed 6528K, reserved 1048576K
}
Event: 11.831 GC heap before
{Heap before GC invocations=38 (full 2):
 PSYoungGen      total 176640K, used 174352K [0x00000007b0000000, 0x00000007be980000, 0x00000007c0000000)
  eden space 141312K, 100% used [0x00000007b0000000,0x00000007b8a00000,0x00000007b8a00000)
  from space 35328K, 93% used [0x00000007b8a00000,0x00000007baa443b8,0x00000007bac80000)
  to   space 40448K, 0% used [0x00000007bc200000,0x00000007bc200000,0x00000007be980000)
 ParOldGen       total 64000K, used 43798K [0x0000000790000000, 0x0000000793e80000, 0x00000007b0000000)
  object space 64000K, 68% used [0x0000000790000000,0x0000000792ac5818,0x0000000793e80000)
 Metaspace       used 54693K, capacity 56256K, committed 56320K, reserved 1099776K
  class space    used 6149K, capacity 6641K, committed 6656K, reserved 1048576K
Event: 11.867 GC heap after
Heap after GC invocations=38 (full 2):
 PSYoungGen      total 192512K, used 40319K [0x00000007b0000000, 0x00000007bf700000, 0x00000007c0000000)
  eden space 152064K, 0% used [0x00000007b0000000,0x00000007b0000000,0x00000007b9480000)
  from space 40448K, 99% used [0x00000007bc200000,0x00000007be95fe90,0x00000007be980000)
  to   space 46592K, 0% used [0x00000007b9480000,0x00000007b9480000,0x00000007bc200000)
 ParOldGen       total 64000K, used 43806K [0x0000000790000000, 0x0000000793e80000, 0x00000007b0000000)
  object space 64000K, 68% used [0x0000000790000000,0x0000000792ac7818,0x0000000793e80000)
 Metaspace       used 54693K, capacity 56256K, committed 56320K, reserved 1099776K
  class space    used 6149K, capacity 6641K, committed 6656K, reserved 1048576K
}
Event: 12.440 GC heap before
{Heap before GC invocations=39 (full 2):
 PSYoungGen      total 192512K, used 177913K [0x00000007b0000000, 0x00000007bf700000, 0x00000007c0000000)
  eden space 152064K, 90% used [0x00000007b0000000,0x00000007b865e660,0x00000007b9480000)
  from space 40448K, 99% used [0x00000007bc200000,0x00000007be95fe90,0x00000007be980000)
  to   space 46592K, 0% used [0x00000007b9480000,0x00000007b9480000,0x00000007bc200000)
 ParOldGen       total 64000K, used 43806K [0x0000000790000000, 0x0000000793e80000, 0x00000007b0000000)
  object space 64000K, 68% used [0x0000000790000000,0x0000000792ac7818,0x0000000793e80000)
 Metaspace       used 56796K, capacity 58386K, committed 58452K, reserved 1101824K
  class space    used 6485K, capacity 7007K, committed 7040K, reserved 1048576K
Event: 12.471 GC heap after
Heap after GC invocations=39 (full 2):
 PSYoungGen      total 198656K, used 44168K [0x00000007b0000000, 0x00000007c0000000, 0x00000007c0000000)
  eden space 152064K, 0% used [0x00000007b0000000,0x00000007b0000000,0x00000007b9480000)
  from space 46592K, 94% used [0x00000007b9480000,0x00000007bbfa20c0,0x00000007bc200000)
  to   space 53248K, 0% used [0x00000007bcc00000,0x00000007bcc00000,0x00000007c0000000)
 ParOldGen       total 64000K, used 49182K [0x0000000790000000, 0x0000000793e80000, 0x00000007b0000000)
  object space 64000K, 76% used [0x0000000790000000,0x0000000793007828,0x0000000793e80000)
 Metaspace       used 56796K, capacity 58386K, committed 58452K, reserved 1101824K
  class space    used 6485K, capacity 7007K, committed 7040K, reserved 1048576K
}
Event: 12.471 GC heap before
{Heap before GC invocations=40 (full 3):
 PSYoungGen      total 198656K, used 44168K [0x00000007b0000000, 0x00000007c0000000, 0x00000007c0000000)
  eden space 152064K, 0% used [0x00000007b0000000,0x00000007b0000000,0x00000007b9480000)
  from space 46592K, 94% used [0x00000007b9480000,0x00000007bbfa20c0,0x00000007bc200000)
  to   space 53248K, 0% used [0x00000007bcc00000,0x00000007bcc00000,0x00000007c0000000)
 ParOldGen       total 64000K, used 49182K [0x0000000790000000, 0x0000000793e80000, 0x00000007b0000000)
  object space 64000K, 76% used [0x0000000790000000,0x0000000793007828,0x0000000793e80000)
 Metaspace       used 56796K, capacity 58386K, committed 58452K, reserved 1101824K
  class space    used 6485K, capacity 7007K, committed 7040K, reserved 1048576K
Event: 13.069 GC heap after
Heap after GC invocations=40 (full 3):
 PSYoungGen      total 198656K, used 25400K [0x00000007b0000000, 0x00000007c0000000, 0x00000007c0000000)
  eden space 152064K, 0% used [0x00000007b0000000,0x00000007b0000000,0x00000007b9480000)
  from space 46592K, 54% used [0x00000007b9480000,0x00000007bad4e258,0x00000007bc200000)
  to   space 53248K, 0% used [0x00000007bcc00000,0x00000007bcc00000,0x00000007c0000000)
 ParOldGen       total 73216K, used 63944K [0x0000000790000000, 0x0000000794780000, 0x00000007b0000000)
  object space 73216K, 87% used [0x0000000790000000,0x0000000793e72330,0x0000000794780000)
 Metaspace       used 56796K, capacity 58386K, committed 58452K, reserved 1101824K
  class space    used 6485K, capacity 7007K, committed 7040K, reserved 1048576K
}

Deoptimization events (10 events):
Event: 10.448 Thread 0x00007fe5bbd9f800 Uncommon trap: reason=class_check action=maybe_recompile pc=0x000000010eb8f3bc method=java.util.TreeMap.put(Ljava/lang/Object;Ljava/lang/Object;)Ljava/lang/Object; @ 127
Event: 10.599 Thread 0x00007fe5bbd9f800 Uncommon trap: reason=unreached action=reinterpret pc=0x000000010ec828b8 method=java.lang.reflect.Method.equals(Ljava/lang/Object;)Z @ 1
Event: 10.641 Thread 0x00007fe5bbd9f800 Uncommon trap: reason=null_check action=make_not_entrant pc=0x000000010f48902c method=java.lang.Class.getMethod0(Ljava/lang/String;[Ljava/lang/Class;Z)Ljava/lang/reflect/Method; @ 35
Event: 10.641 Thread 0x00007fe5bbd9f800 Uncommon trap: reason=null_check action=make_not_entrant pc=0x000000010f69f430 method=java.lang.Class.privateGetDeclaredConstructors(Z)[Ljava/lang/reflect/Constructor; @ 35
Event: 10.721 Thread 0x00007fe5bbd9f800 Uncommon trap: reason=unreached action=reinterpret pc=0x000000010f9e6acc method=org.codehaus.groovy.runtime.metaclass.MetaMethodIndex.isNonRealMethod(Lgroovy/lang/MetaMethod;)Z @ 4
Event: 10.805 Thread 0x00007fe5bbd9f800 Uncommon trap: reason=bimorphic action=maybe_recompile pc=0x000000010f9eefa8 method=groovy.lang.MetaClassImpl$1MOPIter.methodNameAction(Ljava/lang/Class;Lorg/codehaus/groovy/runtime/metaclass/MetaMethodIndex$Entry;)V @ 62
Event: 10.805 Thread 0x00007fe5bbd9f800 Uncommon trap: reason=bimorphic action=maybe_recompile pc=0x000000010f9eefa8 method=groovy.lang.MetaClassImpl$1MOPIter.methodNameAction(Ljava/lang/Class;Lorg/codehaus/groovy/runtime/metaclass/MetaMethodIndex$Entry;)V @ 62
Event: 10.805 Thread 0x00007fe5bbd9f800 Uncommon trap: reason=bimorphic action=maybe_recompile pc=0x000000010f9eefa8 method=groovy.lang.MetaClassImpl$1MOPIter.methodNameAction(Ljava/lang/Class;Lorg/codehaus/groovy/runtime/metaclass/MetaMethodIndex$Entry;)V @ 62
Event: 10.842 Thread 0x00007fe5bbd9f800 Uncommon trap: reason=null_assert action=make_not_entrant pc=0x000000010f7fca68 method=java.util.concurrent.ConcurrentHashMap.transfer([Ljava/util/concurrent/ConcurrentHashMap$Node;[Ljava/util/concurrent/ConcurrentHashMap$Node;)V @ 557
Event: 10.842 Thread 0x00007fe5bbd9f800 Uncommon trap: reason=null_assert action=make_not_entrant pc=0x000000010f05f3c8 method=java.util.concurrent.ConcurrentHashMap.transfer([Ljava/util/concurrent/ConcurrentHashMap$Node;[Ljava/util/concurrent/ConcurrentHashMap$Node;)V @ 557

Internal exceptions (10 events):
Event: 13.427 Thread 0x00007fe5bbd9f800 Exception <a 'java/security/PrivilegedActionException'> (0x00000007b538a000) thrown at [/HUDSON3/workspace/8-2-build-macosx-x86_64/jdk8u11/648/hotspot/src/share/vm/prims/jvm.cpp, line 1248]
Event: 13.427 Thread 0x00007fe5bbd9f800 Exception <a 'java/lang/ClassNotFoundException': org/codehaus/groovy/grails/web/util/TagLibraryMetaUtils$_registerPropertyMissingForTag_closure6BeanInfo> (0x00000007b538af80) thrown at [/HUDSON3/workspace/8-2-build-macosx-x86_64/jdk8u11/648/hotspot/src/sh
Event: 13.427 Thread 0x00007fe5bbd9f800 Exception <a 'java/security/PrivilegedActionException'> (0x00000007b538c908) thrown at [/HUDSON3/workspace/8-2-build-macosx-x86_64/jdk8u11/648/hotspot/src/share/vm/prims/jvm.cpp, line 1248]
Event: 13.427 Thread 0x00007fe5bbd9f800 Exception <a 'java/security/PrivilegedActionException'> (0x00000007b53929f8) thrown at [/HUDSON3/workspace/8-2-build-macosx-x86_64/jdk8u11/648/hotspot/src/share/vm/prims/jvm.cpp, line 1248]
Event: 13.427 Thread 0x00007fe5bbd9f800 Exception <a 'java/security/PrivilegedActionException'> (0x00000007b53a9ba0) thrown at [/HUDSON3/workspace/8-2-build-macosx-x86_64/jdk8u11/648/hotspot/src/share/vm/prims/jvm.cpp, line 1248]
Event: 13.427 Thread 0x00007fe5bbd9f800 Exception <a 'java/security/PrivilegedActionException'> (0x00000007b53c7548) thrown at [/HUDSON3/workspace/8-2-build-macosx-x86_64/jdk8u11/648/hotspot/src/share/vm/prims/jvm.cpp, line 1248]
Event: 13.427 Thread 0x00007fe5bbd9f800 Exception <a 'java/security/PrivilegedActionException'> (0x00000007b53cd638) thrown at [/HUDSON3/workspace/8-2-build-macosx-x86_64/jdk8u11/648/hotspot/src/share/vm/prims/jvm.cpp, line 1248]
Event: 13.427 Thread 0x00007fe5bbd9f800 Exception <a 'java/security/PrivilegedActionException'> (0x00000007b53e47e0) thrown at [/HUDSON3/workspace/8-2-build-macosx-x86_64/jdk8u11/648/hotspot/src/share/vm/prims/jvm.cpp, line 1248]
Event: 13.428 Thread 0x00007fe5bbd9f800 Exception <a 'java/security/PrivilegedActionException'> (0x00000007b5417dd8) thrown at [/HUDSON3/workspace/8-2-build-macosx-x86_64/jdk8u11/648/hotspot/src/share/vm/prims/jvm.cpp, line 1248]
Event: 13.428 Thread 0x00007fe5bbd9f800 Exception <a 'java/lang/ClassNotFoundException': org/codehaus/groovy/grails/web/util/TagLibraryMetaUtils$_registerPropertyMissingForTag_closure6Customizer> (0x00000007b5418d60) thrown at [/HUDSON3/workspace/8-2-build-macosx-x86_64/jdk8u11/648/hotspot/src/

Events (10 events):
Event: 13.426 loading class org/codehaus/groovy/grails/web/util/TagLibraryMetaUtils$_registerPropertyMissingForTag_closure6BeanInfo
Event: 13.426 loading class org/codehaus/groovy/grails/web/util/TagLibraryMetaUtils$_registerPropertyMissingForTag_closure6BeanInfo done
Event: 13.427 loading class org/codehaus/groovy/grails/web/util/TagLibraryMetaUtils$_registerPropertyMissingForTag_closure6BeanInfo
Event: 13.427 loading class org/codehaus/groovy/grails/web/util/TagLibraryMetaUtils$_registerPropertyMissingForTag_closure6BeanInfo done
Event: 13.427 loading class org/codehaus/groovy/grails/web/util/TagLibraryMetaUtils$_registerPropertyMissingForTag_closure6Customizer
Event: 13.427 loading class org/codehaus/groovy/grails/web/util/TagLibraryMetaUtils$_registerPropertyMissingForTag_closure6Customizer done
Event: 13.427 loading class org/codehaus/groovy/grails/web/util/TagLibraryMetaUtils$_registerPropertyMissingForTag_closure6Customizer
Event: 13.427 loading class org/codehaus/groovy/grails/web/util/TagLibraryMetaUtils$_registerPropertyMissingForTag_closure6Customizer done
Event: 13.428 loading class org/codehaus/groovy/grails/web/util/TagLibraryMetaUtils$_registerPropertyMissingForTag_closure6Customizer
Event: 13.428 loading class org/codehaus/groovy/grails/web/util/TagLibraryMetaUtils$_registerPropertyMissingForTag_closure6Customizer done


Dynamic libraries:
0x0000000000985000 	/System/Library/Frameworks/Cocoa.framework/Versions/A/Cocoa
0x0000000000985000 	/System/Library/Frameworks/Security.framework/Versions/A/Security
0x0000000000985000 	/System/Library/Frameworks/ApplicationServices.framework/Versions/A/ApplicationServices
0x0000000000985000 	/usr/lib/libz.1.dylib
0x0000000000985000 	/usr/lib/libSystem.B.dylib
0x0000000000985000 	/usr/lib/libobjc.A.dylib
0x0000000000985000 	/System/Library/Frameworks/CoreFoundation.framework/Versions/A/CoreFoundation
0x0000000000985000 	/System/Library/Frameworks/Foundation.framework/Versions/C/Foundation
0x0000000000985000 	/System/Library/Frameworks/AppKit.framework/Versions/C/AppKit
0x0000000000985000 	/System/Library/Frameworks/CoreData.framework/Versions/A/CoreData
0x0000000000985000 	/System/Library/PrivateFrameworks/RemoteViewServices.framework/Versions/A/RemoteViewServices
0x0000000000985000 	/System/Library/PrivateFrameworks/UIFoundation.framework/Versions/A/UIFoundation
0x0000000000985000 	/System/Library/Frameworks/IOSurface.framework/Versions/A/IOSurface
0x0000000000985000 	/System/Library/Frameworks/AudioToolbox.framework/Versions/A/AudioToolbox
0x0000000000985000 	/System/Library/Frameworks/AudioUnit.framework/Versions/A/AudioUnit
0x0000000000985000 	/System/Library/PrivateFrameworks/DataDetectorsCore.framework/Versions/A/DataDetectorsCore
0x0000000000985000 	/System/Library/PrivateFrameworks/DesktopServicesPriv.framework/Versions/A/DesktopServicesPriv
0x0000000000985000 	/System/Library/Frameworks/Carbon.framework/Versions/A/Frameworks/HIToolbox.framework/Versions/A/HIToolbox
0x0000000000985000 	/System/Library/Frameworks/QuartzCore.framework/Versions/A/QuartzCore
0x0000000000985000 	/System/Library/Frameworks/Carbon.framework/Versions/A/Frameworks/SpeechRecognition.framework/Versions/A/SpeechRecognition
0x0000000000985000 	/usr/lib/libauto.dylib
0x0000000000985000 	/usr/lib/libicucore.A.dylib
0x0000000000985000 	/usr/lib/libxml2.2.dylib
0x0000000000985000 	/System/Library/PrivateFrameworks/CoreUI.framework/Versions/A/CoreUI
0x0000000000985000 	/System/Library/Frameworks/CoreAudio.framework/Versions/A/CoreAudio
0x0000000000985000 	/System/Library/Frameworks/DiskArbitration.framework/Versions/A/DiskArbitration
0x0000000000985000 	/usr/lib/liblangid.dylib
0x0000000000985000 	/System/Library/PrivateFrameworks/MultitouchSupport.framework/Versions/A/MultitouchSupport
0x0000000000985000 	/System/Library/Frameworks/IOKit.framework/Versions/A/IOKit
0x0000000000985000 	/usr/lib/libDiagnosticMessagesClient.dylib
0x0000000000985000 	/System/Library/Frameworks/CoreServices.framework/Versions/A/CoreServices
0x0000000000985000 	/System/Library/PrivateFrameworks/PerformanceAnalysis.framework/Versions/A/PerformanceAnalysis
0x0000000000985000 	/System/Library/PrivateFrameworks/GenerationalStorage.framework/Versions/A/GenerationalStorage
0x0000000000985000 	/System/Library/Frameworks/OpenGL.framework/Versions/A/OpenGL
0x0000000000985000 	/System/Library/PrivateFrameworks/Sharing.framework/Versions/A/Sharing
0x0000000000985000 	/System/Library/Frameworks/CoreGraphics.framework/Versions/A/CoreGraphics
0x0000000000985000 	/System/Library/Frameworks/CoreText.framework/Versions/A/CoreText
0x0000000000985000 	/System/Library/Frameworks/ImageIO.framework/Versions/A/ImageIO
0x0000000000985000 	/usr/lib/libextension.dylib
0x0000000000985000 	/System/Library/PrivateFrameworks/Backup.framework/Versions/A/Backup
0x0000000000985000 	/usr/lib/libarchive.2.dylib
0x0000000000985000 	/System/Library/Frameworks/CFNetwork.framework/Versions/A/CFNetwork
0x0000000000985000 	/System/Library/Frameworks/SystemConfiguration.framework/Versions/A/SystemConfiguration
0x0000000000985000 	/usr/lib/libCRFSuite.dylib
0x0000000000985000 	/usr/lib/libc++.1.dylib
0x0000000000985000 	/usr/lib/libc++abi.dylib
0x0000000000985000 	/usr/lib/system/libcache.dylib
0x0000000000985000 	/usr/lib/system/libcommonCrypto.dylib
0x0000000000985000 	/usr/lib/system/libcompiler_rt.dylib
0x0000000000985000 	/usr/lib/system/libcopyfile.dylib
0x0000000000985000 	/usr/lib/system/libcorecrypto.dylib
0x0000000000985000 	/usr/lib/system/libdispatch.dylib
0x0000000000985000 	/usr/lib/system/libdyld.dylib
0x0000000000985000 	/usr/lib/system/libkeymgr.dylib
0x0000000000985000 	/usr/lib/system/liblaunch.dylib
0x0000000000985000 	/usr/lib/system/libmacho.dylib
0x0000000000985000 	/usr/lib/system/libquarantine.dylib
0x0000000000985000 	/usr/lib/system/libremovefile.dylib
0x0000000000985000 	/usr/lib/system/libsystem_asl.dylib
0x0000000000985000 	/usr/lib/system/libsystem_blocks.dylib
0x0000000000985000 	/usr/lib/system/libsystem_c.dylib
0x0000000000985000 	/usr/lib/system/libsystem_configuration.dylib
0x0000000000985000 	/usr/lib/system/libsystem_coreservices.dylib
0x0000000000985000 	/usr/lib/system/libsystem_coretls.dylib
0x0000000000985000 	/usr/lib/system/libsystem_dnssd.dylib
0x0000000000985000 	/usr/lib/system/libsystem_info.dylib
0x0000000000985000 	/usr/lib/system/libsystem_kernel.dylib
0x0000000000985000 	/usr/lib/system/libsystem_m.dylib
0x0000000000985000 	/usr/lib/system/libsystem_malloc.dylib
0x0000000000985000 	/usr/lib/system/libsystem_network.dylib
0x0000000000985000 	/usr/lib/system/libsystem_networkextension.dylib
0x0000000000985000 	/usr/lib/system/libsystem_notify.dylib
0x0000000000985000 	/usr/lib/system/libsystem_platform.dylib
0x0000000000985000 	/usr/lib/system/libsystem_pthread.dylib
0x0000000000985000 	/usr/lib/system/libsystem_sandbox.dylib
0x0000000000985000 	/usr/lib/system/libsystem_secinit.dylib
0x0000000000985000 	/usr/lib/system/libsystem_stats.dylib
0x0000000000985000 	/usr/lib/system/libsystem_trace.dylib
0x0000000000985000 	/usr/lib/system/libunc.dylib
0x0000000000985000 	/usr/lib/system/libunwind.dylib
0x0000000000985000 	/usr/lib/system/libxpc.dylib
0x0000000000985000 	/usr/lib/libbz2.1.0.dylib
0x0000000000985000 	/usr/lib/liblzma.5.dylib
0x0000000000985000 	/usr/lib/libbsm.0.dylib
0x0000000000985000 	/usr/lib/libsqlite3.dylib
0x0000000000985000 	/usr/lib/system/libkxld.dylib
0x0000000000985000 	/usr/lib/libxar.1.dylib
0x0000000000985000 	/usr/lib/libpam.2.dylib
0x0000000000985000 	/usr/lib/libOpenScriptingUtil.dylib
0x0000000000985000 	/System/Library/Frameworks/CoreServices.framework/Versions/A/Frameworks/FSEvents.framework/Versions/A/FSEvents
0x0000000000985000 	/System/Library/Frameworks/CoreServices.framework/Versions/A/Frameworks/CarbonCore.framework/Versions/A/CarbonCore
0x0000000000985000 	/System/Library/Frameworks/CoreServices.framework/Versions/A/Frameworks/Metadata.framework/Versions/A/Metadata
0x0000000000985000 	/System/Library/Frameworks/CoreServices.framework/Versions/A/Frameworks/OSServices.framework/Versions/A/OSServices
0x0000000000985000 	/System/Library/Frameworks/CoreServices.framework/Versions/A/Frameworks/SearchKit.framework/Versions/A/SearchKit
0x0000000000985000 	/System/Library/Frameworks/CoreServices.framework/Versions/A/Frameworks/AE.framework/Versions/A/AE
0x0000000000985000 	/System/Library/Frameworks/CoreServices.framework/Versions/A/Frameworks/LaunchServices.framework/Versions/A/LaunchServices
0x0000000000985000 	/System/Library/Frameworks/CoreServices.framework/Versions/A/Frameworks/DictionaryServices.framework/Versions/A/DictionaryServices
0x0000000000985000 	/System/Library/Frameworks/NetFS.framework/Versions/A/NetFS
0x0000000000985000 	/System/Library/PrivateFrameworks/NetAuth.framework/Versions/A/NetAuth
0x0000000000985000 	/System/Library/PrivateFrameworks/login.framework/Versions/A/Frameworks/loginsupport.framework/Versions/A/loginsupport
0x0000000000985000 	/System/Library/PrivateFrameworks/TCC.framework/Versions/A/TCC
0x0000000000985000 	/usr/lib/libmecabra.dylib
0x0000000000985000 	/System/Library/PrivateFrameworks/LanguageModeling.framework/Versions/A/LanguageModeling
0x0000000000985000 	/usr/lib/libcmph.dylib
0x0000000000985000 	/usr/lib/libiconv.2.dylib
0x0000000000985000 	/System/Library/Frameworks/OpenDirectory.framework/Versions/A/Frameworks/CFOpenDirectory.framework/Versions/A/CFOpenDirectory
0x0000000000985000 	/System/Library/Frameworks/ServiceManagement.framework/Versions/A/ServiceManagement
0x0000000000985000 	/usr/lib/libxslt.1.dylib
0x0000000000985000 	/System/Library/Frameworks/Carbon.framework/Versions/A/Frameworks/Ink.framework/Versions/A/Ink
0x0000000000985000 	/System/Library/Frameworks/ApplicationServices.framework/Versions/A/Frameworks/ATS.framework/Versions/A/ATS
0x0000000000985000 	/System/Library/Frameworks/ApplicationServices.framework/Versions/A/Frameworks/ColorSync.framework/Versions/A/ColorSync
0x0000000000985000 	/System/Library/Frameworks/ApplicationServices.framework/Versions/A/Frameworks/HIServices.framework/Versions/A/HIServices
0x0000000000985000 	/System/Library/Frameworks/ApplicationServices.framework/Versions/A/Frameworks/LangAnalysis.framework/Versions/A/LangAnalysis
0x0000000000985000 	/System/Library/Frameworks/ApplicationServices.framework/Versions/A/Frameworks/PrintCore.framework/Versions/A/PrintCore
0x0000000000985000 	/System/Library/Frameworks/ApplicationServices.framework/Versions/A/Frameworks/QD.framework/Versions/A/QD
0x0000000000985000 	/System/Library/Frameworks/ApplicationServices.framework/Versions/A/Frameworks/SpeechSynthesis.framework/Versions/A/SpeechSynthesis
0x0000000000985000 	/System/Library/Frameworks/Accelerate.framework/Versions/A/Accelerate
0x0000000000985000 	/System/Library/Frameworks/Accelerate.framework/Versions/A/Frameworks/vImage.framework/Versions/A/vImage
0x0000000000985000 	/System/Library/Frameworks/Accelerate.framework/Versions/A/Frameworks/vecLib.framework/Versions/A/vecLib
0x0000000000985000 	/System/Library/Frameworks/Accelerate.framework/Versions/A/Frameworks/vecLib.framework/Versions/A/libvDSP.dylib
0x0000000000985000 	/System/Library/Frameworks/Accelerate.framework/Versions/A/Frameworks/vecLib.framework/Versions/A/libvMisc.dylib
0x0000000000985000 	/System/Library/Frameworks/Accelerate.framework/Versions/A/Frameworks/vecLib.framework/Versions/A/libLAPACK.dylib
0x0000000000985000 	/System/Library/Frameworks/Accelerate.framework/Versions/A/Frameworks/vecLib.framework/Versions/A/libBLAS.dylib
0x0000000000985000 	/System/Library/Frameworks/Accelerate.framework/Versions/A/Frameworks/vecLib.framework/Versions/A/libLinearAlgebra.dylib
0x0000000000985000 	/System/Library/Frameworks/ApplicationServices.framework/Versions/A/Frameworks/ATS.framework/Versions/A/Resources/libFontParser.dylib
0x0000000000985000 	/System/Library/Frameworks/ApplicationServices.framework/Versions/A/Frameworks/ATS.framework/Versions/A/Resources/libFontRegistry.dylib
0x0000000000985000 	/System/Library/PrivateFrameworks/AppleVPA.framework/Versions/A/AppleVPA
0x0000000000985000 	/System/Library/PrivateFrameworks/AppleJPEG.framework/Versions/A/AppleJPEG
0x0000000000985000 	/System/Library/Frameworks/ImageIO.framework/Versions/A/Resources/libJPEG.dylib
0x0000000000985000 	/System/Library/Frameworks/ImageIO.framework/Versions/A/Resources/libTIFF.dylib
0x0000000000985000 	/System/Library/Frameworks/ImageIO.framework/Versions/A/Resources/libPng.dylib
0x0000000000985000 	/System/Library/Frameworks/ImageIO.framework/Versions/A/Resources/libGIF.dylib
0x0000000000985000 	/System/Library/Frameworks/ImageIO.framework/Versions/A/Resources/libJP2.dylib
0x0000000000985000 	/System/Library/Frameworks/ImageIO.framework/Versions/A/Resources/libRadiance.dylib
0x0000000000985000 	/System/Library/Frameworks/CoreVideo.framework/Versions/A/CoreVideo
0x0000000000985000 	/System/Library/Frameworks/OpenGL.framework/Versions/A/Libraries/libGLU.dylib
0x0000000000985000 	/System/Library/Frameworks/OpenGL.framework/Versions/A/Libraries/libGFXShared.dylib
0x0000000000985000 	/System/Library/Frameworks/OpenGL.framework/Versions/A/Libraries/libGL.dylib
0x0000000000985000 	/System/Library/Frameworks/OpenGL.framework/Versions/A/Libraries/libGLImage.dylib
0x0000000000985000 	/System/Library/Frameworks/OpenGL.framework/Versions/A/Libraries/libCVMSPluginSupport.dylib
0x0000000000985000 	/System/Library/Frameworks/OpenGL.framework/Versions/A/Libraries/libCoreVMClient.dylib
0x0000000000985000 	/usr/lib/libcups.2.dylib
0x0000000000985000 	/System/Library/Frameworks/Kerberos.framework/Versions/A/Kerberos
0x0000000000985000 	/System/Library/Frameworks/GSS.framework/Versions/A/GSS
0x0000000000985000 	/usr/lib/libresolv.9.dylib
0x0000000000985000 	/System/Library/PrivateFrameworks/Heimdal.framework/Versions/A/Heimdal
0x0000000000985000 	/usr/lib/libheimdal-asn1.dylib
0x0000000000985000 	/System/Library/Frameworks/OpenDirectory.framework/Versions/A/OpenDirectory
0x0000000000985000 	/System/Library/PrivateFrameworks/CommonAuth.framework/Versions/A/CommonAuth
0x0000000000985000 	/System/Library/Frameworks/SecurityFoundation.framework/Versions/A/SecurityFoundation
0x0000000000985000 	/System/Library/Frameworks/QuartzCore.framework/Versions/A/Frameworks/CoreImage.framework/Versions/A/CoreImage
0x0000000000985000 	/System/Library/PrivateFrameworks/CrashReporterSupport.framework/Versions/A/CrashReporterSupport
0x0000000000985000 	/System/Library/Frameworks/OpenCL.framework/Versions/A/OpenCL
0x0000000000985000 	/System/Library/PrivateFrameworks/FaceCore.framework/Versions/A/FaceCore
0x0000000000985000 	/System/Library/PrivateFrameworks/Ubiquity.framework/Versions/A/Ubiquity
0x0000000000985000 	/System/Library/PrivateFrameworks/IconServices.framework/Versions/A/IconServices
0x0000000000985000 	/System/Library/PrivateFrameworks/ChunkingLibrary.framework/Versions/A/ChunkingLibrary
0x0000000000985000 	/System/Library/PrivateFrameworks/Apple80211.framework/Versions/A/Apple80211
0x0000000000985000 	/System/Library/Frameworks/CoreWLAN.framework/Versions/A/CoreWLAN
0x0000000000985000 	/System/Library/Frameworks/IOBluetooth.framework/Versions/A/IOBluetooth
0x0000000000985000 	/System/Library/PrivateFrameworks/CoreWiFi.framework/Versions/A/CoreWiFi
0x0000000000985000 	/System/Library/Frameworks/CoreBluetooth.framework/Versions/A/CoreBluetooth
0x0000000000985000 	/System/Library/PrivateFrameworks/DebugSymbols.framework/Versions/A/DebugSymbols
0x0000000000985000 	/System/Library/PrivateFrameworks/CoreSymbolication.framework/Versions/A/CoreSymbolication
0x0000000000985000 	/System/Library/PrivateFrameworks/Symbolication.framework/Versions/A/Symbolication
0x0000000000985000 	/System/Library/PrivateFrameworks/SpeechRecognitionCore.framework/Versions/A/SpeechRecognitionCore
0x000000010da00000 	/Library/Java/JavaVirtualMachines/jdk1.8.0_11.jdk/Contents/Home/jre/lib/server/libjvm.dylib
0x0000000000985000 	/usr/lib/libstdc++.6.dylib
0x000000010c96d000 	/Library/Java/JavaVirtualMachines/jdk1.8.0_11.jdk/Contents/Home/jre/lib/libverify.dylib
0x000000010c97b000 	/Library/Java/JavaVirtualMachines/jdk1.8.0_11.jdk/Contents/Home/jre/lib/libjava.dylib
0x000000010c9b0000 	/Library/Java/JavaVirtualMachines/jdk1.8.0_11.jdk/Contents/Home/jre/lib/libinstrument.dylib
0x000000010c9dd000 	/Library/Java/JavaVirtualMachines/jdk1.8.0_11.jdk/Contents/Home/jre/lib/libzip.dylib
0x0000000122bfa000 	/System/Library/Frameworks/JavaVM.framework/Frameworks/JavaRuntimeSupport.framework/JavaRuntimeSupport
0x0000000122c10000 	/System/Library/Frameworks/JavaVM.framework/Versions/A/Frameworks/JavaNativeFoundation.framework/Versions/A/JavaNativeFoundation
0x0000000122c24000 	/System/Library/Frameworks/JavaVM.framework/Versions/A/JavaVM
0x0000000000985000 	/System/Library/Frameworks/Carbon.framework/Versions/A/Carbon
0x000000010c9f5000 	/System/Library/PrivateFrameworks/JavaLaunching.framework/Versions/A/JavaLaunching
0x0000000000985000 	/System/Library/Frameworks/Carbon.framework/Versions/A/Frameworks/CommonPanels.framework/Versions/A/CommonPanels
0x0000000000985000 	/System/Library/Frameworks/Carbon.framework/Versions/A/Frameworks/Help.framework/Versions/A/Help
0x0000000000985000 	/System/Library/Frameworks/Carbon.framework/Versions/A/Frameworks/ImageCapture.framework/Versions/A/ImageCapture
0x0000000000985000 	/System/Library/Frameworks/Carbon.framework/Versions/A/Frameworks/OpenScripting.framework/Versions/A/OpenScripting
0x0000000000985000 	/System/Library/Frameworks/Carbon.framework/Versions/A/Frameworks/Print.framework/Versions/A/Print
0x0000000000985000 	/System/Library/Frameworks/Carbon.framework/Versions/A/Frameworks/SecurityHI.framework/Versions/A/SecurityHI
0x0000000124d2a000 	/private/var/folders/xv/9ssvllz17jj05pbxzq_60xnw0000gn/T/libjansi-64-8688631073698097927.jnilib
0x0000000124e94000 	/Library/Java/JavaVirtualMachines/jdk1.8.0_11.jdk/Contents/Home/jre/lib/libnet.dylib
0x0000000124eaa000 	/Library/Java/JavaVirtualMachines/jdk1.8.0_11.jdk/Contents/Home/jre/lib/libmanagement.dylib
0x0000000125005000 	/Library/Java/JavaVirtualMachines/jdk1.8.0_11.jdk/Contents/Home/jre/lib/libnio.dylib

VM Arguments:
jvm_args: -Dfile.encoding=UTF-8 -Xmx768M -Xms64M -Dgrails.fork.parent.process.port=49941 -Dgrails.fork.active=true -Dgrails.build.execution.context=/private/var/folders/xv/9ssvllz17jj05pbxzq_60xnw0000gn/T/Collab-Todo7528219438887127562grails-execution-context -Dgrails.home=/Users/admin/.gvm/grails/2.4.4 -javaagent:/Users/admin/.gvm/grails/2.4.4/lib/org.springframework/springloaded/jars/springloaded-1.2.1.RELEASE.jar -Xverify:none -Dspringloaded.synchronize=true -Djdk.reflect.allowGetCallerClass=true -Dspringloaded=profile=grails;cacheDir=/Users/admin/.grails/2.4.4 
java_command: org.grails.plugins.tomcat.fork.ForkedTomcatServer
java_class_path (initial): /Library/Java/JavaVirtualMachines/jdk1.8.0_11.jdk/Contents/Home/lib/tools.jar:/Users/admin/.gvm/grails/2.4.4/lib/org.codehaus.groovy/groovy-all/jars/groovy-all-2.3.7.jar:/Users/admin/.gvm/grails/2.4.4/lib/org.slf4j/jcl-over-slf4j/jars/jcl-over-slf4j-1.7.5.jar:/Users/admin/.gvm/grails/current/lib/org.codehaus.gant/gant_groovy1.8/jars/gant_groovy1.8-1.9.6.jar:/Users/admin/.gvm/grails/2.4.4/lib/org.apache.tomcat.embed/tomcat-embed-logging-log4j/jars/tomcat-embed-logging-log4j-7.0.50.jar:/Users/admin/.gvm/grails/2.4.4/dist/grails-plugin-log4j-2.4.4.jar:/Users/admin/.gvm/grails/2.4.4/lib/log4j/log4j/jars/log4j-1.2.17.jar:/Users/admin/.gvm/grails/2.4.4/dist/grails-bootstrap-2.4.4.jar:/Users/admin/.gvm/grails/2.4.4/lib/org.slf4j/slf4j-api/jars/slf4j-api-1.7.5.jar:/Users/admin/.gvm/grails/2.4.4/lib/jline/jline/jars/jline-2.12.jar:/Users/admin/.gvm/grails/2.4.4/lib/org.apache.ant/ant/jars/ant-1.8.4.jar:/Users/admin/.gvm/grails/2.4.4/lib/org.apache.ant/ant-launcher/jars/ant-launcher-1.8.4.jar:/Users/admin/.gvm/grails/2.4.4/lib/org.apache.ant/ant-trax/jars/ant-trax-1.7.1.jar:/Users/admin/.gvm/grails/2.4.4/lib/org.apache.ant/ant-junit/jars/ant-junit-1.8.4.jar:/Users/admin/.gvm/grails/2.4.4/lib/org.apache.ivy/ivy/jars/ivy-2.3.0.jar:/Users/admin/.gvm/grails/2.4.4/lib/org.fusesource.jansi/jansi/jars/jansi-1.11.jar:/Users/admin/.m2/repository/org/apache/tomcat/tomcat-catalina-ant/7.0.55/tomcat-catalina-ant-7.0.55.jar:/Users/admin/.m2/repository/org/apache/tomcat/embed/tomcat-embed-jasper/7.0.55/tomcat-embed-jasper-7.0.55.jar:/Users/admin/.m2/repository/org/apache/tomcat/embed/tomcat-embed-el/7.0.55/tomcat-embed-el-7.0.55.jar:/Users/admin/.m2/repository/org/apache/tomcat/embed/tomcat-embed-logging-log4j/7.0.55/tomcat-embed-logging-log4j-7.0.55.jar:/Users/admin/.m2/repository/org/apache/tomcat/embed/tomcat-embed-websocket/7.0.55/tomcat-embed-websocket-7.0.55.jar:/Users/admin/.m2/repository/org/apache/tomcat/embed/tomcat-embed-core/7.0.55/tomcat-embed-core
Launcher Type: SUN_STANDARD

Environment Variables:
JAVA_HOME=/Library/Java/JavaVirtualMachines/jdk1.8.0_11.jdk/Contents/Home
PATH=/Users/admin/.gvm/vertx/current/bin:/Users/admin/.gvm/springboot/current/bin:/Users/admin/.gvm/lazybones/current/bin:/Users/admin/.gvm/jbake/current/bin:/Users/admin/.gvm/groovyserv/current/bin:/Users/admin/.gvm/groovy/current/bin:/Users/admin/.gvm/griffon/current/bin:/Users/admin/.gvm/grails/current/bin:/Users/admin/.gvm/gradle/current/bin:/Users/admin/.gvm/glide/current/bin:/Users/admin/.gvm/gaiden/current/bin:/Users/admin/.gvm/crash/current/bin:/Users/admin/.gvm/asciidoctorj/current/bin:/usr/local/opt/groovy/libexec/bin:/usr/local/bin:/usr/bin:/bin:/usr/sbin:/sbin
SHELL=/bin/bash

Signal Handlers:
SIGSEGV: [libjvm.dylib+0x56059b], sa_mask[0]=0xfffefeff, sa_flags=0x00000043
SIGBUS: [libjvm.dylib+0x56059b], sa_mask[0]=0xfffefeff, sa_flags=0x00000042
SIGFPE: [libjvm.dylib+0x4438f2], sa_mask[0]=0xfffefeff, sa_flags=0x00000042
SIGPIPE: [libjvm.dylib+0x4438f2], sa_mask[0]=0xfffefeff, sa_flags=0x00000042
SIGXFSZ: [libjvm.dylib+0x4438f2], sa_mask[0]=0xfffefeff, sa_flags=0x00000042
SIGILL: [libjvm.dylib+0x4438f2], sa_mask[0]=0xfffefeff, sa_flags=0x00000042
SIGUSR1: SIG_DFL, sa_mask[0]=0x63807efb, sa_flags=0x00000000
SIGUSR2: [libjvm.dylib+0x443410], sa_mask[0]=0x00000004, sa_flags=0x00000042
SIGHUP: [libjvm.dylib+0x44179b], sa_mask[0]=0xfffefeff, sa_flags=0x00000042
SIGINT: [libjvm.dylib+0x44179b], sa_mask[0]=0xfffefeff, sa_flags=0x00000042
SIGTERM: [libjvm.dylib+0x44179b], sa_mask[0]=0xfffefeff, sa_flags=0x00000042
SIGQUIT: [libjvm.dylib+0x44179b], sa_mask[0]=0xfffefeff, sa_flags=0x00000042


---------------  S Y S T E M  ---------------

OS:Bsduname:Darwin 14.0.0 Darwin Kernel Version 14.0.0: Sat Sep 27 03:58:47 PDT 2014; root:xnu-2782.1.97~11/RELEASE_X86_64 x86_64
rlimit: STACK 8192k, CORE 0k, NPROC 709, NOFILE 10240, AS infinity
load average:4.18 2.27 1.86

CPU:total 8 (4 cores per cpu, 2 threads per core) family 6 model 58 stepping 9, cmov, cx8, fxsr, mmx, sse, sse2, sse3, ssse3, sse4.1, sse4.2, popcnt, avx, aes, clmul, erms, ht, tsc, tscinvbit

Memory: 4k page, physical 16777216k(2869964k free)

/proc/meminfo:


vm_info: Java HotSpot(TM) 64-Bit Server VM (25.11-b03) for bsd-amd64 JRE (1.8.0_11-b12), built on Jun 16 2014 17:39:42 by "java_re" with gcc 4.2.1 (Based on Apple Inc. build 5658) (LLVM build 2336.11.00)

time: Tue Mar 24 22:41:48 2015
elapsed time: 13 seconds

