#
# A fatal error has been detected by the Java Runtime Environment:
#
#  SIGSEGV (0xb) at pc=0x000000010d94e32f, pid=46243, tid=18691
#
# JRE version: Java(TM) SE Runtime Environment (8.0_11-b12) (build 1.8.0_11-b12)
# Java VM: Java HotSpot(TM) 64-Bit Server VM (25.11-b03 mixed mode bsd-amd64 compressed oops)
# Problematic frame:
# V  [libjvm.dylib+0x14e32f]
#
# Failed to write core dump. Core dumps have been disabled. To enable core dumping, try "ulimit -c unlimited" before starting Java again
#
# If you would like to submit a bug report, please visit:
#   http://bugreport.sun.com/bugreport/crash.jsp
#

---------------  T H R E A D  ---------------

Current thread (0x00007ff14281d800):  JavaThread "C2 CompilerThread0" daemon [_thread_in_native, id=18691, stack(0x000000012432e000,0x000000012442e000)]

siginfo:si_signo=SIGSEGV: si_errno=0, si_code=1 (SEGV_MAPERR), si_addr=0x000000000035001d

Registers:
RAX=0x00000000002037c3, RBX=0x00007ff1428334d0, RCX=0x00007ff145321890, RDX=0x00007ff142833410
RSP=0x000000012442bbb0, RBP=0x000000012442bbf0, RSI=0x0000000126243010, RDI=0x00007ff14696e158
R8 =0x000000010dc6f1bc, R9 =0x0000000126243010, R10=0x000000010e8c1f60, R11=0x0000000000005f18
R12=0x000000000035000d, R13=0x000000000000000c, R14=0x00007ff14696e100, R15=0x0000000000000043
RIP=0x000000010d94e32f, EFLAGS=0x0000000000010246, ERR=0x0000000000000004
  TRAPNO=0x000000000000000e

Top of Stack: (sp=0x000000012442bbb0)
0x000000012442bbb0:   000000012442c520 00007ff14696e158
0x000000012442bbc0:   00007ff14696e038 000000012442c520
0x000000012442bbd0:   00007ff14696e038 000000000000000c
0x000000012442bbe0:   00007ff14696e158 fffffffffffffff5
0x000000012442bbf0:   000000012442bc20 000000010dc6e636
0x000000012442bc00:   000000010e051ff0 00007ff14696e038
0x000000012442bc10:   000000012442beb8 fffffffffffffff5
0x000000012442bc20:   000000012442bca0 000000010da6dad8
0x000000012442bc30:   000000012442bc70 00007ff14520a030
0x000000012442bc40:   00007ff1453400f0 0000000000000000
0x000000012442bc50:   00007ff14696e158 0000002800000002
0x000000012442bc60:   00007ff14696e158 0000000000000000
0x000000012442bc70:   000000012442bca0 00007ff145872430
0x000000012442bc80:   000000012442beb8 0000000000000e6d
0x000000012442bc90:   00007ff144c765a0 0000000000000000
0x000000012442bca0:   000000012442bd80 000000010da1dd2f
0x000000012442bcb0:   000000012442beb8 00007ff14184e260
0x000000012442bcc0:   000000012442bd50 000000010da1f163
0x000000012442bcd0:   0000000000000000 00007ff100000001
0x000000012442bce0:   0000000100000000 0000000200000000
0x000000012442bcf0:   00007ff1fffffffc ffffff522442beb8
0x000000012442bd00:   0000000000000000 00000001000000b8
0x000000012442bd10:   fffffffc0033b790 000000012442beb8
0x000000012442bd20:   010000012442bd50 000000012442beb8
0x000000012442bd30:   000000012442bd60 00007ff140b2d3e0
0x000000012442bd40:   0000000200000000 00007ff14184d020
0x000000012442bd50:   000000000000005f 000000012442beb8
0x000000012442bd60:   000000010dd820c7 0000000000000e6d
0x000000012442bd70:   000000012442bfb0 0000000000000000
0x000000012442bd80:   000000012442bdb0 000000010dc5aad9
0x000000012442bd90:   000000012442beb8 00007ff14533c708
0x000000012442bda0:   0000000100000001 000000012442beb8 

Instructions: (pc=0x000000010d94e32f)
0x000000010d94e30f:   8b 49 28 48 8b 75 c0 48 8b 76 48 48 39 14 ce 75
0x000000010d94e31f:   dd 48 8b 4f 08 48 8b 04 c1 8b 40 28 4c 8b 24 c6
0x000000010d94e32f:   41 8b 44 24 10 83 f8 07 74 05 83 f8 06 75 07 49
0x000000010d94e33f:   8b 7c 24 18 eb 10 83 c0 f2 83 f8 06 77 51 4d 85 

Register to memory mapping:

RAX=0x00000000002037c3 is an unknown value
RBX=0x00007ff1428334d0 is an unknown value
RCX=0x00007ff145321890 is an unknown value
RDX=0x00007ff142833410 is an unknown value
RSP=0x000000012442bbb0 is pointing into the stack for thread: 0x00007ff14281d800
RBP=0x000000012442bbf0 is pointing into the stack for thread: 0x00007ff14281d800
RSI=0x0000000126243010 is an unknown value
RDI=0x00007ff14696e158 is an unknown value
R8 =0x000000010dc6f1bc: _ZNK11PhaseValues8saturateEPK4TypeS2_S2_+0 in /Library/Java/JavaVirtualMachines/jdk1.8.0_11.jdk/Contents/Home/jre/lib/server/libjvm.dylib at 0x000000010d800000
R9 =0x0000000126243010 is an unknown value
R10=0x000000010e8c1f60 is at code_begin+0 in 
[CodeBlob (0x000000010e8c1f10)]
Framesize: 4
Runtime Stub (0x000000010e8c1f10): _rethrow_Java
R11=0x0000000000005f18 is an unknown value
R12=0x000000000035000d is an unknown value
R13=0x000000000000000c is an unknown value
R14=0x00007ff14696e100 is an unknown value
R15=0x0000000000000043 is an unknown value


Stack: [0x000000012432e000,0x000000012442e000],  sp=0x000000012442bbb0,  free space=1014k
Native frames: (J=compiled Java code, j=interpreted, Vv=VM code, C=native code)
V  [libjvm.dylib+0x14e32f]
V  [libjvm.dylib+0x46e636]
V  [libjvm.dylib+0x26dad8]
V  [libjvm.dylib+0x21dd2f]
V  [libjvm.dylib+0x45aad9]
V  [libjvm.dylib+0x45abdf]
V  [libjvm.dylib+0x45aedb]
V  [libjvm.dylib+0x45ca4d]
V  [libjvm.dylib+0x14500e]
V  [libjvm.dylib+0x21ed5a]
V  [libjvm.dylib+0x464a58]
V  [libjvm.dylib+0x45abd7]
V  [libjvm.dylib+0x45aedb]
V  [libjvm.dylib+0x45ca4d]
V  [libjvm.dylib+0x14500e]
V  [libjvm.dylib+0x1a1383]
V  [libjvm.dylib+0x144992]
V  [libjvm.dylib+0x1a4e7a]
V  [libjvm.dylib+0x1a6f89]
V  [libjvm.dylib+0x51d86d]
V  [libjvm.dylib+0x51efaa]
V  [libjvm.dylib+0x446026]
C  [libsystem_pthread.dylib+0x32fc]  _pthread_body+0x83
C  [libsystem_pthread.dylib+0x3279]  _pthread_body+0x0
C  [libsystem_pthread.dylib+0x14b1]  thread_start+0xd


Current CompileTask:
C2:   4866 4829   !   4       java.beans.Introspector::getPublicDeclaredMethods (140 bytes)


---------------  P R O C E S S  ---------------

Java Threads: ( => current thread )
  0x00007ff145416000 JavaThread "Synchronizer (Spring UAA/1.0.1)" daemon [_thread_blocked, id=23311, stack(0x0000000126776000,0x0000000126876000)]
  0x00007ff140eee800 JavaThread "Timer-0" daemon [_thread_blocked, id=22787, stack(0x000000012703e000,0x000000012713e000)]
  0x00007ff141181800 JavaThread "NonBlockingInputStreamThread" daemon [_thread_blocked, id=22275, stack(0x0000000124d4d000,0x0000000124e4d000)]
  0x00007ff141959800 JavaThread "process reaper" daemon [_thread_blocked, id=21763, stack(0x0000000124d1f000,0x0000000124d47000)]
  0x00007ff141028800 JavaThread "Service Thread" daemon [_thread_blocked, id=20739, stack(0x000000012473a000,0x000000012483a000)]
  0x00007ff141027800 JavaThread "C1 CompilerThread3" daemon [_thread_blocked, id=20227, stack(0x0000000124637000,0x0000000124737000)]
  0x00007ff141010800 JavaThread "C2 CompilerThread2" daemon [_thread_in_native, id=19715, stack(0x0000000124534000,0x0000000124634000)]
  0x00007ff14281f000 JavaThread "C2 CompilerThread1" daemon [_thread_in_native, id=19203, stack(0x0000000124431000,0x0000000124531000)]
=>0x00007ff14281d800 JavaThread "C2 CompilerThread0" daemon [_thread_in_native, id=18691, stack(0x000000012432e000,0x000000012442e000)]
  0x00007ff142808000 JavaThread "Signal Dispatcher" daemon [_thread_blocked, id=14615, stack(0x000000012422b000,0x000000012432b000)]
  0x00007ff140818000 JavaThread "Finalizer" daemon [_thread_blocked, id=13571, stack(0x00000001228ef000,0x00000001229ef000)]
  0x00007ff140817000 JavaThread "Reference Handler" daemon [_thread_blocked, id=13059, stack(0x00000001227ec000,0x00000001228ec000)]
  0x00007ff141800000 JavaThread "main" [_thread_in_Java, id=4867, stack(0x000000010e6c2000,0x000000010e7c2000)]

Other Threads:
  0x00007ff140812800 VMThread [stack: 0x00000001226e9000,0x00000001227e9000] [id=12547]
  0x00007ff142826800 WatcherThread [stack: 0x000000012483d000,0x000000012493d000] [id=21251]

VM state:not at safepoint (normal execution)

VM Mutex/Monitor currently owned by a thread: None

Heap:
 PSYoungGen      total 95232K, used 26167K [0x00000007b0000000, 0x00000007b7400000, 0x00000007c0000000)
  eden space 88576K, 22% used [0x00000007b0000000,0x00000007b1328a88,0x00000007b5680000)
  from space 6656K, 98% used [0x00000007b6080000,0x00000007b66e5428,0x00000007b6700000)
  to   space 10240K, 0% used [0x00000007b5680000,0x00000007b5680000,0x00000007b6080000)
 ParOldGen       total 64000K, used 29769K [0x0000000790000000, 0x0000000793e80000, 0x00000007b0000000)
  object space 64000K, 46% used [0x0000000790000000,0x0000000791d12708,0x0000000793e80000)
 Metaspace       used 29990K, capacity 31420K, committed 31744K, reserved 1077248K
  class space    used 3548K, capacity 4007K, committed 4096K, reserved 1048576K

Card table byte_map: [0x000000011db84000,0x000000011dd05000] byte_map_base: 0x0000000119f04000

Marking Bits: (ParMarkBitMap*) 0x000000010e0670a0
 Begin Bits: [0x000000011e61d000, 0x000000011f21d000)
 End Bits:   [0x000000011f21d000, 0x000000011fe1d000)

Polling page: 0x000000010c7c8000

CodeCache: size=245760Kb used=16178Kb max_used=16714Kb free=229581Kb
 bounds [0x000000010e7c4000, 0x000000010f824000, 0x000000011d7c4000]
 total_blobs=5197 nmethods=4567 adapters=544
 compilation: enabled

Compilation events (10 events):
Event: 4.793 Thread 0x00007ff141027800 4836       3       org.codehaus.groovy.reflection.ClassInfo::lock (8 bytes)
Event: 4.794 Thread 0x00007ff141027800 nmethod 4836 0x000000010e8e5ad0 code [0x000000010e8e5ca0, 0x000000010e8e63f8]
Event: 4.796 Thread 0x00007ff141027800 4837       3       org.codehaus.groovy.reflection.ClassInfo::getMetaClassUnderLock (78 bytes)
Event: 4.797 Thread 0x00007ff141027800 nmethod 4837 0x000000010e90bdd0 code [0x000000010e90c020, 0x000000010e90cfc8]
Event: 4.803 Thread 0x00007ff141027800 4839       3       com.sun.org.apache.xerces.internal.util.ParserConfigurationSettings::checkFeature (39 bytes)
Event: 4.804 Thread 0x00007ff141027800 nmethod 4839 0x000000010e915e90 code [0x000000010e916020, 0x000000010e9163b8]
Event: 4.805 Thread 0x00007ff141027800 4840       3       com.sun.org.apache.xerces.internal.utils.XMLSecurityManager$Limit::values (10 bytes)
Event: 4.805 Thread 0x00007ff141027800 nmethod 4840 0x000000010ec62b90 code [0x000000010ec62d00, 0x000000010ec62fe8]
Event: 4.806 Thread 0x00007ff141027800 4841       1       java.util.zip.ZipFile::access$300 (5 bytes)
Event: 4.806 Thread 0x00007ff141027800 nmethod 4841 0x000000010eb84250 code [0x000000010eb843a0, 0x000000010eb84490]

GC Heap History (10 events):
Event: 2.813 GC heap before
{Heap before GC invocations=19 (full 0):
 PSYoungGen      total 72192K, used 64508K [0x00000007b0000000, 0x00000007b4b80000, 0x00000007c0000000)
  eden space 68096K, 92% used [0x00000007b0000000,0x00000007b3dd7258,0x00000007b4280000)
  from space 4096K, 28% used [0x00000007b4780000,0x00000007b48a8000,0x00000007b4b80000)
  to   space 4608K, 0% used [0x00000007b4280000,0x00000007b4280000,0x00000007b4700000)
 ParOldGen       total 64000K, used 16635K [0x0000000790000000, 0x0000000793e80000, 0x00000007b0000000)
  object space 64000K, 25% used [0x0000000790000000,0x000000079103ee30,0x0000000793e80000)
 Metaspace       used 20872K, capacity 21282K, committed 21296K, reserved 1069056K
  class space    used 2358K, capacity 2429K, committed 2432K, reserved 1048576K
Event: 2.815 GC heap after
Heap after GC invocations=19 (full 0):
 PSYoungGen      total 72704K, used 1314K [0x00000007b0000000, 0x00000007b6680000, 0x00000007c0000000)
  eden space 68096K, 0% used [0x00000007b0000000,0x00000007b0000000,0x00000007b4280000)
  from space 4608K, 28% used [0x00000007b4280000,0x00000007b43c8aa0,0x00000007b4700000)
  to   space 4608K, 0% used [0x00000007b6200000,0x00000007b6200000,0x00000007b6680000)
 ParOldGen       total 64000K, used 16915K [0x0000000790000000, 0x0000000793e80000, 0x00000007b0000000)
  object space 64000K, 26% used [0x0000000790000000,0x0000000791084e40,0x0000000793e80000)
 Metaspace       used 20872K, capacity 21282K, committed 21296K, reserved 1069056K
  class space    used 2358K, capacity 2429K, committed 2432K, reserved 1048576K
}
Event: 2.815 GC heap before
{Heap before GC invocations=20 (full 1):
 PSYoungGen      total 72704K, used 1314K [0x00000007b0000000, 0x00000007b6680000, 0x00000007c0000000)
  eden space 68096K, 0% used [0x00000007b0000000,0x00000007b0000000,0x00000007b4280000)
  from space 4608K, 28% used [0x00000007b4280000,0x00000007b43c8aa0,0x00000007b4700000)
  to   space 4608K, 0% used [0x00000007b6200000,0x00000007b6200000,0x00000007b6680000)
 ParOldGen       total 64000K, used 16915K [0x0000000790000000, 0x0000000793e80000, 0x00000007b0000000)
  object space 64000K, 26% used [0x0000000790000000,0x0000000791084e40,0x0000000793e80000)
 Metaspace       used 20872K, capacity 21282K, committed 21296K, reserved 1069056K
  class space    used 2358K, capacity 2429K, committed 2432K, reserved 1048576K
Event: 2.898 GC heap after
Heap after GC invocations=20 (full 1):
 PSYoungGen      total 72704K, used 0K [0x00000007b0000000, 0x00000007b6680000, 0x00000007c0000000)
  eden space 68096K, 0% used [0x00000007b0000000,0x00000007b0000000,0x00000007b4280000)
  from space 4608K, 0% used [0x00000007b4280000,0x00000007b4280000,0x00000007b4700000)
  to   space 4608K, 0% used [0x00000007b6200000,0x00000007b6200000,0x00000007b6680000)
 ParOldGen       total 64000K, used 15693K [0x0000000790000000, 0x0000000793e80000, 0x00000007b0000000)
  object space 64000K, 24% used [0x0000000790000000,0x0000000790f53750,0x0000000793e80000)
 Metaspace       used 20872K, capacity 21282K, committed 21296K, reserved 1069056K
  class space    used 2358K, capacity 2429K, committed 2432K, reserved 1048576K
}
Event: 3.503 GC heap before
{Heap before GC invocations=21 (full 1):
 PSYoungGen      total 72704K, used 68096K [0x00000007b0000000, 0x00000007b6680000, 0x00000007c0000000)
  eden space 68096K, 100% used [0x00000007b0000000,0x00000007b4280000,0x00000007b4280000)
  from space 4608K, 0% used [0x00000007b4280000,0x00000007b4280000,0x00000007b4700000)
  to   space 4608K, 0% used [0x00000007b6200000,0x00000007b6200000,0x00000007b6680000)
 ParOldGen       total 64000K, used 15693K [0x0000000790000000, 0x0000000793e80000, 0x00000007b0000000)
  object space 64000K, 24% used [0x0000000790000000,0x0000000790f53750,0x0000000793e80000)
 Metaspace       used 24458K, capacity 25144K, committed 25344K, reserved 1071104K
  class space    used 2829K, capacity 2971K, committed 3072K, reserved 1048576K
Event: 3.509 GC heap after
Heap after GC invocations=21 (full 1):
 PSYoungGen      total 81408K, used 4585K [0x00000007b0000000, 0x00000007b6680000, 0x00000007c0000000)
  eden space 76800K, 0% used [0x00000007b0000000,0x00000007b0000000,0x00000007b4b00000)
  from space 4608K, 99% used [0x00000007b6200000,0x00000007b667a660,0x00000007b6680000)
  to   space 6144K, 0% used [0x00000007b5a80000,0x00000007b5a80000,0x00000007b6080000)
 ParOldGen       total 64000K, used 17224K [0x0000000790000000, 0x0000000793e80000, 0x00000007b0000000)
  object space 64000K, 26% used [0x0000000790000000,0x00000007910d2268,0x0000000793e80000)
 Metaspace       used 24458K, capacity 25144K, committed 25344K, reserved 1071104K
  class space    used 2829K, capacity 2971K, committed 3072K, reserved 1048576K
}
Event: 4.053 GC heap before
{Heap before GC invocations=22 (full 1):
 PSYoungGen      total 81408K, used 81385K [0x00000007b0000000, 0x00000007b6680000, 0x00000007c0000000)
  eden space 76800K, 100% used [0x00000007b0000000,0x00000007b4b00000,0x00000007b4b00000)
  from space 4608K, 99% used [0x00000007b6200000,0x00000007b667a660,0x00000007b6680000)
  to   space 6144K, 0% used [0x00000007b5a80000,0x00000007b5a80000,0x00000007b6080000)
 ParOldGen       total 64000K, used 17224K [0x0000000790000000, 0x0000000793e80000, 0x00000007b0000000)
  object space 64000K, 26% used [0x0000000790000000,0x00000007910d2268,0x0000000793e80000)
 Metaspace       used 27769K, capacity 28712K, committed 29056K, reserved 1075200K
  class space    used 3283K, capacity 3607K, committed 3712K, reserved 1048576K
Event: 4.063 GC heap after
Heap after GC invocations=22 (full 1):
 PSYoungGen      total 93184K, used 6128K [0x00000007b0000000, 0x00000007b6700000, 0x00000007c0000000)
  eden space 87040K, 0% used [0x00000007b0000000,0x00000007b0000000,0x00000007b5500000)
  from space 6144K, 99% used [0x00000007b5a80000,0x00000007b607c010,0x00000007b6080000)
  to   space 6656K, 0% used [0x00000007b6080000,0x00000007b6080000,0x00000007b6700000)
 ParOldGen       total 64000K, used 23677K [0x0000000790000000, 0x0000000793e80000, 0x00000007b0000000)
  object space 64000K, 36% used [0x0000000790000000,0x000000079171f648,0x0000000793e80000)
 Metaspace       used 27769K, capacity 28712K, committed 29056K, reserved 1075200K
  class space    used 3283K, capacity 3607K, committed 3712K, reserved 1048576K
}
Event: 4.736 GC heap before
{Heap before GC invocations=23 (full 1):
 PSYoungGen      total 93184K, used 93168K [0x00000007b0000000, 0x00000007b6700000, 0x00000007c0000000)
  eden space 87040K, 100% used [0x00000007b0000000,0x00000007b5500000,0x00000007b5500000)
  from space 6144K, 99% used [0x00000007b5a80000,0x00000007b607c010,0x00000007b6080000)
  to   space 6656K, 0% used [0x00000007b6080000,0x00000007b6080000,0x00000007b6700000)
 ParOldGen       total 64000K, used 23677K [0x0000000790000000, 0x0000000793e80000, 0x00000007b0000000)
  object space 64000K, 36% used [0x0000000790000000,0x000000079171f648,0x0000000793e80000)
 Metaspace       used 29722K, capacity 31080K, committed 31360K, reserved 1077248K
  class space    used 3503K, capacity 3923K, committed 3968K, reserved 1048576K
Event: 4.745 GC heap after
Heap after GC invocations=23 (full 1):
 PSYoungGen      total 95232K, used 6549K [0x00000007b0000000, 0x00000007b7400000, 0x00000007c0000000)
  eden space 88576K, 0% used [0x00000007b0000000,0x00000007b0000000,0x00000007b5680000)
  from space 6656K, 98% used [0x00000007b6080000,0x00000007b66e5428,0x00000007b6700000)
  to   space 10240K, 0% used [0x00000007b5680000,0x00000007b5680000,0x00000007b6080000)
 ParOldGen       total 64000K, used 29769K [0x0000000790000000, 0x0000000793e80000, 0x00000007b0000000)
  object space 64000K, 46% used [0x0000000790000000,0x0000000791d12708,0x0000000793e80000)
 Metaspace       used 29722K, capacity 31080K, committed 31360K, reserved 1077248K
  class space    used 3503K, capacity 3923K, committed 3968K, reserved 1048576K
}

Deoptimization events (10 events):
Event: 3.886 Thread 0x00007ff141800000 Uncommon trap: reason=unreached action=reinterpret pc=0x000000010e9e40a8 method=java.lang.AbstractStringBuilder.append(Ljava/lang/String;)Ljava/lang/AbstractStringBuilder; @ 1
Event: 3.887 Thread 0x00007ff141800000 Uncommon trap: reason=unreached action=reinterpret pc=0x000000010f39d14c method=sun.util.calendar.ZoneInfo.getOffsets(J[II)I @ 4
Event: 3.965 Thread 0x00007ff141800000 Uncommon trap: reason=unreached action=reinterpret pc=0x000000010f3da15c method=groovy.lang.MetaClassImpl$2.methodNameAction(Ljava/lang/Class;Lorg/codehaus/groovy/runtime/metaclass/MetaMethodIndex$Entry;)V @ 144
Event: 3.982 Thread 0x00007ff141800000 Uncommon trap: reason=unreached action=reinterpret pc=0x000000010ed4dba4 method=org.codehaus.groovy.runtime.metaclass.MetaMethodIndex.isNonRealMethod(Lgroovy/lang/MetaMethod;)Z @ 11
Event: 4.134 Thread 0x00007ff141800000 Uncommon trap: reason=class_check action=maybe_recompile pc=0x000000010f1c004c method=java.lang.AbstractStringBuilder.append(Ljava/lang/CharSequence;II)Ljava/lang/AbstractStringBuilder; @ 18
Event: 4.144 Thread 0x00007ff141800000 Uncommon trap: reason=class_check action=maybe_recompile pc=0x000000010f5b4ab4 method=java.net.URLStreamHandler.sameFile(Ljava/net/URL;Ljava/net/URL;)Z @ 126
Event: 4.144 Thread 0x00007ff141800000 Uncommon trap: reason=class_check action=maybe_recompile pc=0x000000010f5b4ab4 method=java.net.URLStreamHandler.sameFile(Ljava/net/URL;Ljava/net/URL;)Z @ 126
Event: 4.273 Thread 0x00007ff141800000 Uncommon trap: reason=class_check action=maybe_recompile pc=0x000000010f5b4ab4 method=java.net.URLStreamHandler.sameFile(Ljava/net/URL;Ljava/net/URL;)Z @ 126
Event: 4.273 Thread 0x00007ff141800000 Uncommon trap: reason=class_check action=maybe_recompile pc=0x000000010f5b4ab4 method=java.net.URLStreamHandler.sameFile(Ljava/net/URL;Ljava/net/URL;)Z @ 126
Event: 4.714 Thread 0x00007ff141800000 Uncommon trap: reason=class_check action=maybe_recompile pc=0x000000010f17dc3c method=java.util.Hashtable.put(Ljava/lang/Object;Ljava/lang/Object;)Ljava/lang/Object; @ 60

Internal exceptions (10 events):
Event: 4.800 Thread 0x00007ff141800000 Exception <a 'java/security/PrivilegedActionException'> (0x00000007b08c3018) thrown at [/HUDSON3/workspace/8-2-build-macosx-x86_64/jdk8u11/648/hotspot/src/share/vm/prims/jvm.cpp, line 1248]
Event: 4.800 Thread 0x00007ff141800000 Exception <a 'java/security/PrivilegedActionException'> (0x00000007b08c7490) thrown at [/HUDSON3/workspace/8-2-build-macosx-x86_64/jdk8u11/648/hotspot/src/share/vm/prims/jvm.cpp, line 1248]
Event: 4.800 Thread 0x00007ff141800000 Exception <a 'java/security/PrivilegedActionException'> (0x00000007b08cc4a0) thrown at [/HUDSON3/workspace/8-2-build-macosx-x86_64/jdk8u11/648/hotspot/src/share/vm/prims/jvm.cpp, line 1248]
Event: 4.800 Thread 0x00007ff141800000 Exception <a 'java/security/PrivilegedActionException'> (0x00000007b08ebf38) thrown at [/HUDSON3/workspace/8-2-build-macosx-x86_64/jdk8u11/648/hotspot/src/share/vm/prims/jvm.cpp, line 1248]
Event: 4.800 Thread 0x00007ff141800000 Exception <a 'java/security/PrivilegedActionException'> (0x00000007b08f0370) thrown at [/HUDSON3/workspace/8-2-build-macosx-x86_64/jdk8u11/648/hotspot/src/share/vm/prims/jvm.cpp, line 1248]
Event: 4.800 Thread 0x00007ff141800000 Exception <a 'java/security/PrivilegedActionException'> (0x00000007b08f5380) thrown at [/HUDSON3/workspace/8-2-build-macosx-x86_64/jdk8u11/648/hotspot/src/share/vm/prims/jvm.cpp, line 1248]
Event: 4.801 Thread 0x00007ff141800000 Exception <a 'java/security/PrivilegedActionException'> (0x00000007b08fdfd8) thrown at [/HUDSON3/workspace/8-2-build-macosx-x86_64/jdk8u11/648/hotspot/src/share/vm/prims/jvm.cpp, line 1248]
Event: 4.801 Thread 0x00007ff141800000 Exception <a 'java/lang/ClassNotFoundException': org/codehaus/groovy/grails/resolve/PluginInstallEngine$_checkExistingPluginInstall_closure7Customizer> (0x00000007b08ffea8) thrown at [/HUDSON3/workspace/8-2-build-macosx-x86_64/jdk8u11/648/hotspot/src/shar
Event: 4.803 Thread 0x00007ff141800000 Exception <a 'java/security/PrivilegedActionException'> (0x00000007b0943668) thrown at [/HUDSON3/workspace/8-2-build-macosx-x86_64/jdk8u11/648/hotspot/src/share/vm/prims/jvm.cpp, line 1248]
Event: 4.807 Thread 0x00007ff141800000 Exception <a 'java/security/PrivilegedActionException'> (0x00000007b0969310) thrown at [/HUDSON3/workspace/8-2-build-macosx-x86_64/jdk8u11/648/hotspot/src/share/vm/prims/jvm.cpp, line 1248]

Events (10 events):
Event: 4.799 loading class org/codehaus/groovy/grails/resolve/PluginInstallEngine$_checkExistingPluginInstall_closure7BeanInfo
Event: 4.799 loading class org/codehaus/groovy/grails/resolve/PluginInstallEngine$_checkExistingPluginInstall_closure7BeanInfo done
Event: 4.799 loading class org/codehaus/groovy/grails/resolve/PluginInstallEngine$_checkExistingPluginInstall_closure7BeanInfo
Event: 4.799 loading class org/codehaus/groovy/grails/resolve/PluginInstallEngine$_checkExistingPluginInstall_closure7BeanInfo done
Event: 4.800 loading class org/codehaus/groovy/grails/resolve/PluginInstallEngine$_checkExistingPluginInstall_closure7Customizer
Event: 4.800 loading class org/codehaus/groovy/grails/resolve/PluginInstallEngine$_checkExistingPluginInstall_closure7Customizer done
Event: 4.800 loading class org/codehaus/groovy/grails/resolve/PluginInstallEngine$_checkExistingPluginInstall_closure7Customizer
Event: 4.800 loading class org/codehaus/groovy/grails/resolve/PluginInstallEngine$_checkExistingPluginInstall_closure7Customizer done
Event: 4.801 loading class org/codehaus/groovy/grails/resolve/PluginInstallEngine$_checkExistingPluginInstall_closure7Customizer
Event: 4.801 loading class org/codehaus/groovy/grails/resolve/PluginInstallEngine$_checkExistingPluginInstall_closure7Customizer done


Dynamic libraries:
0x0000000000985000 	/System/Library/Frameworks/Cocoa.framework/Versions/A/Cocoa
0x0000000000985000 	/System/Library/Frameworks/Security.framework/Versions/A/Security
0x0000000000985000 	/System/Library/Frameworks/ApplicationServices.framework/Versions/A/ApplicationServices
0x0000000000985000 	/usr/lib/libz.1.dylib
0x0000000000985000 	/usr/lib/libSystem.B.dylib
0x0000000000985000 	/usr/lib/libobjc.A.dylib
0x0000000000985000 	/System/Library/Frameworks/CoreFoundation.framework/Versions/A/CoreFoundation
0x0000000000985000 	/System/Library/Frameworks/Foundation.framework/Versions/C/Foundation
0x0000000000985000 	/System/Library/Frameworks/AppKit.framework/Versions/C/AppKit
0x0000000000985000 	/System/Library/Frameworks/CoreData.framework/Versions/A/CoreData
0x0000000000985000 	/System/Library/PrivateFrameworks/RemoteViewServices.framework/Versions/A/RemoteViewServices
0x0000000000985000 	/System/Library/PrivateFrameworks/UIFoundation.framework/Versions/A/UIFoundation
0x0000000000985000 	/System/Library/Frameworks/IOSurface.framework/Versions/A/IOSurface
0x0000000000985000 	/System/Library/Frameworks/AudioToolbox.framework/Versions/A/AudioToolbox
0x0000000000985000 	/System/Library/Frameworks/AudioUnit.framework/Versions/A/AudioUnit
0x0000000000985000 	/System/Library/PrivateFrameworks/DataDetectorsCore.framework/Versions/A/DataDetectorsCore
0x0000000000985000 	/System/Library/PrivateFrameworks/DesktopServicesPriv.framework/Versions/A/DesktopServicesPriv
0x0000000000985000 	/System/Library/Frameworks/Carbon.framework/Versions/A/Frameworks/HIToolbox.framework/Versions/A/HIToolbox
0x0000000000985000 	/System/Library/Frameworks/QuartzCore.framework/Versions/A/QuartzCore
0x0000000000985000 	/System/Library/Frameworks/Carbon.framework/Versions/A/Frameworks/SpeechRecognition.framework/Versions/A/SpeechRecognition
0x0000000000985000 	/usr/lib/libauto.dylib
0x0000000000985000 	/usr/lib/libicucore.A.dylib
0x0000000000985000 	/usr/lib/libxml2.2.dylib
0x0000000000985000 	/System/Library/PrivateFrameworks/CoreUI.framework/Versions/A/CoreUI
0x0000000000985000 	/System/Library/Frameworks/CoreAudio.framework/Versions/A/CoreAudio
0x0000000000985000 	/System/Library/Frameworks/DiskArbitration.framework/Versions/A/DiskArbitration
0x0000000000985000 	/usr/lib/liblangid.dylib
0x0000000000985000 	/System/Library/PrivateFrameworks/MultitouchSupport.framework/Versions/A/MultitouchSupport
0x0000000000985000 	/System/Library/Frameworks/IOKit.framework/Versions/A/IOKit
0x0000000000985000 	/usr/lib/libDiagnosticMessagesClient.dylib
0x0000000000985000 	/System/Library/Frameworks/CoreServices.framework/Versions/A/CoreServices
0x0000000000985000 	/System/Library/PrivateFrameworks/PerformanceAnalysis.framework/Versions/A/PerformanceAnalysis
0x0000000000985000 	/System/Library/PrivateFrameworks/GenerationalStorage.framework/Versions/A/GenerationalStorage
0x0000000000985000 	/System/Library/Frameworks/OpenGL.framework/Versions/A/OpenGL
0x0000000000985000 	/System/Library/PrivateFrameworks/Sharing.framework/Versions/A/Sharing
0x0000000000985000 	/System/Library/Frameworks/CoreGraphics.framework/Versions/A/CoreGraphics
0x0000000000985000 	/System/Library/Frameworks/CoreText.framework/Versions/A/CoreText
0x0000000000985000 	/System/Library/Frameworks/ImageIO.framework/Versions/A/ImageIO
0x0000000000985000 	/usr/lib/libextension.dylib
0x0000000000985000 	/System/Library/PrivateFrameworks/Backup.framework/Versions/A/Backup
0x0000000000985000 	/usr/lib/libarchive.2.dylib
0x0000000000985000 	/System/Library/Frameworks/CFNetwork.framework/Versions/A/CFNetwork
0x0000000000985000 	/System/Library/Frameworks/SystemConfiguration.framework/Versions/A/SystemConfiguration
0x0000000000985000 	/usr/lib/libCRFSuite.dylib
0x0000000000985000 	/usr/lib/libc++.1.dylib
0x0000000000985000 	/usr/lib/libc++abi.dylib
0x0000000000985000 	/usr/lib/system/libcache.dylib
0x0000000000985000 	/usr/lib/system/libcommonCrypto.dylib
0x0000000000985000 	/usr/lib/system/libcompiler_rt.dylib
0x0000000000985000 	/usr/lib/system/libcopyfile.dylib
0x0000000000985000 	/usr/lib/system/libcorecrypto.dylib
0x0000000000985000 	/usr/lib/system/libdispatch.dylib
0x0000000000985000 	/usr/lib/system/libdyld.dylib
0x0000000000985000 	/usr/lib/system/libkeymgr.dylib
0x0000000000985000 	/usr/lib/system/liblaunch.dylib
0x0000000000985000 	/usr/lib/system/libmacho.dylib
0x0000000000985000 	/usr/lib/system/libquarantine.dylib
0x0000000000985000 	/usr/lib/system/libremovefile.dylib
0x0000000000985000 	/usr/lib/system/libsystem_asl.dylib
0x0000000000985000 	/usr/lib/system/libsystem_blocks.dylib
0x0000000000985000 	/usr/lib/system/libsystem_c.dylib
0x0000000000985000 	/usr/lib/system/libsystem_configuration.dylib
0x0000000000985000 	/usr/lib/system/libsystem_coreservices.dylib
0x0000000000985000 	/usr/lib/system/libsystem_coretls.dylib
0x0000000000985000 	/usr/lib/system/libsystem_dnssd.dylib
0x0000000000985000 	/usr/lib/system/libsystem_info.dylib
0x0000000000985000 	/usr/lib/system/libsystem_kernel.dylib
0x0000000000985000 	/usr/lib/system/libsystem_m.dylib
0x0000000000985000 	/usr/lib/system/libsystem_malloc.dylib
0x0000000000985000 	/usr/lib/system/libsystem_network.dylib
0x0000000000985000 	/usr/lib/system/libsystem_networkextension.dylib
0x0000000000985000 	/usr/lib/system/libsystem_notify.dylib
0x0000000000985000 	/usr/lib/system/libsystem_platform.dylib
0x0000000000985000 	/usr/lib/system/libsystem_pthread.dylib
0x0000000000985000 	/usr/lib/system/libsystem_sandbox.dylib
0x0000000000985000 	/usr/lib/system/libsystem_secinit.dylib
0x0000000000985000 	/usr/lib/system/libsystem_stats.dylib
0x0000000000985000 	/usr/lib/system/libsystem_trace.dylib
0x0000000000985000 	/usr/lib/system/libunc.dylib
0x0000000000985000 	/usr/lib/system/libunwind.dylib
0x0000000000985000 	/usr/lib/system/libxpc.dylib
0x0000000000985000 	/usr/lib/libbz2.1.0.dylib
0x0000000000985000 	/usr/lib/liblzma.5.dylib
0x0000000000985000 	/usr/lib/libbsm.0.dylib
0x0000000000985000 	/usr/lib/libsqlite3.dylib
0x0000000000985000 	/usr/lib/system/libkxld.dylib
0x0000000000985000 	/usr/lib/libxar.1.dylib
0x0000000000985000 	/usr/lib/libpam.2.dylib
0x0000000000985000 	/usr/lib/libOpenScriptingUtil.dylib
0x0000000000985000 	/System/Library/Frameworks/CoreServices.framework/Versions/A/Frameworks/FSEvents.framework/Versions/A/FSEvents
0x0000000000985000 	/System/Library/Frameworks/CoreServices.framework/Versions/A/Frameworks/CarbonCore.framework/Versions/A/CarbonCore
0x0000000000985000 	/System/Library/Frameworks/CoreServices.framework/Versions/A/Frameworks/Metadata.framework/Versions/A/Metadata
0x0000000000985000 	/System/Library/Frameworks/CoreServices.framework/Versions/A/Frameworks/OSServices.framework/Versions/A/OSServices
0x0000000000985000 	/System/Library/Frameworks/CoreServices.framework/Versions/A/Frameworks/SearchKit.framework/Versions/A/SearchKit
0x0000000000985000 	/System/Library/Frameworks/CoreServices.framework/Versions/A/Frameworks/AE.framework/Versions/A/AE
0x0000000000985000 	/System/Library/Frameworks/CoreServices.framework/Versions/A/Frameworks/LaunchServices.framework/Versions/A/LaunchServices
0x0000000000985000 	/System/Library/Frameworks/CoreServices.framework/Versions/A/Frameworks/DictionaryServices.framework/Versions/A/DictionaryServices
0x0000000000985000 	/System/Library/Frameworks/NetFS.framework/Versions/A/NetFS
0x0000000000985000 	/System/Library/PrivateFrameworks/NetAuth.framework/Versions/A/NetAuth
0x0000000000985000 	/System/Library/PrivateFrameworks/login.framework/Versions/A/Frameworks/loginsupport.framework/Versions/A/loginsupport
0x0000000000985000 	/System/Library/PrivateFrameworks/TCC.framework/Versions/A/TCC
0x0000000000985000 	/usr/lib/libmecabra.dylib
0x0000000000985000 	/System/Library/PrivateFrameworks/LanguageModeling.framework/Versions/A/LanguageModeling
0x0000000000985000 	/usr/lib/libcmph.dylib
0x0000000000985000 	/usr/lib/libiconv.2.dylib
0x0000000000985000 	/System/Library/Frameworks/OpenDirectory.framework/Versions/A/Frameworks/CFOpenDirectory.framework/Versions/A/CFOpenDirectory
0x0000000000985000 	/System/Library/Frameworks/ServiceManagement.framework/Versions/A/ServiceManagement
0x0000000000985000 	/usr/lib/libxslt.1.dylib
0x0000000000985000 	/System/Library/Frameworks/Carbon.framework/Versions/A/Frameworks/Ink.framework/Versions/A/Ink
0x0000000000985000 	/System/Library/Frameworks/ApplicationServices.framework/Versions/A/Frameworks/ATS.framework/Versions/A/ATS
0x0000000000985000 	/System/Library/Frameworks/ApplicationServices.framework/Versions/A/Frameworks/ColorSync.framework/Versions/A/ColorSync
0x0000000000985000 	/System/Library/Frameworks/ApplicationServices.framework/Versions/A/Frameworks/HIServices.framework/Versions/A/HIServices
0x0000000000985000 	/System/Library/Frameworks/ApplicationServices.framework/Versions/A/Frameworks/LangAnalysis.framework/Versions/A/LangAnalysis
0x0000000000985000 	/System/Library/Frameworks/ApplicationServices.framework/Versions/A/Frameworks/PrintCore.framework/Versions/A/PrintCore
0x0000000000985000 	/System/Library/Frameworks/ApplicationServices.framework/Versions/A/Frameworks/QD.framework/Versions/A/QD
0x0000000000985000 	/System/Library/Frameworks/ApplicationServices.framework/Versions/A/Frameworks/SpeechSynthesis.framework/Versions/A/SpeechSynthesis
0x0000000000985000 	/System/Library/Frameworks/Accelerate.framework/Versions/A/Accelerate
0x0000000000985000 	/System/Library/Frameworks/Accelerate.framework/Versions/A/Frameworks/vImage.framework/Versions/A/vImage
0x0000000000985000 	/System/Library/Frameworks/Accelerate.framework/Versions/A/Frameworks/vecLib.framework/Versions/A/vecLib
0x0000000000985000 	/System/Library/Frameworks/Accelerate.framework/Versions/A/Frameworks/vecLib.framework/Versions/A/libvDSP.dylib
0x0000000000985000 	/System/Library/Frameworks/Accelerate.framework/Versions/A/Frameworks/vecLib.framework/Versions/A/libvMisc.dylib
0x0000000000985000 	/System/Library/Frameworks/Accelerate.framework/Versions/A/Frameworks/vecLib.framework/Versions/A/libLAPACK.dylib
0x0000000000985000 	/System/Library/Frameworks/Accelerate.framework/Versions/A/Frameworks/vecLib.framework/Versions/A/libBLAS.dylib
0x0000000000985000 	/System/Library/Frameworks/Accelerate.framework/Versions/A/Frameworks/vecLib.framework/Versions/A/libLinearAlgebra.dylib
0x0000000000985000 	/System/Library/Frameworks/ApplicationServices.framework/Versions/A/Frameworks/ATS.framework/Versions/A/Resources/libFontParser.dylib
0x0000000000985000 	/System/Library/Frameworks/ApplicationServices.framework/Versions/A/Frameworks/ATS.framework/Versions/A/Resources/libFontRegistry.dylib
0x0000000000985000 	/System/Library/PrivateFrameworks/AppleVPA.framework/Versions/A/AppleVPA
0x0000000000985000 	/System/Library/PrivateFrameworks/AppleJPEG.framework/Versions/A/AppleJPEG
0x0000000000985000 	/System/Library/Frameworks/ImageIO.framework/Versions/A/Resources/libJPEG.dylib
0x0000000000985000 	/System/Library/Frameworks/ImageIO.framework/Versions/A/Resources/libTIFF.dylib
0x0000000000985000 	/System/Library/Frameworks/ImageIO.framework/Versions/A/Resources/libPng.dylib
0x0000000000985000 	/System/Library/Frameworks/ImageIO.framework/Versions/A/Resources/libGIF.dylib
0x0000000000985000 	/System/Library/Frameworks/ImageIO.framework/Versions/A/Resources/libJP2.dylib
0x0000000000985000 	/System/Library/Frameworks/ImageIO.framework/Versions/A/Resources/libRadiance.dylib
0x0000000000985000 	/System/Library/Frameworks/CoreVideo.framework/Versions/A/CoreVideo
0x0000000000985000 	/System/Library/Frameworks/OpenGL.framework/Versions/A/Libraries/libGLU.dylib
0x0000000000985000 	/System/Library/Frameworks/OpenGL.framework/Versions/A/Libraries/libGFXShared.dylib
0x0000000000985000 	/System/Library/Frameworks/OpenGL.framework/Versions/A/Libraries/libGL.dylib
0x0000000000985000 	/System/Library/Frameworks/OpenGL.framework/Versions/A/Libraries/libGLImage.dylib
0x0000000000985000 	/System/Library/Frameworks/OpenGL.framework/Versions/A/Libraries/libCVMSPluginSupport.dylib
0x0000000000985000 	/System/Library/Frameworks/OpenGL.framework/Versions/A/Libraries/libCoreVMClient.dylib
0x0000000000985000 	/usr/lib/libcups.2.dylib
0x0000000000985000 	/System/Library/Frameworks/Kerberos.framework/Versions/A/Kerberos
0x0000000000985000 	/System/Library/Frameworks/GSS.framework/Versions/A/GSS
0x0000000000985000 	/usr/lib/libresolv.9.dylib
0x0000000000985000 	/System/Library/PrivateFrameworks/Heimdal.framework/Versions/A/Heimdal
0x0000000000985000 	/usr/lib/libheimdal-asn1.dylib
0x0000000000985000 	/System/Library/Frameworks/OpenDirectory.framework/Versions/A/OpenDirectory
0x0000000000985000 	/System/Library/PrivateFrameworks/CommonAuth.framework/Versions/A/CommonAuth
0x0000000000985000 	/System/Library/Frameworks/SecurityFoundation.framework/Versions/A/SecurityFoundation
0x0000000000985000 	/System/Library/Frameworks/QuartzCore.framework/Versions/A/Frameworks/CoreImage.framework/Versions/A/CoreImage
0x0000000000985000 	/System/Library/PrivateFrameworks/CrashReporterSupport.framework/Versions/A/CrashReporterSupport
0x0000000000985000 	/System/Library/Frameworks/OpenCL.framework/Versions/A/OpenCL
0x0000000000985000 	/System/Library/PrivateFrameworks/FaceCore.framework/Versions/A/FaceCore
0x0000000000985000 	/System/Library/PrivateFrameworks/Ubiquity.framework/Versions/A/Ubiquity
0x0000000000985000 	/System/Library/PrivateFrameworks/IconServices.framework/Versions/A/IconServices
0x0000000000985000 	/System/Library/PrivateFrameworks/ChunkingLibrary.framework/Versions/A/ChunkingLibrary
0x0000000000985000 	/System/Library/PrivateFrameworks/Apple80211.framework/Versions/A/Apple80211
0x0000000000985000 	/System/Library/Frameworks/CoreWLAN.framework/Versions/A/CoreWLAN
0x0000000000985000 	/System/Library/Frameworks/IOBluetooth.framework/Versions/A/IOBluetooth
0x0000000000985000 	/System/Library/PrivateFrameworks/CoreWiFi.framework/Versions/A/CoreWiFi
0x0000000000985000 	/System/Library/Frameworks/CoreBluetooth.framework/Versions/A/CoreBluetooth
0x0000000000985000 	/System/Library/PrivateFrameworks/DebugSymbols.framework/Versions/A/DebugSymbols
0x0000000000985000 	/System/Library/PrivateFrameworks/CoreSymbolication.framework/Versions/A/CoreSymbolication
0x0000000000985000 	/System/Library/PrivateFrameworks/Symbolication.framework/Versions/A/Symbolication
0x0000000000985000 	/System/Library/PrivateFrameworks/SpeechRecognitionCore.framework/Versions/A/SpeechRecognitionCore
0x000000010d800000 	/Library/Java/JavaVirtualMachines/jdk1.8.0_11.jdk/Contents/Home/jre/lib/server/libjvm.dylib
0x0000000000985000 	/usr/lib/libstdc++.6.dylib
0x000000010c786000 	/Library/Java/JavaVirtualMachines/jdk1.8.0_11.jdk/Contents/Home/jre/lib/libverify.dylib
0x000000010c794000 	/Library/Java/JavaVirtualMachines/jdk1.8.0_11.jdk/Contents/Home/jre/lib/libjava.dylib
0x000000010c7d2000 	/Library/Java/JavaVirtualMachines/jdk1.8.0_11.jdk/Contents/Home/jre/lib/libzip.dylib
0x00000001229f1000 	/System/Library/Frameworks/JavaVM.framework/Frameworks/JavaRuntimeSupport.framework/JavaRuntimeSupport
0x000000010c7eb000 	/System/Library/Frameworks/JavaVM.framework/Versions/A/Frameworks/JavaNativeFoundation.framework/Versions/A/JavaNativeFoundation
0x0000000122a07000 	/System/Library/Frameworks/JavaVM.framework/Versions/A/JavaVM
0x0000000000985000 	/System/Library/Frameworks/Carbon.framework/Versions/A/Carbon
0x0000000122a13000 	/System/Library/PrivateFrameworks/JavaLaunching.framework/Versions/A/JavaLaunching
0x0000000000985000 	/System/Library/Frameworks/Carbon.framework/Versions/A/Frameworks/CommonPanels.framework/Versions/A/CommonPanels
0x0000000000985000 	/System/Library/Frameworks/Carbon.framework/Versions/A/Frameworks/Help.framework/Versions/A/Help
0x0000000000985000 	/System/Library/Frameworks/Carbon.framework/Versions/A/Frameworks/ImageCapture.framework/Versions/A/ImageCapture
0x0000000000985000 	/System/Library/Frameworks/Carbon.framework/Versions/A/Frameworks/OpenScripting.framework/Versions/A/OpenScripting
0x0000000000985000 	/System/Library/Frameworks/Carbon.framework/Versions/A/Frameworks/Print.framework/Versions/A/Print
0x0000000000985000 	/System/Library/Frameworks/Carbon.framework/Versions/A/Frameworks/SecurityHI.framework/Versions/A/SecurityHI
0x0000000124d49000 	/private/var/folders/xv/9ssvllz17jj05pbxzq_60xnw0000gn/T/libjansi-64-8762521510982836495.jnilib
0x0000000124a68000 	/Library/Java/JavaVirtualMachines/jdk1.8.0_11.jdk/Contents/Home/jre/lib/libnet.dylib
0x0000000124aaa000 	/Library/Java/JavaVirtualMachines/jdk1.8.0_11.jdk/Contents/Home/jre/lib/libnio.dylib
0x0000000124b7a000 	/Library/Java/JavaVirtualMachines/jdk1.8.0_11.jdk/Contents/Home/jre/lib/libosx.dylib
0x0000000124c28000 	/Library/Java/JavaVirtualMachines/jdk1.8.0_11.jdk/Contents/Home/jre/lib/./libosxapp.dylib
0x0000000000985000 	/System/Library/Frameworks/ExceptionHandling.framework/Versions/A/ExceptionHandling
0x0000000125320000 	/Library/Java/JavaVirtualMachines/jdk1.8.0_11.jdk/Contents/Home/jre/lib/libsunec.dylib

VM Arguments:
jvm_args: -Xmx768M -Xms64M -Dfile.encoding=UTF-8 -Dgrails.home=/Users/admin/.gvm/grails/current -Dtools.jar=/Library/Java/JavaVirtualMachines/jdk1.8.0_11.jdk/Contents/Home/lib/tools.jar -Djava.net.preferIPv4Stack=true 
java_command: org.codehaus.groovy.grails.cli.support.GrailsStarter --main org.codehaus.groovy.grails.cli.GrailsScriptRunner --conf /Users/admin/.gvm/grails/current/conf/groovy-starter.conf --classpath   run-app
java_class_path (initial): /Users/admin/.gvm/grails/current/lib/org.codehaus.groovy/groovy-all/jars/groovy-all-2.3.7.jar:/Users/admin/.gvm/grails/current/dist/grails-bootstrap-2.4.4.jar:/System/Library/Java/Support
Launcher Type: SUN_STANDARD

Environment Variables:
JAVA_HOME=/Library/Java/JavaVirtualMachines/jdk1.8.0_11.jdk/Contents/Home
PATH=/Users/admin/.gvm/vertx/current/bin:/Users/admin/.gvm/springboot/current/bin:/Users/admin/.gvm/lazybones/current/bin:/Users/admin/.gvm/jbake/current/bin:/Users/admin/.gvm/groovyserv/current/bin:/Users/admin/.gvm/groovy/current/bin:/Users/admin/.gvm/griffon/current/bin:/Users/admin/.gvm/grails/current/bin:/Users/admin/.gvm/gradle/current/bin:/Users/admin/.gvm/glide/current/bin:/Users/admin/.gvm/gaiden/current/bin:/Users/admin/.gvm/crash/current/bin:/Users/admin/.gvm/asciidoctorj/current/bin:/usr/local/opt/groovy/libexec/bin:/usr/local/bin:/usr/bin:/bin:/usr/sbin:/sbin
SHELL=/bin/bash

Signal Handlers:
SIGSEGV: [libjvm.dylib+0x56059b], sa_mask[0]=0xfffefeff, sa_flags=0x00000043
SIGBUS: [libjvm.dylib+0x56059b], sa_mask[0]=0xfffefeff, sa_flags=0x00000042
SIGFPE: [libjvm.dylib+0x4438f2], sa_mask[0]=0xfffefeff, sa_flags=0x00000042
SIGPIPE: [libjvm.dylib+0x4438f2], sa_mask[0]=0xfffefeff, sa_flags=0x00000042
SIGXFSZ: [libjvm.dylib+0x4438f2], sa_mask[0]=0xfffefeff, sa_flags=0x00000042
SIGILL: [libjvm.dylib+0x4438f2], sa_mask[0]=0xfffefeff, sa_flags=0x00000042
SIGUSR1: SIG_DFL, sa_mask[0]=0x63807efb, sa_flags=0x00000000
SIGUSR2: [libjvm.dylib+0x443410], sa_mask[0]=0x00000000, sa_flags=0x00000042
SIGHUP: [libjvm.dylib+0x44179b], sa_mask[0]=0xfffefeff, sa_flags=0x00000042
SIGINT: [libjvm.dylib+0x44179b], sa_mask[0]=0xfffefeff, sa_flags=0x00000042
SIGTERM: [libjvm.dylib+0x44179b], sa_mask[0]=0xfffefeff, sa_flags=0x00000042
SIGQUIT: [libjvm.dylib+0x44179b], sa_mask[0]=0xfffefeff, sa_flags=0x00000042


---------------  S Y S T E M  ---------------

OS:Bsduname:Darwin 14.0.0 Darwin Kernel Version 14.0.0: Sat Sep 27 03:58:47 PDT 2014; root:xnu-2782.1.97~11/RELEASE_X86_64 x86_64
rlimit: STACK 8192k, CORE 0k, NPROC 709, NOFILE 10240, AS infinity
load average:1.94 2.16 2.00

CPU:total 8 (4 cores per cpu, 2 threads per core) family 6 model 58 stepping 9, cmov, cx8, fxsr, mmx, sse, sse2, sse3, ssse3, sse4.1, sse4.2, popcnt, avx, aes, clmul, erms, ht, tsc, tscinvbit

Memory: 4k page, physical 16777216k(3681708k free)

/proc/meminfo:


vm_info: Java HotSpot(TM) 64-Bit Server VM (25.11-b03) for bsd-amd64 JRE (1.8.0_11-b12), built on Jun 16 2014 17:39:42 by "java_re" with gcc 4.2.1 (Based on Apple Inc. build 5658) (LLVM build 2336.11.00)

time: Tue Mar 24 22:51:17 2015
elapsed time: 4 seconds

